2024-06-10 08:44:34 error: uncaughtException: options.port should be >= 0 and < 65536. Received type number (NaN).
RangeError [ERR_SOCKET_BAD_PORT]: options.port should be >= 0 and < 65536. Received type number (NaN).
    at new NodeError (node:internal/errors:405:5)
    at validatePort (node:internal/validators:409:11)
    at Server.listen (node:net:1945:5)
    at Function.listen (C:\Users\gorel\Documents\Personales\uread\server\node_modules\express\lib\application.js:618:24)
    at App (C:\Users\gorel\Documents\Personales\uread\server\src\app.ts:103:24)
    at startServer (C:\Users\gorel\Documents\Personales\uread\server\src\server.ts:4:8)
    at Object.<anonymous> (C:\Users\gorel\Documents\Personales\uread\server\src\server.ts:6:1)
    at Module._compile (node:internal/modules/cjs/loader:1364:14)
    at Module.m._compile (C:\Users\gorel\AppData\Roaming\nvm\v18.20.3\node_modules\ts-node\src\index.ts:1618:23)
    at Module._extensions..js (node:internal/modules/cjs/loader:1422:10)
    at Object.require.extensions.<computed> [as .ts] (C:\Users\gorel\AppData\Roaming\nvm\v18.20.3\node_modules\ts-node\src\index.ts:1621:12)
    at Module.load (node:internal/modules/cjs/loader:1203:32)
    at Function.Module._load (node:internal/modules/cjs/loader:1019:12)
    at Function.executeUserEntryPoint [as runMain] (node:internal/modules/run_main:128:12)
    at phase4 (C:\Users\gorel\AppData\Roaming\nvm\v18.20.3\node_modules\ts-node\src\bin.ts:649:14)
    at bootstrap (C:\Users\gorel\AppData\Roaming\nvm\v18.20.3\node_modules\ts-node\src\bin.ts:95:10)
2024-06-10 08:50:31 error: uncaughtException: options.port should be >= 0 and < 65536. Received type number (NaN).
RangeError [ERR_SOCKET_BAD_PORT]: options.port should be >= 0 and < 65536. Received type number (NaN).
    at new NodeError (node:internal/errors:405:5)
    at validatePort (node:internal/validators:409:11)
    at Server.listen (node:net:1945:5)
    at Function.listen (C:\Users\gorel\Documents\Personales\uread\server\node_modules\express\lib\application.js:618:24)
    at App (C:\Users\gorel\Documents\Personales\uread\server\src\app.ts:103:24)
    at startServer (C:\Users\gorel\Documents\Personales\uread\server\src\server.ts:4:8)
    at Object.<anonymous> (C:\Users\gorel\Documents\Personales\uread\server\src\server.ts:6:1)
    at Module._compile (node:internal/modules/cjs/loader:1364:14)
    at Module.m._compile (C:\Users\gorel\AppData\Roaming\nvm\v18.20.3\node_modules\ts-node\src\index.ts:1618:23)
    at Module._extensions..js (node:internal/modules/cjs/loader:1422:10)
    at Object.require.extensions.<computed> [as .ts] (C:\Users\gorel\AppData\Roaming\nvm\v18.20.3\node_modules\ts-node\src\index.ts:1621:12)
    at Module.load (node:internal/modules/cjs/loader:1203:32)
    at Function.Module._load (node:internal/modules/cjs/loader:1019:12)
    at Function.executeUserEntryPoint [as runMain] (node:internal/modules/run_main:128:12)
    at phase4 (C:\Users\gorel\AppData\Roaming\nvm\v18.20.3\node_modules\ts-node\src\bin.ts:649:14)
    at bootstrap (C:\Users\gorel\AppData\Roaming\nvm\v18.20.3\node_modules\ts-node\src\bin.ts:95:10)
2024-06-10 09:26:49 error: uncaughtException: options.port should be >= 0 and < 65536. Received type number (NaN).
RangeError [ERR_SOCKET_BAD_PORT]: options.port should be >= 0 and < 65536. Received type number (NaN).
    at new NodeError (node:internal/errors:405:5)
    at validatePort (node:internal/validators:409:11)
    at Server.listen (node:net:1945:5)
    at Function.listen (C:\Users\gorel\Documents\Personales\uread\server\node_modules\express\lib\application.js:618:24)
    at App (C:\Users\gorel\Documents\Personales\uread\server\src\app.ts:103:24)
    at startServer (C:\Users\gorel\Documents\Personales\uread\server\src\server.ts:4:8)
    at Object.<anonymous> (C:\Users\gorel\Documents\Personales\uread\server\src\server.ts:6:1)
    at Module._compile (node:internal/modules/cjs/loader:1364:14)
    at Module.m._compile (C:\Users\gorel\AppData\Roaming\nvm\v18.20.3\node_modules\ts-node\src\index.ts:1618:23)
    at Module._extensions..js (node:internal/modules/cjs/loader:1422:10)
    at Object.require.extensions.<computed> [as .ts] (C:\Users\gorel\AppData\Roaming\nvm\v18.20.3\node_modules\ts-node\src\index.ts:1621:12)
    at Module.load (node:internal/modules/cjs/loader:1203:32)
    at Function.Module._load (node:internal/modules/cjs/loader:1019:12)
    at Function.executeUserEntryPoint [as runMain] (node:internal/modules/run_main:128:12)
    at phase4 (C:\Users\gorel\AppData\Roaming\nvm\v18.20.3\node_modules\ts-node\src\bin.ts:649:14)
    at bootstrap (C:\Users\gorel\AppData\Roaming\nvm\v18.20.3\node_modules\ts-node\src\bin.ts:95:10)
2024-06-10 09:51:28 error: uncaughtException: options.port should be >= 0 and < 65536. Received type number (NaN).
RangeError [ERR_SOCKET_BAD_PORT]: options.port should be >= 0 and < 65536. Received type number (NaN).
    at new NodeError (node:internal/errors:405:5)
    at validatePort (node:internal/validators:409:11)
    at Server.listen (node:net:1945:5)
    at Function.listen (C:\Users\gorel\Documents\Personales\uread\server\node_modules\express\lib\application.js:618:24)
    at App (C:\Users\gorel\Documents\Personales\uread\server\src\app.ts:106:24)
    at startServer (C:\Users\gorel\Documents\Personales\uread\server\src\server.ts:4:8)
    at Object.<anonymous> (C:\Users\gorel\Documents\Personales\uread\server\src\server.ts:6:1)
    at Module._compile (node:internal/modules/cjs/loader:1364:14)
    at Module.m._compile (C:\Users\gorel\AppData\Roaming\nvm\v18.20.3\node_modules\ts-node\src\index.ts:1618:23)
    at Module._extensions..js (node:internal/modules/cjs/loader:1422:10)
    at Object.require.extensions.<computed> [as .ts] (C:\Users\gorel\AppData\Roaming\nvm\v18.20.3\node_modules\ts-node\src\index.ts:1621:12)
    at Module.load (node:internal/modules/cjs/loader:1203:32)
    at Function.Module._load (node:internal/modules/cjs/loader:1019:12)
    at Function.executeUserEntryPoint [as runMain] (node:internal/modules/run_main:128:12)
    at phase4 (C:\Users\gorel\AppData\Roaming\nvm\v18.20.3\node_modules\ts-node\src\bin.ts:649:14)
    at bootstrap (C:\Users\gorel\AppData\Roaming\nvm\v18.20.3\node_modules\ts-node\src\bin.ts:95:10)
