2025-03-27 20:47:53 error: [POST] /api/login >> StatusCode:: 409, Message:: Contraseña incorrecta
2025-03-27 21:41:46 error: uncaughtException: EPIPE: broken pipe, write
Error: EPIPE: broken pipe, write
    at Socket._write (node:internal/net:61:25)
    at writeOrBuffer (node:internal/streams/writable:392:12)
    at _write (node:internal/streams/writable:333:10)
    at Socket.Writable.write (node:internal/streams/writable:337:10)
    at Console.log (C:\Users\gorel\Documents\Personales\uread\node_modules\winston\lib\winston\transports\console.js:79:23)
    at Console._write (C:\Users\gorel\Documents\Personales\uread\node_modules\winston-transport\index.js:103:17)
    at doWrite (C:\Users\gorel\Documents\Personales\uread\node_modules\winston-transport\node_modules\readable-stream\lib\_stream_writable.js:428:64)
    at writeOrBuffer (C:\Users\gorel\Documents\Personales\uread\node_modules\winston-transport\node_modules\readable-stream\lib\_stream_writable.js:417:5)
    at Console.Writable.write (C:\Users\gorel\Documents\Personales\uread\node_modules\winston-transport\node_modules\readable-stream\lib\_stream_writable.js:334:11)
    at DerivedLogger.ondata (C:\Users\gorel\Documents\Personales\uread\node_modules\readable-stream\lib\_stream_readable.js:681:20)
    at DerivedLogger.emit (node:events:529:35)
    at DerivedLogger.emit (node:domain:489:12)
    at addChunk (C:\Users\gorel\Documents\Personales\uread\node_modules\readable-stream\lib\_stream_readable.js:298:12)
    at readableAddChunk (C:\Users\gorel\Documents\Personales\uread\node_modules\readable-stream\lib\_stream_readable.js:280:11)
    at DerivedLogger.Readable.push (C:\Users\gorel\Documents\Personales\uread\node_modules\readable-stream\lib\_stream_readable.js:241:10)
    at DerivedLogger.Transform.push (C:\Users\gorel\Documents\Personales\uread\node_modules\readable-stream\lib\_stream_transform.js:139:32)
2025-03-27 21:41:46 error: uncaughtException: EPIPE: broken pipe, write
Error: EPIPE: broken pipe, write
    at Socket._write (node:internal/net:61:25)
    at writeOrBuffer (node:internal/streams/writable:392:12)
    at _write (node:internal/streams/writable:333:10)
    at Socket.Writable.write (node:internal/streams/writable:337:10)
    at console.value (node:internal/console/constructor:305:16)
    at console.warn (node:internal/console/constructor:385:26)
    at writeOut (node:internal/process/warning:60:3)
    at process.onWarning (node:internal/process/warning:123:3)
    at process.emit (node:events:517:28)
    at process.emit (node:domain:489:12)
    at process.emit.sharedData.processEmitHook.installedValue [as emit] (C:\Users\gorel\Documents\Personales\uread\node_modules\@cspotcode\source-map-support\source-map-support.js:613:40)
    at doEmitWarning (node:internal/process/warning:89:11)
    at processTicksAndRejections (node:internal/process/task_queues:81:21)
2025-03-27 21:41:47 error: uncaughtException: EPIPE: broken pipe, write
Error: EPIPE: broken pipe, write
    at Socket._write (node:internal/net:61:25)
    at writeOrBuffer (node:internal/streams/writable:392:12)
    at _write (node:internal/streams/writable:333:10)
    at Socket.Writable.write (node:internal/streams/writable:337:10)
    at console.value (node:internal/console/constructor:305:16)
    at console.log (node:internal/console/constructor:380:26)
    at NativeCollection.$print (C:\Users\gorel\Documents\Personales\uread\node_modules\mongoose\lib\drivers\node-mongodb-native\collection.js:308:11)
    at NativeCollection.<computed> [as ensureIndex] (C:\Users\gorel\Documents\Personales\uread\node_modules\mongoose\lib\drivers\node-mongodb-native\collection.js:231:14)
    at NativeCollection.create (C:\Users\gorel\Documents\Personales\uread\node_modules\mongoose\lib\model.js:1753:33)
    at NativeCollection.Collection.doQueue (C:\Users\gorel\Documents\Personales\uread\node_modules\mongoose\lib\collection.js:137:17)
    at C:\Users\gorel\Documents\Personales\uread\node_modules\mongoose\lib\collection.js:82:24
    at processTicksAndRejections (node:internal/process/task_queues:77:11)
2025-03-27 21:41:47 error: uncaughtException: EPIPE: broken pipe, write
Error: EPIPE: broken pipe, write
    at Socket._write (node:internal/net:61:25)
    at writeOrBuffer (node:internal/streams/writable:392:12)
    at _write (node:internal/streams/writable:333:10)
    at Socket.Writable.write (node:internal/streams/writable:337:10)
    at console.value (node:internal/console/constructor:305:16)
    at console.warn (node:internal/console/constructor:385:26)
    at writeOut (node:internal/process/warning:60:3)
    at process.onWarning (node:internal/process/warning:123:3)
    at process.emit (node:events:517:28)
    at process.emit (node:domain:489:12)
    at process.emit.sharedData.processEmitHook.installedValue [as emit] (C:\Users\gorel\Documents\Personales\uread\node_modules\@cspotcode\source-map-support\source-map-support.js:613:40)
    at doEmitWarning (node:internal/process/warning:89:11)
    at processTicksAndRejections (node:internal/process/task_queues:81:21)
2025-03-27 21:41:47 error: uncaughtException: EPIPE: broken pipe, write
Error: EPIPE: broken pipe, write
    at Socket._write (node:internal/net:61:25)
    at writeOrBuffer (node:internal/streams/writable:392:12)
    at _write (node:internal/streams/writable:333:10)
    at Socket.Writable.write (node:internal/streams/writable:337:10)
    at console.value (node:internal/console/constructor:305:16)
    at console.log (node:internal/console/constructor:380:26)
    at NativeCollection.$print (C:\Users\gorel\Documents\Personales\uread\node_modules\mongoose\lib\drivers\node-mongodb-native\collection.js:308:11)
    at NativeCollection.<computed> [as findOne] (C:\Users\gorel\Documents\Personales\uread\node_modules\mongoose\lib\drivers\node-mongodb-native\collection.js:231:14)
    at NodeCollection.findOne (C:\Users\gorel\Documents\Personales\uread\node_modules\mquery\lib\collection\node.js:42:19)
    at model.Query.Query.findOne (C:\Users\gorel\Documents\Personales\uread\node_modules\mquery\lib\mquery.js:2024:20)
    at model.Query.<anonymous> (C:\Users\gorel\Documents\Personales\uread\node_modules\mongoose\lib\query.js:2245:22)
    at model.Query._wrappedThunk [as _findOne] (C:\Users\gorel\Documents\Personales\uread\node_modules\mongoose\lib\helpers\query\wrapThunk.js:16:8)
    at C:\Users\gorel\Documents\Personales\uread\node_modules\kareem\index.js:370:33
    at processTicksAndRejections (node:internal/process/task_queues:77:11)
    at runNextTicks (node:internal/process/task_queues:64:3)
    at processImmediate (node:internal/timers:447:9)
2025-03-27 21:41:48 error: uncaughtException: EPIPE: broken pipe, write
Error: EPIPE: broken pipe, write
    at Socket._write (node:internal/net:61:25)
    at writeOrBuffer (node:internal/streams/writable:392:12)
    at _write (node:internal/streams/writable:333:10)
    at Socket.Writable.write (node:internal/streams/writable:337:10)
    at console.value (node:internal/console/constructor:305:16)
    at console.log (node:internal/console/constructor:380:26)
    at NativeCollection.$print (C:\Users\gorel\Documents\Personales\uread\node_modules\mongoose\lib\drivers\node-mongodb-native\collection.js:308:11)
    at NativeCollection.<computed> [as findOne] (C:\Users\gorel\Documents\Personales\uread\node_modules\mongoose\lib\drivers\node-mongodb-native\collection.js:231:14)
    at NodeCollection.findOne (C:\Users\gorel\Documents\Personales\uread\node_modules\mquery\lib\collection\node.js:42:19)
    at model.Query.Query.findOne (C:\Users\gorel\Documents\Personales\uread\node_modules\mquery\lib\mquery.js:2024:20)
    at model.Query.<anonymous> (C:\Users\gorel\Documents\Personales\uread\node_modules\mongoose\lib\query.js:2245:22)
    at model.Query._wrappedThunk [as _findOne] (C:\Users\gorel\Documents\Personales\uread\node_modules\mongoose\lib\helpers\query\wrapThunk.js:16:8)
    at C:\Users\gorel\Documents\Personales\uread\node_modules\kareem\index.js:370:33
    at processTicksAndRejections (node:internal/process/task_queues:77:11)
2025-03-27 21:41:48 error: uncaughtException: EPIPE: broken pipe, write
Error: EPIPE: broken pipe, write
    at Socket._write (node:internal/net:61:25)
    at writeOrBuffer (node:internal/streams/writable:392:12)
    at _write (node:internal/streams/writable:333:10)
    at Socket.Writable.write (node:internal/streams/writable:337:10)
    at console.value (node:internal/console/constructor:305:16)
    at console.log (node:internal/console/constructor:380:26)
    at Object.initAccessControl (C:\Users\gorel\Documents\Personales\uread\src\services\accessControl.service.ts:41:17)
    at processTicksAndRejections (node:internal/process/task_queues:95:5)
    at async connectToDatabase (C:\Users\gorel\Documents\Personales\uread\src\app.ts:35:9)
