2024-08-14 02:37:13 info: [0mGET / [32m200[0m 3.751 ms - 919[0m
2024-08-14 02:37:14 info: [0mGET /assets/icon/uread/uread_logo_violet.png [32m200[0m 3.627 ms - 47403[0m
2024-08-14 03:51:31 info: [0mGET / [32m200[0m 3.611 ms - 919[0m
2024-08-14 05:26:43 info: [0mGET / [32m200[0m 3.421 ms - 919[0m
2024-08-14 05:36:45 info: [0mGET / [32m200[0m 2.731 ms - 919[0m
2024-08-14 05:36:46 info: [0mGET / [32m200[0m 2.598 ms - 919[0m
2024-08-14 05:36:46 info: [0mGET /static/js/main.e4c50bab.js [32m200[0m 3.893 ms - -[0m
2024-08-14 05:36:46 info: [0mGET /static/css/main.050d2dee.css [32m200[0m 6.611 ms - -[0m
2024-08-14 05:36:47 info: [0mGET /static/js/22.7358c59f.chunk.js [32m200[0m 3.619 ms - 830[0m
2024-08-14 05:36:47 info: [0mGET /api/roles/getRoles [32m200[0m 78.951 ms - 444[0m
2024-08-14 05:36:47 info: [0mGET /static/media/uread-bg.3641732f25b237933187.jpg [32m200[0m 4.513 ms - 27265[0m
2024-08-14 05:36:48 info: [0mGET /api/roles/getRoles [36m304[0m 76.841 ms - -[0m
2024-08-14 05:36:48 info: [0mGET /assets/icon/uread/uread_logo_transparente.png [32m200[0m 2.419 ms - 148295[0m
2024-08-14 05:36:48 info: [0mGET /static/media/arcoiris_.48d4c4af2cb79297c22b.jpg [32m200[0m 5.874 ms - 29472[0m
2024-08-14 05:36:48 info: [0mGET /assets/images/einstein.svg [32m200[0m 4.989 ms - -[0m
2024-08-14 05:36:48 info: [0mGET /static/js/272.8c717504.chunk.js [32m200[0m 3.197 ms - -[0m
2024-08-14 06:41:43 info: [0mGET / [32m200[0m 3.677 ms - 919[0m
2024-08-14 06:41:43 info: [0mGET /static/css/main.050d2dee.css [32m200[0m 3.465 ms - -[0m
2024-08-14 06:41:43 info: [0mGET /static/js/main.e4c50bab.js [32m200[0m 3.259 ms - -[0m
2024-08-14 06:41:44 info: [0mGET /static/js/22.7358c59f.chunk.js [32m200[0m 3.698 ms - 830[0m
2024-08-14 06:41:44 info: [0mGET /assets/icon/uread/uread_logo_transparente.png [32m200[0m 2.758 ms - 148295[0m
2024-08-14 06:41:44 info: [0mGET /api/roles/getRoles [32m200[0m 88.469 ms - 444[0m
2024-08-14 06:41:44 info: [0mGET /static/media/arcoiris_.48d4c4af2cb79297c22b.jpg [32m200[0m 7.940 ms - 29472[0m
2024-08-14 06:41:44 info: [0mGET /assets/images/einstein.svg [32m200[0m 9.892 ms - -[0m
2024-08-14 06:41:44 info: [0mGET /static/media/uread-bg.3641732f25b237933187.jpg [32m200[0m 6.932 ms - 27265[0m
2024-08-14 06:41:44 info: [0mGET /api/roles/getRoles [36m304[0m 81.674 ms - -[0m
2024-08-14 06:41:44 info: [0mGET /manifest.json [32m200[0m 3.461 ms - 438[0m
2024-08-14 06:41:44 info: [0mGET /assets/icon/uread/uread_logo_violet.png [32m200[0m 7.170 ms - 47403[0m
2024-08-14 06:41:44 info: [0mGET /static/js/272.8c717504.chunk.js [32m200[0m 8.794 ms - -[0m
2024-08-14 06:41:51 info: [0mGET /api/roles/getRoles [36m304[0m 76.692 ms - -[0m
2024-08-14 06:41:53 info: [0mGET /api/roles/getRoles [36m304[0m 82.295 ms - -[0m
2024-08-14 06:41:54 info: [0mGET /api/roles/getRoles [36m304[0m 76.074 ms - -[0m
2024-08-14 06:42:01 info: [0mGET /api/roles/getRoles [36m304[0m 78.525 ms - -[0m
2024-08-14 06:42:25 info: [0mGET / [36m304[0m 2.153 ms - -[0m
2024-08-14 06:42:25 info: [0mGET /static/css/main.050d2dee.css [36m304[0m 2.188 ms - -[0m
2024-08-14 06:42:25 info: [0mGET /static/js/main.e4c50bab.js [32m200[0m 2.951 ms - -[0m
2024-08-14 06:42:27 info: [0mGET /static/js/22.7358c59f.chunk.js [36m304[0m 4.994 ms - -[0m
2024-08-14 06:42:27 info: [0mGET /api/roles/getRoles [36m304[0m 82.603 ms - -[0m
2024-08-14 06:42:27 info: [0mGET /assets/icon/uread/uread_logo_transparente.png [36m304[0m 2.589 ms - -[0m
2024-08-14 06:42:27 info: [0mGET /assets/images/einstein.svg [36m304[0m 2.579 ms - -[0m
2024-08-14 06:42:27 info: [0mGET /static/media/arcoiris_.48d4c4af2cb79297c22b.jpg [36m304[0m 2.107 ms - -[0m
2024-08-14 06:42:27 info: [0mGET /static/media/uread-bg.3641732f25b237933187.jpg [36m304[0m 1.954 ms - -[0m
2024-08-14 06:42:27 info: [0mPOST /api/users/getUserById [32m200[0m 169.636 ms - 514[0m
2024-08-14 06:42:27 info: [0mGET /api/roles/getRoles [36m304[0m 79.858 ms - -[0m
2024-08-14 06:42:27 info: [0mGET /assets/icon/uread/uread_logo_violet.png [32m200[0m 3.110 ms - 47403[0m
2024-08-14 06:42:27 info: [0mGET /static/js/272.8c717504.chunk.js [36m304[0m 2.174 ms - -[0m
2024-08-14 06:42:27 info: [0mGET /static/js/186.89271e25.chunk.js [36m304[0m 2.800 ms - -[0m
2024-08-14 06:42:27 info: [0mGET /manifest.json [36m304[0m 1.975 ms - -[0m
2024-08-14 06:42:27 info: [0mGET /assets/icon/icon.png [36m304[0m 2.210 ms - -[0m
2024-08-14 06:42:27 info: [0mGET /api/contenido/leerContenidosBasicos [36m304[0m 540.331 ms - -[0m
2024-08-14 06:42:34 info: [0mGET /static/js/856.7f3de634.chunk.js [36m304[0m 3.539 ms - -[0m
2024-08-14 06:42:40 info: [0mGET /assets/images/languages/es.png [36m304[0m 3.498 ms - -[0m
2024-08-14 06:42:40 info: [0mGET /assets/images/languages/en.png [36m304[0m 9.660 ms - -[0m
2024-08-14 06:42:40 info: [0mGET /assets/icon/pdf-icon.png [36m304[0m 3.170 ms - -[0m
2024-08-14 07:21:05 info: [0mGET /library [32m200[0m 5.883 ms - 919[0m
2024-08-14 07:21:05 info: [0mGET /static/css/main.050d2dee.css [36m304[0m 2.548 ms - -[0m
2024-08-14 07:21:05 info: [0mGET /static/js/main.e4c50bab.js [36m304[0m 2.825 ms - -[0m
2024-08-14 07:21:08 info: [0mGET /static/js/22.7358c59f.chunk.js [36m304[0m 2.553 ms - -[0m
2024-08-14 07:21:08 info: [0mGET /api/roles/getRoles [36m304[0m 81.189 ms - -[0m
2024-08-14 07:21:08 info: [0mPOST /api/users/getUserById [32m200[0m 166.964 ms - 514[0m
2024-08-14 07:21:08 info: [0mGET /assets/icon/uread/uread_logo_transparente.png [36m304[0m 2.362 ms - -[0m
2024-08-14 07:21:08 info: [0mGET /manifest.json [36m304[0m 2.343 ms - -[0m
2024-08-14 07:21:08 info: [0mGET /api/roles/getRoles [36m304[0m 80.318 ms - -[0m
2024-08-14 07:21:09 info: [0mGET /assets/icon/icon.png [36m304[0m 2.655 ms - -[0m
2024-08-14 07:21:09 info: [0mGET /api/contenido/leerContenidosBasicos [36m304[0m 562.489 ms - -[0m
2024-08-14 07:31:27 info: [0mGET //wp-includes/css/dashicons.min.css [32m200[0m 4.513 ms - 919[0m
2024-08-14 07:31:30 info: [0mGET //wordpress/wp-includes/css/dashicons.min.css [32m200[0m 62.388 ms - 919[0m
2024-08-14 07:39:31 info: [0mGET /static/media/arcoiris_.48d4c4af2cb79297c22b.jpg [36m304[0m 2.149 ms - -[0m
2024-08-14 07:39:31 info: [0mGET /static/js/186.89271e25.chunk.js [36m304[0m 2.555 ms - -[0m
2024-08-14 07:39:31 info: [0mGET /static/js/272.8c717504.chunk.js [36m304[0m 2.059 ms - -[0m
2024-08-14 09:56:08 info: [0mGET / [32m200[0m 3.576 ms - 919[0m
2024-08-14 09:56:10 info: [0mGET /favicon.ico [32m200[0m 4.316 ms - 919[0m
2024-08-14 09:56:10 info: [0mGET /assets/icon/uread/uread_logo_violet.png [32m200[0m 2.612 ms - 47403[0m
2024-08-14 14:37:39 info: [0mGET / [32m200[0m 3.513 ms - 919[0m
2024-08-14 15:03:06 info: [0mGET / [32m200[0m 3.491 ms - 919[0m
2024-08-14 15:35:11 info: [0mGET / [32m200[0m 3.320 ms - 919[0m
2024-08-14 16:23:44 info: [0mGET / [32m200[0m 3.097 ms - 919[0m
2024-08-14 16:37:50 info: [0mGET / [32m200[0m 2.543 ms - 919[0m
2024-08-14 16:41:44 info: [0mGET / [32m200[0m 2.843 ms - 919[0m
2024-08-14 16:45:27 info: [0mGET / [32m200[0m 3.414 ms - 919[0m
2024-08-14 17:47:34 info: [0mGET / [32m200[0m 2.775 ms - 919[0m
2024-08-14 17:53:38 info: [0mGET / [32m200[0m 3.619 ms - 919[0m
2024-08-14 18:40:42 info: [0mGET / [32m200[0m 4.434 ms - 919[0m
2024-08-14 18:40:43 info: [0mGET /static/js/main.e4c50bab.js [32m200[0m 6.177 ms - -[0m
2024-08-14 18:40:43 info: [0mGET /static/css/main.050d2dee.css [36m304[0m 2.220 ms - -[0m
2024-08-14 18:40:45 info: [0mGET /static/js/22.7358c59f.chunk.js [36m304[0m 2.333 ms - -[0m
2024-08-14 18:40:45 info: [0mGET /assets/icon/uread/uread_logo_violet.png [32m200[0m 3.696 ms - 47403[0m
2024-08-14 18:40:45 info: [0mGET /assets/icon/uread/uread_logo_transparente.png [32m200[0m 2.629 ms - 148295[0m
2024-08-14 18:40:45 info: [0mGET /assets/images/einstein.svg [32m200[0m 3.866 ms - -[0m
2024-08-14 18:40:45 info: [0mGET /static/media/arcoiris_.48d4c4af2cb79297c22b.jpg [32m200[0m 6.370 ms - 29472[0m
2024-08-14 18:40:46 info: [0mGET /api/roles/getRoles [36m304[0m 641.118 ms - -[0m
2024-08-14 18:40:46 info: [0mPOST /api/users/getUserById [32m200[0m 584.858 ms - 506[0m
2024-08-14 18:40:46 info: [0mGET /api/roles/getRoles [36m304[0m 72.463 ms - -[0m
2024-08-14 18:40:46 info: [0mGET /static/media/uread-bg.3641732f25b237933187.jpg [32m200[0m 4.279 ms - 27265[0m
2024-08-14 18:40:46 info: [0mGET /static/js/272.8c717504.chunk.js [32m200[0m 5.807 ms - -[0m
2024-08-14 18:40:46 info: [0mGET /static/js/186.89271e25.chunk.js [32m200[0m 10.249 ms - -[0m
2024-08-14 18:40:46 info: [0mGET /manifest.json [36m304[0m 4.197 ms - -[0m
2024-08-14 18:40:46 info: [0mGET /api/contenido/leerContenidosBasicos [32m200[0m 515.656 ms - -[0m
2024-08-14 18:40:46 info: [0mGET /assets/icon/icon.png [32m200[0m 4.545 ms - 23794[0m
2024-08-14 18:40:55 info: [0mGET /static/js/856.7f3de634.chunk.js [32m200[0m 4.426 ms - -[0m
2024-08-14 18:41:20 info: [0mGET / [32m200[0m 3.227 ms - 919[0m
2024-08-14 18:41:20 info: [0mGET /static/css/main.050d2dee.css [32m200[0m 11.595 ms - -[0m
2024-08-14 18:41:20 info: [0mGET /static/js/main.e4c50bab.js [32m200[0m 3.138 ms - -[0m
2024-08-14 18:41:21 info: [0mGET /assets/icon/uread/uread_logo_transparente.png [0m-[0m - ms - -[0m
2024-08-14 18:41:21 info: [0mGET /static/js/22.7358c59f.chunk.js [32m200[0m 7.678 ms - 830[0m
2024-08-14 18:41:21 info: [0mGET /static/media/uread-bg.3641732f25b237933187.jpg [32m200[0m 15.710 ms - 27265[0m
2024-08-14 18:41:21 info: [0mGET /static/media/arcoiris_.48d4c4af2cb79297c22b.jpg [32m200[0m 11.718 ms - 29472[0m
2024-08-14 18:41:21 info: [0mGET /assets/icon/uread/uread_logo_transparente.png [32m200[0m 12.009 ms - 148295[0m
2024-08-14 18:41:21 info: [0mGET /assets/images/einstein.svg [32m200[0m 15.005 ms - -[0m
2024-08-14 18:41:21 info: [0mGET /api/roles/getRoles [32m200[0m 86.368 ms - 444[0m
2024-08-14 18:41:21 info: [0mGET /api/roles/getRoles [32m200[0m 76.804 ms - 444[0m
2024-08-14 18:41:21 info: [0mGET /static/js/272.8c717504.chunk.js [32m200[0m 3.544 ms - -[0m
2024-08-14 18:41:21 info: [0mGET /assets/icon/uread/uread_logo_violet.png [32m200[0m 3.297 ms - 47403[0m
2024-08-14 18:41:55 info: [0mGET /assets/images/family.jpg [0m-[0m - ms - -[0m
2024-08-14 18:41:55 info: [0mGET /assets/images/lectura.png [0m-[0m - ms - -[0m
2024-08-14 18:41:55 info: [0mGET /assets/images/star.png [32m200[0m 14.676 ms - 75988[0m
2024-08-14 18:41:55 info: [0mGET /assets/images/libros.png [0m-[0m - ms - -[0m
2024-08-14 18:41:55 info: [0mGET /assets/images/family.jpg [32m200[0m 5.848 ms - 86000[0m
2024-08-14 18:41:55 info: [0mGET /assets/images/lectura.png [32m200[0m 6.290 ms - 48617[0m
2024-08-14 18:41:55 info: [0mGET /assets/images/libros.png [32m200[0m 8.711 ms - 64315[0m
2024-08-14 18:41:55 info: [0mGET /static/js/856.7f3de634.chunk.js [32m200[0m 10.588 ms - -[0m
2024-08-14 18:41:55 info: [0mGET /assets/images/brain.png [32m200[0m 8.777 ms - 68067[0m
2024-08-14 18:46:46 info: [0mGET / [32m200[0m 3.980 ms - 919[0m
2024-08-14 18:46:46 info: [0mGET /static/js/main.e4c50bab.js [32m200[0m 4.043 ms - -[0m
2024-08-14 18:46:46 info: [0mGET /static/css/main.050d2dee.css [32m200[0m 5.131 ms - -[0m
2024-08-14 18:46:47 info: [0mGET /static/js/22.7358c59f.chunk.js [32m200[0m 10.903 ms - 830[0m
2024-08-14 18:46:47 info: [0mGET /api/roles/getRoles [32m200[0m 73.250 ms - 444[0m
2024-08-14 18:46:48 info: [0mGET /static/media/uread-bg.3641732f25b237933187.jpg [32m200[0m 3.314 ms - 27265[0m
2024-08-14 18:46:48 info: [0mGET /assets/icon/uread/uread_logo_transparente.png [32m200[0m 3.666 ms - 148295[0m
2024-08-14 18:46:48 info: [0mGET /assets/images/einstein.svg [32m200[0m 3.006 ms - -[0m
2024-08-14 18:46:48 info: [0mGET /static/media/arcoiris_.48d4c4af2cb79297c22b.jpg [32m200[0m 9.956 ms - 29472[0m
2024-08-14 18:46:48 info: [0mGET /static/js/272.8c717504.chunk.js [32m200[0m 6.625 ms - -[0m
2024-08-14 18:46:48 info: [0mGET /api/roles/getRoles [36m304[0m 72.955 ms - -[0m
2024-08-14 18:46:48 info: [0mGET /assets/icon/uread/uread_logo_violet.png [32m200[0m 6.718 ms - 47403[0m
2024-08-14 18:46:49 info: [0mGET /manifest.json [32m200[0m 4.835 ms - 438[0m
2024-08-14 18:47:23 info: [0mGET /api/roles/getRoles [36m304[0m 73.261 ms - -[0m
2024-08-14 18:48:19 info: [0mPOST /api/signup [32m201[0m 371.854 ms - 581[0m
2024-08-14 18:48:19 error: undefined
2024-08-14 18:48:22 info: [0mGET /api/roles/getRoles [36m304[0m 74.014 ms - -[0m
2024-08-14 18:48:27 info: [0mGET /assets/images/logo.png [32m200[0m 4.286 ms - 228503[0m
2024-08-14 18:48:55 info: [0mPOST /api/login [32m200[0m 274.921 ms - 737[0m
2024-08-14 18:49:02 info: [0mGET /api/contenido/leerContenidosBasicos [32m200[0m 718.604 ms - -[0m
2024-08-14 18:49:23 info: [0mGET /static/js/856.7f3de634.chunk.js [32m200[0m 7.593 ms - -[0m
2024-08-14 18:49:30 info: [0mGET /assets/images/languages/es.png [32m200[0m 2.962 ms - 21059[0m
2024-08-14 18:49:30 info: [0mGET /assets/images/languages/en.png [32m200[0m 6.746 ms - 9921[0m
2024-08-14 18:49:30 info: [0mGET /assets/icon/pdf-icon.png [32m200[0m 8.190 ms - 13978[0m
2024-08-14 18:50:00 info: [0mGET /assets/icon/uread/uread_logo_violet.png [36m304[0m 1.746 ms - -[0m
2024-08-14 18:55:33 info: [0mGET / [32m200[0m 3.233 ms - 919[0m
2024-08-14 19:00:04 info: [0mGET / [32m200[0m 2.929 ms - 919[0m
2024-08-14 19:00:05 info: [0mGET /static/js/main.e4c50bab.js [32m200[0m 5.091 ms - -[0m
2024-08-14 19:00:05 info: [0mGET /static/css/main.050d2dee.css [32m200[0m 4.826 ms - -[0m
2024-08-14 19:00:07 info: [0mGET /static/js/22.7358c59f.chunk.js [32m200[0m 4.027 ms - 830[0m
2024-08-14 19:00:07 info: [0mGET /api/roles/getRoles [32m200[0m 75.235 ms - 444[0m
2024-08-14 19:00:07 info: [0mGET /assets/icon/uread/uread_logo_transparente.png [32m200[0m 2.968 ms - 148295[0m
2024-08-14 19:00:07 info: [0mGET /assets/images/einstein.svg [32m200[0m 3.359 ms - -[0m
2024-08-14 19:00:08 info: [0mGET /static/media/arcoiris_.48d4c4af2cb79297c22b.jpg [32m200[0m 9.370 ms - 29472[0m
2024-08-14 19:00:08 info: [0mGET /api/roles/getRoles [36m304[0m 71.503 ms - -[0m
2024-08-14 19:00:08 info: [0mGET /static/media/uread-bg.3641732f25b237933187.jpg [32m200[0m 2.829 ms - 27265[0m
2024-08-14 19:00:08 info: [0mGET /assets/icon/uread/uread_logo_violet.png [32m200[0m 7.796 ms - 47403[0m
2024-08-14 19:00:08 info: [0mGET /static/js/272.8c717504.chunk.js [32m200[0m 3.830 ms - -[0m
2024-08-14 19:00:09 info: [0mGET /static/js/186.89271e25.chunk.js [32m200[0m 4.328 ms - -[0m
2024-08-14 19:00:09 info: [0mGET /manifest.json [32m200[0m 3.072 ms - 438[0m
2024-08-14 19:00:09 info: [0mGET /assets/icon/icon.png [32m200[0m 2.753 ms - 23794[0m
2024-08-14 19:03:00 info: [0mGET / [32m200[0m 2.939 ms - 919[0m
2024-08-14 19:03:00 info: [0mGET /static/css/main.050d2dee.css [32m200[0m 5.319 ms - -[0m
2024-08-14 19:03:01 info: [0mGET /static/js/main.e4c50bab.js [32m200[0m 3.750 ms - -[0m
2024-08-14 19:03:02 info: [0mGET /static/js/22.7358c59f.chunk.js [32m200[0m 2.971 ms - 830[0m
2024-08-14 19:03:02 info: [0mGET /api/roles/getRoles [32m200[0m 73.568 ms - 444[0m
2024-08-14 19:03:02 info: [0mGET /assets/icon/uread/uread_logo_violet.png [32m200[0m 4.893 ms - 47403[0m
2024-08-14 19:03:02 info: [0mGET /assets/icon/uread/uread_logo_transparente.png [32m200[0m 2.999 ms - 148295[0m
2024-08-14 19:03:02 info: [0mGET /static/media/arcoiris_.48d4c4af2cb79297c22b.jpg [32m200[0m 4.960 ms - 29472[0m
2024-08-14 19:03:02 info: [0mGET /assets/images/einstein.svg [32m200[0m 6.541 ms - -[0m
2024-08-14 19:03:02 info: [0mGET /api/roles/getRoles [36m304[0m 71.634 ms - -[0m
2024-08-14 19:03:02 info: [0mGET /static/media/uread-bg.3641732f25b237933187.jpg [32m200[0m 3.274 ms - 27265[0m
2024-08-14 19:03:02 info: [0mGET /static/js/272.8c717504.chunk.js [32m200[0m 4.805 ms - -[0m
2024-08-14 19:03:02 info: [0mGET /manifest.json [32m200[0m 3.064 ms - 438[0m
2024-08-14 19:03:03 info: [0mGET /static/js/186.89271e25.chunk.js [32m200[0m 6.438 ms - -[0m
2024-08-14 19:03:03 info: [0mGET /assets/icon/icon.png [32m200[0m 3.133 ms - 23794[0m
2024-08-14 19:09:11 info: [0mGET /static/css/main.050d2dee.css [36m304[0m 1.943 ms - -[0m
2024-08-14 19:09:11 info: [0mGET /static/js/main.e4c50bab.js [36m304[0m 2.625 ms - -[0m
2024-08-14 19:09:12 info: [0mGET /static/js/22.7358c59f.chunk.js [36m304[0m 2.080 ms - -[0m
2024-08-14 19:09:12 info: [0mGET /api/roles/getRoles [36m304[0m 71.981 ms - -[0m
2024-08-14 19:09:12 info: [0mGET /static/media/arcoiris_.48d4c4af2cb79297c22b.jpg [36m304[0m 1.731 ms - -[0m
2024-08-14 19:09:12 info: [0mPOST /api/users/getUserById [32m200[0m 156.844 ms - 506[0m
2024-08-14 19:09:12 info: [0mGET /assets/icon/uread/uread_logo_transparente.png [36m304[0m 1.813 ms - -[0m
2024-08-14 19:09:12 info: [0mGET /assets/images/einstein.svg [36m304[0m 1.576 ms - -[0m
2024-08-14 19:09:12 info: [0mGET /api/roles/getRoles [36m304[0m 72.598 ms - -[0m
2024-08-14 19:09:12 info: [0mGET /static/media/uread-bg.3641732f25b237933187.jpg [36m304[0m 1.579 ms - -[0m
2024-08-14 19:09:12 info: [0mGET /static/js/272.8c717504.chunk.js [36m304[0m 1.742 ms - -[0m
2024-08-14 19:09:13 info: [0mGET /static/js/186.89271e25.chunk.js [36m304[0m 1.817 ms - -[0m
2024-08-14 19:09:13 info: [0mGET /manifest.json [36m304[0m 1.825 ms - -[0m
2024-08-14 19:09:13 info: [0mGET /assets/icon/icon.png [36m304[0m 2.459 ms - -[0m
2024-08-14 19:09:13 info: [0mGET /api/contenido/leerContenidosBasicos [36m304[0m 487.738 ms - -[0m
2024-08-14 19:12:16 info: [0mGET / [32m200[0m 3.876 ms - 919[0m
2024-08-14 19:12:17 info: [0mGET /manifest.json [32m200[0m 3.608 ms - 438[0m
2024-08-14 19:12:17 info: [0mGET /static/css/main.050d2dee.css [32m200[0m 4.572 ms - -[0m
2024-08-14 19:12:17 info: [0mGET /static/js/main.e4c50bab.js [32m200[0m 6.523 ms - -[0m
2024-08-14 19:12:18 info: [0mGET /assets/icon/uread/uread_logo_transparente.png [32m200[0m 5.113 ms - 148295[0m
2024-08-14 19:12:18 info: [0mGET /static/js/22.7358c59f.chunk.js [32m200[0m 7.873 ms - 830[0m
2024-08-14 19:12:18 info: [0mGET /api/roles/getRoles [32m200[0m 75.869 ms - 444[0m
2024-08-14 19:12:19 info: [0mGET /static/js/272.8c717504.chunk.js [32m200[0m 3.556 ms - -[0m
2024-08-14 19:12:19 info: [0mGET /static/js/186.89271e25.chunk.js [32m200[0m 3.554 ms - -[0m
2024-08-14 19:12:19 info: [0mGET /assets/images/einstein.svg [32m200[0m 3.459 ms - -[0m
2024-08-14 19:12:19 info: [0mGET /assets/icon/uread/uread_logo_violet.png [32m200[0m 3.201 ms - 47403[0m
2024-08-14 19:12:19 info: [0mGET /static/media/uread-bg.3641732f25b237933187.jpg [32m200[0m 3.381 ms - 27265[0m
2024-08-14 19:12:19 info: [0mGET /static/media/arcoiris_.48d4c4af2cb79297c22b.jpg [32m200[0m 3.880 ms - 29472[0m
2024-08-14 19:13:00 info: [0mGET / [32m200[0m 2.888 ms - 919[0m
2024-08-14 19:13:00 info: [0mGET /manifest.json [32m200[0m 4.457 ms - 438[0m
2024-08-14 19:13:01 info: [0mGET /static/js/main.e4c50bab.js [36m304[0m 2.831 ms - -[0m
2024-08-14 19:13:01 info: [0mGET /static/css/main.050d2dee.css [36m304[0m 1.912 ms - -[0m
2024-08-14 19:13:01 info: [0mGET /assets/icon/uread/uread_logo_transparente.png [36m304[0m 1.880 ms - -[0m
2024-08-14 19:13:01 info: [0mGET /static/js/22.7358c59f.chunk.js [36m304[0m 2.334 ms - -[0m
2024-08-14 19:13:01 info: [0mGET /api/roles/getRoles [36m304[0m 72.697 ms - -[0m
2024-08-14 19:13:01 info: [0mGET /static/js/272.8c717504.chunk.js [36m304[0m 2.070 ms - -[0m
2024-08-14 19:13:01 info: [0mGET /static/js/186.89271e25.chunk.js [36m304[0m 1.891 ms - -[0m
2024-08-14 19:13:01 info: [0mGET /static/media/uread-bg.3641732f25b237933187.jpg [36m304[0m 2.138 ms - -[0m
2024-08-14 19:13:02 info: [0mGET /assets/images/einstein.svg [36m304[0m 2.258 ms - -[0m
2024-08-14 19:13:02 info: [0mGET /assets/icon/uread/uread_logo_violet.png [36m304[0m 2.095 ms - -[0m
2024-08-14 19:13:02 info: [0mGET /api/roles/getRoles [32m200[0m 74.395 ms - 444[0m
2024-08-14 19:13:12 info: [0mGET /assets/images/libros.png [32m200[0m 15.702 ms - 64315[0m
2024-08-14 19:13:12 info: [0mGET /assets/images/family.jpg [32m200[0m 14.790 ms - 86000[0m
2024-08-14 19:13:12 info: [0mGET /assets/images/star.png [32m200[0m 17.591 ms - 75988[0m
2024-08-14 19:13:12 info: [0mGET /assets/images/lectura.png [32m200[0m 21.020 ms - 48617[0m
2024-08-14 19:13:12 info: [0mGET /assets/images/brain.png [32m200[0m 15.721 ms - 68067[0m
2024-08-14 19:13:12 info: [0mGET /static/js/372.61aef2d5.chunk.js [32m200[0m 42.613 ms - -[0m
2024-08-14 19:14:29 info: [0mGET / [32m200[0m 4.607 ms - 919[0m
2024-08-14 19:14:29 info: [0mGET /static/css/main.050d2dee.css [32m200[0m 8.044 ms - -[0m
2024-08-14 19:14:30 info: [0mGET /static/js/main.e4c50bab.js [32m200[0m 4.047 ms - -[0m
2024-08-14 19:14:31 info: [0mGET /static/js/22.7358c59f.chunk.js [32m200[0m 4.119 ms - 830[0m
2024-08-14 19:14:31 info: [0mGET /api/roles/getRoles [32m200[0m 77.974 ms - 444[0m
2024-08-14 19:14:31 info: [0mGET /assets/icon/uread/uread_logo_violet.png [32m200[0m 3.973 ms - 47403[0m
2024-08-14 19:14:31 info: [0mGET /assets/icon/uread/uread_logo_transparente.png [32m200[0m 5.982 ms - 148295[0m
2024-08-14 19:14:31 info: [0mGET /static/media/arcoiris_.48d4c4af2cb79297c22b.jpg [32m200[0m 9.832 ms - 29472[0m
2024-08-14 19:14:31 info: [0mGET /static/media/uread-bg.3641732f25b237933187.jpg [32m200[0m 10.918 ms - 27265[0m
2024-08-14 19:14:31 info: [0mGET /assets/images/einstein.svg [32m200[0m 11.241 ms - -[0m
2024-08-14 19:14:31 info: [0mGET /api/roles/getRoles [36m304[0m 75.101 ms - -[0m
2024-08-14 19:14:32 info: [0mGET /manifest.json [32m200[0m 7.464 ms - 438[0m
2024-08-14 19:14:32 info: [0mGET /static/js/272.8c717504.chunk.js [32m200[0m 10.499 ms - -[0m
2024-08-14 19:14:32 info: [0mGET /static/js/186.89271e25.chunk.js [32m200[0m 7.972 ms - -[0m
2024-08-14 19:14:32 info: [0mGET /assets/icon/icon.png [32m200[0m 3.093 ms - 23794[0m
2024-08-14 19:23:12 info: [0mGET / [32m200[0m 3.367 ms - 919[0m
2024-08-14 19:23:12 info: [0mGET /static/js/main.e4c50bab.js [32m200[0m 5.368 ms - -[0m
2024-08-14 19:23:12 info: [0mGET /static/css/main.050d2dee.css [32m200[0m 4.119 ms - -[0m
2024-08-14 19:23:15 info: [0mGET /static/js/22.7358c59f.chunk.js [32m200[0m 2.954 ms - 830[0m
2024-08-14 19:23:15 info: [0mGET /api/roles/getRoles [32m200[0m 72.353 ms - 444[0m
2024-08-14 19:23:15 info: [0mGET /assets/icon/uread/uread_logo_transparente.png [32m200[0m 3.748 ms - 148295[0m
2024-08-14 19:23:16 info: [0mGET /assets/images/einstein.svg [32m200[0m 3.178 ms - -[0m
2024-08-14 19:23:16 info: [0mGET /assets/icon/uread/uread_logo_violet.png [32m200[0m 3.781 ms - 47403[0m
2024-08-14 19:23:16 info: [0mGET /static/media/arcoiris_.48d4c4af2cb79297c22b.jpg [32m200[0m 3.657 ms - 29472[0m
2024-08-14 19:23:16 info: [0mGET /api/roles/getRoles [36m304[0m 76.986 ms - -[0m
2024-08-14 19:23:16 info: [0mGET /static/media/uread-bg.3641732f25b237933187.jpg [32m200[0m 9.427 ms - 27265[0m
2024-08-14 19:23:16 info: [0mGET /manifest.json [32m200[0m 5.920 ms - 438[0m
2024-08-14 19:23:16 info: [0mGET /static/js/272.8c717504.chunk.js [32m200[0m 6.741 ms - -[0m
2024-08-14 19:23:16 info: [0mGET /static/js/186.89271e25.chunk.js [32m200[0m 3.506 ms - -[0m
2024-08-14 19:23:17 info: [0mGET /assets/icon/icon.png [32m200[0m 5.261 ms - 23794[0m
2024-08-14 20:01:50 info: [0mGET / [32m200[0m 4.018 ms - 919[0m
2024-08-14 20:01:51 info: [0mGET /static/css/main.050d2dee.css [32m200[0m 6.233 ms - -[0m
2024-08-14 20:01:51 info: [0mGET /static/js/main.e4c50bab.js [32m200[0m 9.575 ms - -[0m
2024-08-14 20:01:52 info: [0mGET /static/js/22.7358c59f.chunk.js [32m200[0m 14.428 ms - 830[0m
2024-08-14 20:01:53 info: [0mGET /api/roles/getRoles [32m200[0m 76.851 ms - 444[0m
2024-08-14 20:01:53 info: [0mGET /assets/icon/uread/uread_logo_violet.png [32m200[0m 3.409 ms - 47403[0m
2024-08-14 20:01:53 info: [0mGET /assets/icon/uread/uread_logo_transparente.png [32m200[0m 3.945 ms - 148295[0m
2024-08-14 20:01:53 info: [0mGET /static/media/arcoiris_.48d4c4af2cb79297c22b.jpg [32m200[0m 6.121 ms - 29472[0m
2024-08-14 20:01:53 info: [0mGET /assets/images/einstein.svg [32m200[0m 10.295 ms - -[0m
2024-08-14 20:01:53 info: [0mGET /static/media/uread-bg.3641732f25b237933187.jpg [32m200[0m 2.948 ms - 27265[0m
2024-08-14 20:01:53 info: [0mGET /api/roles/getRoles [36m304[0m 72.778 ms - -[0m
2024-08-14 20:01:53 info: [0mGET /manifest.json [32m200[0m 3.336 ms - 438[0m
2024-08-14 20:01:53 info: [0mGET /static/js/272.8c717504.chunk.js [32m200[0m 8.653 ms - -[0m
2024-08-14 20:01:53 info: [0mGET /static/js/186.89271e25.chunk.js [32m200[0m 7.243 ms - -[0m
2024-08-14 20:26:28 info: [0mGET /.well-known/assetlinks.json [32m200[0m 8.619 ms - 919[0m
2024-08-14 20:32:52 info: [0mGET / [32m200[0m 3.525 ms - 919[0m
2024-08-14 20:32:53 info: [0mGET /static/css/main.050d2dee.css [32m200[0m 7.339 ms - -[0m
2024-08-14 20:32:53 info: [0mGET /static/js/main.e4c50bab.js [32m200[0m 3.194 ms - -[0m
2024-08-14 20:33:02 info: [0mGET /assets/icon/uread/uread_logo_transparente.png [32m200[0m 14.913 ms - 148295[0m
2024-08-14 20:33:02 info: [0mGET /static/js/22.7358c59f.chunk.js [32m200[0m 7.679 ms - 830[0m
2024-08-14 20:33:02 info: [0mGET /api/roles/getRoles [32m200[0m 74.849 ms - 444[0m
2024-08-14 20:33:02 info: [0mGET /static/media/uread-bg.3641732f25b237933187.jpg [32m200[0m 3.050 ms - 27265[0m
2024-08-14 20:33:02 info: [0mGET /assets/icon/uread/uread_logo_violet.png [32m200[0m 5.891 ms - 47403[0m
2024-08-14 20:33:02 info: [0mGET /assets/images/einstein.svg [32m200[0m 4.004 ms - -[0m
2024-08-14 20:33:02 info: [0mGET /api/roles/getRoles [36m304[0m 72.874 ms - -[0m
2024-08-14 20:33:03 info: [0mGET /static/media/arcoiris_.48d4c4af2cb79297c22b.jpg [32m200[0m 6.286 ms - 29472[0m
2024-08-14 20:33:03 info: [0mGET /static/js/272.8c717504.chunk.js [32m200[0m 6.050 ms - -[0m
2024-08-14 20:33:03 info: [0mGET /manifest.json [32m200[0m 3.000 ms - 438[0m
2024-08-14 20:39:18 info: [0mGET / [32m200[0m 4.405 ms - 919[0m
2024-08-14 21:23:09 info: [0mGET /static/css/main.050d2dee.css [36m304[0m 1.801 ms - -[0m
2024-08-14 21:23:09 info: [0mGET /static/js/main.e4c50bab.js [32m200[0m 8.786 ms - -[0m
2024-08-14 21:23:10 info: [0mGET /static/js/22.7358c59f.chunk.js [36m304[0m 2.477 ms - -[0m
2024-08-14 21:23:10 info: [0mGET /api/roles/getRoles [36m304[0m 70.955 ms - -[0m
2024-08-14 21:23:10 info: [0mGET /assets/icon/uread/uread_logo_transparente.png [32m200[0m 2.787 ms - 148295[0m
2024-08-14 21:23:10 info: [0mGET /assets/images/einstein.svg [36m304[0m 1.787 ms - -[0m
2024-08-14 21:23:10 info: [0mPOST /api/users/getUserById [32m200[0m 152.381 ms - 473[0m
2024-08-14 21:23:10 info: [0mGET /api/roles/getRoles [36m304[0m 72.538 ms - -[0m
2024-08-14 21:23:10 info: [0mGET /static/media/arcoiris_.48d4c4af2cb79297c22b.jpg [32m200[0m 2.974 ms - 29472[0m
2024-08-14 21:23:11 info: [0mGET /static/media/uread-bg.3641732f25b237933187.jpg [32m200[0m 3.132 ms - 27265[0m
2024-08-14 21:23:11 info: [0mGET /assets/icon/uread/uread_logo_violet.png [32m200[0m 2.617 ms - 47403[0m
2024-08-14 21:23:11 info: [0mGET /manifest.json [36m304[0m 1.870 ms - -[0m
2024-08-14 21:23:11 info: [0mGET /static/js/186.89271e25.chunk.js [36m304[0m 2.510 ms - -[0m
2024-08-14 21:23:11 info: [0mGET /static/js/272.8c717504.chunk.js [36m304[0m 2.695 ms - -[0m
2024-08-14 21:23:11 info: [0mGET /assets/icon/icon.png [32m200[0m 3.716 ms - 23794[0m
2024-08-14 21:23:11 info: [0mGET /api/contenido/leerContenidosBasicos [32m200[0m 578.642 ms - -[0m
