2023-11-30 08:59:54 info: =================================
2023-11-30 08:59:54 info: ======= ENV: development =======
2023-11-30 08:59:54 info: 🚀 App listening on the port 5212
2023-11-30 08:59:54 info: =================================
2023-11-30 09:00:07 info: [0mGET /api/roles/getRoles [32m200[0m 213.464 ms - 444[0m
2023-11-30 09:00:07 info: [0mPOST /api/users/getUserById [32m200[0m 347.419 ms - 527[0m
2023-11-30 09:00:07 info: [0mPOST /api/users/getUserById [32m200[0m 164.997 ms - 527[0m
2023-11-30 09:00:07 info: [0mGET /api/roles/getRoles [36m304[0m 73.436 ms - -[0m
2023-11-30 09:00:08 info: [0mGET /api/contenido/leerContenidosBasicos [32m200[0m 555.263 ms - -[0m
2023-11-30 09:00:58 error: connect ETIMEDOUT 186.64.116.140:465
2023-11-30 09:00:58 info: [0mPOST /api/forgot-password [32m200[0m 21188.018 ms - 490[0m
2023-11-30 09:01:03 info: =================================
2023-11-30 09:01:03 info: ======= ENV: development =======
2023-11-30 09:01:03 info: 🚀 App listening on the port 5212
2023-11-30 09:01:03 info: =================================
2023-11-30 10:23:57 info: [0mGET /api/roles/getRoles [36m304[0m 80.512 ms - -[0m
2023-11-30 10:23:58 info: [0mGET /api/roles/getRoles [36m304[0m 72.317 ms - -[0m
2023-11-30 10:24:26 info: [0mPOST /api/forgot-password [32m200[0m 5088.967 ms - 466[0m
2023-11-30 11:08:36 info: =================================
2023-11-30 11:08:36 info: ======= ENV: development =======
2023-11-30 11:08:36 info: 🚀 App listening on the port 5212
2023-11-30 11:08:36 info: =================================
2023-11-30 11:08:46 info: [0mGET /api/roles/getRoles [36m304[0m 92.388 ms - -[0m
2023-11-30 11:08:46 info: [0mGET /api/roles/getRoles [36m304[0m 78.516 ms - -[0m
2023-11-30 11:11:50 info: [0mPOST /api/forgot-password [32m200[0m 6155.730 ms - 466[0m
