2024-09-23 00:20:14 info: [0mGET /api/users/getUsers [36m304[0m 499.464 ms - -[0m
2024-09-23 00:20:14 info: [0mGET /api/contenido/leerContenidos [36m304[0m 787.672 ms - -[0m
2024-09-23 00:21:18 info: =================================
2024-09-23 00:21:18 info: ======= ENV: development =======
2024-09-23 00:21:18 info: 🚀 App listening on the port 5212
2024-09-23 00:21:18 info: =================================
2024-09-23 00:21:50 info: [0mGET /api/roles/getRoles [36m304[0m 110.276 ms - -[0m
2024-09-23 00:21:50 info: [0mGET /api/roles/getRoles [36m304[0m 99.404 ms - -[0m
2024-09-23 00:21:50 info: [0mGET /api/contenido/leerContenidosBasicos [32m200[0m 646.411 ms - -[0m
2024-09-23 00:21:50 info: [0mGET /api/users/getUsers [36m304[0m 542.991 ms - -[0m
2024-09-23 00:21:56 info: [0mGET /api/contenido/leerContenidos [32m200[0m 659.449 ms - -[0m
2024-09-23 00:21:56 info: [0mGET /api/niveles/leerNiveles [32m200[0m 109.280 ms - 291[0m
2024-09-23 00:21:57 info: [0mGET /api/contenido/leerContenidos [36m304[0m 672.243 ms - -[0m
2024-09-23 00:21:57 info: [0mGET /api/niveles/leerNiveles [36m304[0m 73.786 ms - -[0m
2024-09-23 00:24:23 info: [0mGET /api/contenido/leerContenidos [36m304[0m 651.074 ms - -[0m
2024-09-23 00:24:23 info: [0mGET /api/niveles/leerNiveles [36m304[0m 73.183 ms - -[0m
2024-09-23 00:24:23 info: [0mGET /api/contenido/leerContenidosBasicos [36m304[0m 474.401 ms - -[0m
2024-09-23 00:24:24 info: [0mGET /api/users/getUsers [36m304[0m 596.325 ms - -[0m
2024-09-23 00:24:24 info: [0mGET /api/contenido/leerContenidos [36m304[0m 619.859 ms - -[0m
2024-09-23 00:24:24 info: [0mGET /api/niveles/leerNiveles [36m304[0m 72.100 ms - -[0m
2024-09-23 00:24:27 info: [0mGET /api/contenido/leerContenidos [36m304[0m 680.363 ms - -[0m
2024-09-23 00:24:28 info: [0mGET /api/niveles/leerNiveles [36m304[0m 69.971 ms - -[0m
2024-09-23 00:24:28 info: [0mGET /api/contenido/leerContenidos [36m304[0m 691.008 ms - -[0m
2024-09-23 00:24:29 info: [0mGET /api/niveles/leerNiveles [36m304[0m 75.329 ms - -[0m
2024-09-23 00:24:52 info: [0mGET /api/contenido/leerContenidos [36m304[0m 838.617 ms - -[0m
2024-09-23 00:24:53 info: [0mGET /api/niveles/leerNiveles [36m304[0m 71.325 ms - -[0m
2024-09-23 00:24:58 info: [0mGET /api/contenido/leerContenidos [36m304[0m 623.448 ms - -[0m
2024-09-23 00:24:58 info: [0mGET /api/niveles/leerNiveles [36m304[0m 71.537 ms - -[0m
2024-09-23 00:24:58 info: [0mGET /api/users/getUsers [36m304[0m 620.631 ms - -[0m
2024-09-23 00:24:58 info: [0mGET /api/contenido/leerContenidosBasicos [36m304[0m 780.101 ms - -[0m
2024-09-23 00:24:59 info: [0mGET /api/contenido/leerContenidos [36m304[0m 688.811 ms - -[0m
2024-09-23 00:24:59 info: [0mGET /api/niveles/leerNiveles [36m304[0m 78.163 ms - -[0m
2024-09-23 00:25:01 info: [0mGET /api/contenido/leerContenidos [36m304[0m 633.146 ms - -[0m
2024-09-23 00:25:02 info: [0mGET /api/niveles/leerNiveles [36m304[0m 77.024 ms - -[0m
2024-09-23 00:25:02 info: [0mGET /api/contenido/leerContenidos [36m304[0m 630.787 ms - -[0m
2024-09-23 00:25:03 info: [0mGET /api/niveles/leerNiveles [36m304[0m 121.030 ms - -[0m
2024-09-23 00:27:18 info: [0mGET /api/contenido/leerContenidos [36m304[0m 622.745 ms - -[0m
2024-09-23 00:27:18 info: [0mGET /api/niveles/leerNiveles [36m304[0m 66.651 ms - -[0m
2024-09-23 00:27:18 info: [0mGET /api/users/getUsers [36m304[0m 556.322 ms - -[0m
2024-09-23 00:27:18 info: [0mGET /api/contenido/leerContenidosBasicos [36m304[0m 713.201 ms - -[0m
2024-09-23 00:27:18 info: [0mGET /api/contenido/leerContenidos [36m304[0m 592.088 ms - -[0m
2024-09-23 00:27:19 info: [0mGET /api/niveles/leerNiveles [36m304[0m 70.908 ms - -[0m
2024-09-23 00:27:21 info: [0mGET /api/contenido/leerContenidos [36m304[0m 655.921 ms - -[0m
2024-09-23 00:27:21 info: [0mGET /api/niveles/leerNiveles [36m304[0m 78.052 ms - -[0m
2024-09-23 00:27:22 info: [0mGET /api/contenido/leerContenidos [36m304[0m 635.960 ms - -[0m
2024-09-23 00:27:22 info: [0mGET /api/niveles/leerNiveles [36m304[0m 138.395 ms - -[0m
2024-09-23 00:28:21 info: [0mGET /api/contenido/leerContenidos [36m304[0m 610.382 ms - -[0m
2024-09-23 00:28:21 info: [0mGET /api/niveles/leerNiveles [36m304[0m 68.364 ms - -[0m
2024-09-23 00:28:21 info: [0mGET /api/users/getUsers [36m304[0m 562.858 ms - -[0m
2024-09-23 00:28:21 info: [0mGET /api/contenido/leerContenidosBasicos [36m304[0m 715.289 ms - -[0m
2024-09-23 00:28:22 info: [0mGET /api/contenido/leerContenidos [36m304[0m 607.659 ms - -[0m
2024-09-23 00:28:22 info: [0mGET /api/niveles/leerNiveles [36m304[0m 71.600 ms - -[0m
2024-09-23 00:28:26 info: [0mGET /api/contenido/leerContenidos [36m304[0m 629.933 ms - -[0m
2024-09-23 00:28:27 info: [0mGET /api/niveles/leerNiveles [36m304[0m 72.877 ms - -[0m
2024-09-23 00:28:27 info: [0mGET /api/contenido/leerContenidos [36m304[0m 630.792 ms - -[0m
2024-09-23 00:28:28 info: [0mGET /api/niveles/leerNiveles [36m304[0m 79.772 ms - -[0m
