2024-08-26 00:08:07 info: [0mPOST /api/login [32m200[0m 305.076 ms - 782[0m
2024-08-26 00:08:20 info: =================================
2024-08-26 00:08:20 info: ======= ENV: development =======
2024-08-26 00:08:20 info: 🚀 App listening on the port 5212
2024-08-26 00:08:20 info: =================================
2024-08-26 00:11:28 info: [0mPOST /api/login [32m200[0m 368.231 ms - 782[0m
2024-08-26 00:11:31 info: [0mGET /api/contenido/leerContenidosBasicos [32m200[0m 579.828 ms - -[0m
2024-08-26 00:25:55 info: [0mPOST /api/login [32m200[0m 304.106 ms - 782[0m
2024-08-26 00:25:57 info: [0mGET /api/contenido/leerContenidosBasicos [36m304[0m 614.945 ms - -[0m
2024-08-26 00:28:29 info: [0mPOST /api/login [32m200[0m 297.880 ms - 782[0m
2024-08-26 00:28:31 info: [0mGET /api/contenido/leerContenidosBasicos [36m304[0m 527.322 ms - -[0m
2024-08-26 00:28:34 info: [0mGET /api/users/getUsers [32m200[0m 544.476 ms - -[0m
2024-08-26 00:28:35 info: [0mGET /api/users/getUsers [36m304[0m 452.692 ms - -[0m
2024-08-26 00:28:36 info: [0mGET /api/users/getUsers [36m304[0m 484.072 ms - -[0m
2024-08-26 00:28:36 info: [0mGET /api/users/getUsers [36m304[0m 445.363 ms - -[0m
2024-08-26 00:28:43 info: [0mGET /api/lenguajes/leerLenguajes [32m200[0m 80.723 ms - 178[0m
2024-08-26 00:28:43 info: [0mGET /api/lenguajes/leerLenguajes [36m304[0m 75.952 ms - -[0m
2024-08-26 00:28:44 info: [0mGET /api/lenguajes/leerLenguajes [36m304[0m 192.339 ms - -[0m
2024-08-26 00:28:44 info: [0mGET /api/contenido/leerContenidos [32m200[0m 659.496 ms - -[0m
2024-08-26 00:28:44 info: [0mGET /api/lenguajes/leerLenguajes [36m304[0m 105.858 ms - -[0m
2024-08-26 00:28:44 info: [0mGET /api/niveles/leerNiveles [32m200[0m 75.364 ms - 291[0m
2024-08-26 00:28:45 info: [0mGET /api/contenido/leerContenidos [36m304[0m 649.082 ms - -[0m
2024-08-26 00:28:45 info: [0mGET /api/niveles/leerNiveles [36m304[0m 81.322 ms - -[0m
2024-08-26 00:28:45 info: [0mGET /api/niveles/leerNiveles [36m304[0m 72.502 ms - -[0m
2024-08-26 00:28:46 info: [0mGET /api/contenido/leerContenidos [36m304[0m 649.496 ms - -[0m
2024-08-26 00:28:46 info: [0mGET /api/niveles/leerNiveles [36m304[0m 77.047 ms - -[0m
2024-08-26 00:28:46 info: [0mGET /api/niveles/leerNiveles [36m304[0m 73.081 ms - -[0m
2024-08-26 00:28:47 info: [0mGET /api/niveles/leerNiveles [36m304[0m 76.680 ms - -[0m
2024-08-26 00:28:47 info: [0mGET /api/niveles/leerNiveles [36m304[0m 71.896 ms - -[0m
2024-08-26 00:28:48 info: [0mGET /api/users/getUsers [36m304[0m 454.448 ms - -[0m
2024-08-26 00:28:48 info: [0mGET /api/contenido/leerContenidos [36m304[0m 1880.885 ms - -[0m
2024-08-26 00:28:49 info: [0mGET /api/users/getUsers [36m304[0m 532.047 ms - -[0m
2024-08-26 00:28:49 info: [0mGET /api/users/getUsers [36m304[0m 458.358 ms - -[0m
2024-08-26 00:28:50 info: [0mGET /api/users/getUsers [36m304[0m 515.138 ms - -[0m
2024-08-26 00:28:51 info: [0mGET /api/niveles/leerNiveles [36m304[0m 95.260 ms - -[0m
2024-08-26 00:29:51 info: [0mGET /api/users/getUsers [36m304[0m 452.830 ms - -[0m
2024-08-26 00:29:51 info: [0mGET /api/users/getUsers [36m304[0m 481.317 ms - -[0m
2024-08-26 00:29:52 info: [0mGET /api/users/getUsers [36m304[0m 467.054 ms - -[0m
2024-08-26 00:29:53 info: [0mGET /api/users/getUsers [36m304[0m 513.041 ms - -[0m
2024-08-26 00:30:26 info: [0mGET /api/users/getUsers [36m304[0m 452.233 ms - -[0m
2024-08-26 00:30:27 info: [0mGET /api/users/getUsers [36m304[0m 547.539 ms - -[0m
2024-08-26 00:30:28 info: [0mGET /api/users/getUsers [36m304[0m 441.906 ms - -[0m
2024-08-26 00:30:29 info: [0mGET /api/users/getUsers [36m304[0m 530.895 ms - -[0m
2024-08-26 00:32:10 info: [0mGET /api/users/getUsers [36m304[0m 474.497 ms - -[0m
2024-08-26 00:32:10 info: [0mGET /api/users/getUsers [36m304[0m 515.070 ms - -[0m
2024-08-26 00:32:11 info: [0mGET /api/users/getUsers [36m304[0m 480.827 ms - -[0m
2024-08-26 00:32:12 info: [0mGET /api/users/getUsers [36m304[0m 511.662 ms - -[0m
2024-08-26 06:54:09 info: [0mGET /api/users/getUsers [36m304[0m 870.539 ms - -[0m
2024-08-26 06:54:09 info: [0mGET /api/users/getUsers [36m304[0m 271.213 ms - -[0m
2024-08-26 06:54:10 info: [0mGET /api/users/getUsers [36m304[0m 268.810 ms - -[0m
2024-08-26 06:54:10 info: [0mGET /api/users/getUsers [36m304[0m 247.996 ms - -[0m
2024-08-26 06:54:34 info: [0mGET /api/users/getUsers [36m304[0m 327.982 ms - -[0m
2024-08-26 06:54:34 info: [0mGET /api/users/getUsers [36m304[0m 253.777 ms - -[0m
2024-08-26 06:54:34 info: [0mGET /api/lenguajes/leerLenguajes [32m200[0m 70.703 ms - 178[0m
2024-08-26 06:54:34 info: [0mGET /api/contenido/leerContenidos [36m304[0m 481.974 ms - -[0m
2024-08-26 06:54:35 info: [0mGET /api/lenguajes/leerLenguajes [36m304[0m 73.693 ms - -[0m
2024-08-26 06:54:35 info: [0mGET /api/niveles/leerNiveles [36m304[0m 78.046 ms - -[0m
2024-08-26 06:54:35 info: [0mGET /api/users/getUsers [36m304[0m 671.992 ms - -[0m
2024-08-26 06:54:35 info: [0mGET /api/niveles/leerNiveles [36m304[0m 68.918 ms - -[0m
2024-08-26 06:54:35 info: [0mGET /api/contenido/leerContenidos [36m304[0m 516.874 ms - -[0m
2024-08-26 06:54:35 info: [0mGET /api/niveles/leerNiveles [36m304[0m 87.705 ms - -[0m
2024-08-26 06:54:35 info: [0mGET /api/users/getUsers [36m304[0m 320.784 ms - -[0m
2024-08-26 06:54:36 info: [0mGET /api/niveles/leerNiveles [36m304[0m 69.115 ms - -[0m
2024-08-26 06:54:36 info: [0mGET /api/users/getUsers [36m304[0m 342.988 ms - -[0m
2024-08-26 06:54:37 info: [0mGET /api/users/getUsers [36m304[0m 389.052 ms - -[0m
2024-08-26 07:05:21 info: [0mGET /api/users/getUsers [36m304[0m 405.130 ms - -[0m
2024-08-26 07:05:21 info: [0mGET /api/users/getUsers [36m304[0m 392.996 ms - -[0m
2024-08-26 07:05:22 info: [0mGET /api/users/getUsers [36m304[0m 382.948 ms - -[0m
2024-08-26 07:05:22 info: [0mGET /api/users/getUsers [36m304[0m 407.151 ms - -[0m
2024-08-26 07:07:00 info: [0mGET /api/users/getUsers [36m304[0m 397.279 ms - -[0m
2024-08-26 07:07:00 info: [0mGET /api/users/getUsers [36m304[0m 409.466 ms - -[0m
2024-08-26 07:07:13 info: [0mGET /api/users/getUsers [36m304[0m 411.095 ms - -[0m
2024-08-26 07:07:14 info: [0mGET /api/users/getUsers [36m304[0m 398.212 ms - -[0m
2024-08-26 07:07:52 info: [0mGET /api/users/getUsers [36m304[0m 426.092 ms - -[0m
2024-08-26 07:07:52 info: [0mGET /api/users/getUsers [36m304[0m 401.898 ms - -[0m
2024-08-26 07:08:08 info: [0mGET /api/users/getUsers [36m304[0m 503.884 ms - -[0m
2024-08-26 07:08:08 info: [0mGET /api/users/getUsers [36m304[0m 430.788 ms - -[0m
2024-08-26 07:09:53 info: [0mGET /api/users/getUsers [36m304[0m 405.428 ms - -[0m
2024-08-26 07:09:54 info: [0mGET /api/users/getUsers [36m304[0m 407.417 ms - -[0m
2024-08-26 07:10:34 info: [0mGET /api/users/getUsers [36m304[0m 411.861 ms - -[0m
2024-08-26 07:10:35 info: [0mGET /api/users/getUsers [36m304[0m 418.066 ms - -[0m
2024-08-26 07:10:55 info: [0mGET /api/users/getUsers [36m304[0m 417.588 ms - -[0m
2024-08-26 07:10:56 info: [0mGET /api/users/getUsers [36m304[0m 403.336 ms - -[0m
2024-08-26 07:11:05 info: [0mGET /api/users/getUsers [36m304[0m 426.819 ms - -[0m
2024-08-26 07:11:06 info: [0mGET /api/users/getUsers [36m304[0m 403.212 ms - -[0m
2024-08-26 07:11:31 info: [0mGET /api/users/getUsers [36m304[0m 418.523 ms - -[0m
2024-08-26 07:11:32 info: [0mGET /api/users/getUsers [36m304[0m 410.028 ms - -[0m
2024-08-26 07:11:46 info: [0mGET /api/lenguajes/leerLenguajes [36m304[0m 92.890 ms - -[0m
2024-08-26 07:11:46 info: [0mGET /api/lenguajes/leerLenguajes [36m304[0m 80.701 ms - -[0m
2024-08-26 07:11:46 info: [0mGET /api/contenido/leerContenidos [36m304[0m 584.236 ms - -[0m
2024-08-26 07:11:46 info: [0mGET /api/niveles/leerNiveles [36m304[0m 107.618 ms - -[0m
2024-08-26 07:11:46 info: [0mGET /api/lenguajes/leerLenguajes [36m304[0m 88.825 ms - -[0m
2024-08-26 07:11:47 info: [0mGET /api/niveles/leerNiveles [36m304[0m 69.354 ms - -[0m
2024-08-26 07:11:47 info: [0mGET /api/lenguajes/leerLenguajes [36m304[0m 69.318 ms - -[0m
2024-08-26 07:11:47 info: [0mGET /api/contenido/leerContenidos [36m304[0m 522.798 ms - -[0m
2024-08-26 07:11:47 info: [0mGET /api/niveles/leerNiveles [36m304[0m 122.271 ms - -[0m
2024-08-26 07:11:48 info: [0mGET /api/niveles/leerNiveles [36m304[0m 72.138 ms - -[0m
2024-08-26 07:11:48 info: [0mGET /api/contenido/leerContenidos [36m304[0m 535.028 ms - -[0m
2024-08-26 07:11:48 info: [0mGET /api/niveles/leerNiveles [36m304[0m 150.546 ms - -[0m
2024-08-26 07:11:48 info: [0mGET /api/niveles/leerNiveles [36m304[0m 79.868 ms - -[0m
2024-08-26 07:11:49 info: [0mGET /api/contenido/leerContenidos [36m304[0m 431.320 ms - -[0m
2024-08-26 07:11:49 info: [0mGET /api/niveles/leerNiveles [36m304[0m 73.084 ms - -[0m
2024-08-26 07:11:49 info: [0mGET /api/niveles/leerNiveles [36m304[0m 78.863 ms - -[0m
2024-08-26 07:13:00 info: [0mGET /api/users/getUsers [36m304[0m 396.877 ms - -[0m
2024-08-26 07:13:01 info: [0mGET /api/users/getUsers [36m304[0m 395.292 ms - -[0m
2024-08-26 07:13:01 info: [0mGET /api/users/getUsers [36m304[0m 406.529 ms - -[0m
2024-08-26 07:13:02 info: [0mGET /api/users/getUsers [36m304[0m 414.582 ms - -[0m
2024-08-26 07:15:57 info: [0mGET /api/users/getUsers [36m304[0m 404.278 ms - -[0m
2024-08-26 07:15:57 info: [0mGET /api/users/getUsers [36m304[0m 393.102 ms - -[0m
2024-08-26 07:15:58 info: [0mGET /api/users/getUsers [36m304[0m 389.948 ms - -[0m
2024-08-26 07:15:58 info: [0mGET /api/users/getUsers [36m304[0m 392.907 ms - -[0m
2024-08-26 07:16:02 info: [0mGET /api/lenguajes/leerLenguajes [36m304[0m 75.889 ms - -[0m
2024-08-26 07:16:02 info: [0mGET /api/lenguajes/leerLenguajes [36m304[0m 74.527 ms - -[0m
2024-08-26 07:16:02 info: [0mGET /api/contenido/leerContenidos [36m304[0m 505.439 ms - -[0m
2024-08-26 07:16:02 info: [0mGET /api/niveles/leerNiveles [36m304[0m 125.840 ms - -[0m
2024-08-26 07:16:02 info: [0mGET /api/lenguajes/leerLenguajes [36m304[0m 82.894 ms - -[0m
2024-08-26 07:16:03 info: [0mGET /api/niveles/leerNiveles [36m304[0m 75.346 ms - -[0m
2024-08-26 07:16:03 info: [0mGET /api/lenguajes/leerLenguajes [36m304[0m 74.852 ms - -[0m
2024-08-26 07:16:03 info: [0mGET /api/niveles/leerNiveles [36m304[0m 73.053 ms - -[0m
2024-08-26 07:16:03 info: [0mGET /api/contenido/leerContenidos [36m304[0m 530.907 ms - -[0m
2024-08-26 07:16:03 info: [0mGET /api/niveles/leerNiveles [36m304[0m 76.956 ms - -[0m
2024-08-26 07:16:03 info: [0mGET /api/niveles/leerNiveles [36m304[0m 70.193 ms - -[0m
2024-08-26 07:16:03 info: [0mGET /api/niveles/leerNiveles [36m304[0m 70.107 ms - -[0m
2024-08-26 07:16:03 info: [0mGET /api/contenido/leerContenidos [36m304[0m 522.275 ms - -[0m
2024-08-26 07:16:04 info: [0mGET /api/contenido/leerContenidos [36m304[0m 366.215 ms - -[0m
2024-08-26 07:16:04 info: [0mGET /api/niveles/leerNiveles [36m304[0m 119.870 ms - -[0m
2024-08-26 07:16:04 info: [0mGET /api/niveles/leerNiveles [36m304[0m 69.547 ms - -[0m
2024-08-26 07:16:09 info: [0mGET /api/users/getUsers [36m304[0m 411.350 ms - -[0m
2024-08-26 07:16:10 info: [0mGET /api/users/getUsers [36m304[0m 412.005 ms - -[0m
2024-08-26 07:16:11 info: [0mGET /api/users/getUsers [36m304[0m 393.813 ms - -[0m
2024-08-26 07:16:11 info: [0mGET /api/users/getUsers [36m304[0m 391.144 ms - -[0m
2024-08-26 07:20:04 info: [0mGET /api/contenido/leerContenidosBasicos [36m304[0m 505.469 ms - -[0m
2024-08-26 07:20:08 info: [0mGET /api/contenido/leerContenidosBasicos [36m304[0m 490.123 ms - -[0m
2024-08-26 07:20:23 info: [0mGET /api/contenido/leerContenidosBasicos [36m304[0m 480.436 ms - -[0m
2024-08-26 07:20:23 info: [0mGET /api/contenido/leerContenidosBasicos [36m304[0m 704.976 ms - -[0m
2024-08-26 07:21:13 info: [0mGET /api/contenido/leerContenidosBasicos [36m304[0m 477.269 ms - -[0m
2024-08-26 07:21:42 info: [0mGET /api/contenido/leerContenidosBasicos [36m304[0m 495.448 ms - -[0m
2024-08-26 07:21:42 info: [0mGET /api/contenido/leerContenidosBasicos [36m304[0m 712.151 ms - -[0m
2024-08-26 07:22:07 info: [0mGET /api/contenido/leerContenidosBasicos [36m304[0m 486.235 ms - -[0m
2024-08-26 07:22:08 info: [0mGET /api/contenido/leerContenidosBasicos [36m304[0m 697.452 ms - -[0m
2024-08-26 07:30:21 info: [0mGET /api/contenido/leerContenidosBasicos [36m304[0m 461.706 ms - -[0m
2024-08-26 07:30:22 info: [0mGET /api/contenido/leerContenidosBasicos [36m304[0m 483.439 ms - -[0m
2024-08-26 07:30:52 info: [0mPOST /api/login [32m200[0m 246.326 ms - 782[0m
2024-08-26 07:30:55 info: [0mGET /api/contenido/leerContenidosBasicos [36m304[0m 485.914 ms - -[0m
2024-08-26 08:10:33 info: [0mPOST /api/login [32m200[0m 208.325 ms - 782[0m
2024-08-26 08:10:36 info: [0mGET /api/contenido/leerContenidosBasicos [36m304[0m 481.888 ms - -[0m
2024-08-26 08:11:23 info: [0mGET /api/contenido/leerContenidosBasicos [36m304[0m 658.264 ms - -[0m
2024-08-26 08:11:23 info: [0mGET /api/contenido/leerContenidosBasicos [36m304[0m 485.144 ms - -[0m
2024-08-26 08:11:39 info: [0mPOST /api/login [32m200[0m 207.901 ms - 782[0m
2024-08-26 08:11:41 info: [0mGET /api/contenido/leerContenidosBasicos [36m304[0m 487.483 ms - -[0m
2024-08-26 08:15:57 info: [0mPOST /api/login [32m200[0m 207.295 ms - 782[0m
2024-08-26 08:15:58 info: [0mGET /api/contenido/leerContenidosBasicos [36m304[0m 482.365 ms - -[0m
2024-08-26 08:17:05 info: [0mGET /api/contenido/leerContenidosBasicos [36m304[0m 749.517 ms - -[0m
2024-08-26 08:17:05 info: [0mGET /api/contenido/leerContenidosBasicos [36m304[0m 476.358 ms - -[0m
2024-08-26 08:17:24 info: [0mPOST /api/login [32m200[0m 208.487 ms - 782[0m
2024-08-26 08:17:25 info: [0mGET /api/contenido/leerContenidosBasicos [36m304[0m 954.136 ms - -[0m
2024-08-26 08:17:42 info: [0mGET /api/contenido/leerContenidosBasicos [36m304[0m 556.493 ms - -[0m
2024-08-26 08:18:36 info: [0mPOST /api/login [32m200[0m 206.069 ms - 782[0m
2024-08-26 08:18:38 info: [0mGET /api/contenido/leerContenidosBasicos [36m304[0m 782.424 ms - -[0m
2024-08-26 08:18:55 info: [0mGET /api/users/getUsers [36m304[0m 531.524 ms - -[0m
2024-08-26 08:18:55 info: [0mGET /api/users/getUsers [36m304[0m 423.514 ms - -[0m
2024-08-26 08:18:56 info: [0mGET /api/users/getUsers [36m304[0m 494.847 ms - -[0m
2024-08-26 08:18:56 info: [0mGET /api/users/getUsers [36m304[0m 469.196 ms - -[0m
2024-08-26 08:52:01 info: [0mGET /api/contenido/leerContenidosBasicos [36m304[0m 776.107 ms - -[0m
