2024-09-24 17:19:09 info: =================================
2024-09-24 17:19:09 info: ======= ENV: development =======
2024-09-24 17:19:09 info: 🚀 App listening on the port 5212
2024-09-24 17:19:09 info: =================================
2024-09-24 17:20:10 info: [0mGET /api/roles/getRoles [36m304[0m 86.783 ms - -[0m
2024-09-24 17:20:10 info: [0mGET /api/roles/getRoles [36m304[0m 101.149 ms - -[0m
2024-09-24 17:20:10 info: [0mGET /api/contenido/leerContenidosBasicos [36m304[0m 547.378 ms - -[0m
2024-09-24 17:20:10 info: [0mGET /api/users/getUsers [32m200[0m 652.871 ms - -[0m
2024-09-24 22:09:47 info: =================================
2024-09-24 22:09:47 info: ======= ENV: development =======
2024-09-24 22:09:47 info: 🚀 App listening on the port 5212
2024-09-24 22:09:47 info: =================================
2024-09-24 22:09:50 info: [0mGET /api/roles/getRoles [32m200[0m 89.999 ms - 582[0m
2024-09-24 22:09:50 info: [0mGET /api/roles/getRoles [36m304[0m 83.214 ms - -[0m
2024-09-24 22:09:50 info: [0mGET /api/contenido/leerContenidosBasicos [32m200[0m 584.342 ms - -[0m
2024-09-24 22:09:50 info: [0mGET /api/users/getUsers [32m200[0m 708.856 ms - -[0m
2024-09-24 22:14:36 info: [0mGET /api/contenido/leerContenidos [32m200[0m 1715.619 ms - -[0m
2024-09-24 22:14:36 info: [0mGET /api/niveles/leerNiveles [32m200[0m 311.943 ms - 291[0m
2024-09-24 22:14:39 info: [0mGET /api/contenido/leerContenidos [36m304[0m 2817.934 ms - -[0m
2024-09-24 22:14:40 info: [0mGET /api/niveles/leerNiveles [36m304[0m 424.662 ms - -[0m
2024-09-24 22:17:24 info: [0mGET /api/contenido/leerContenidosBasicos [32m200[0m 524.929 ms - -[0m
2024-09-24 22:17:24 info: [0mGET /api/users/getUsers [32m200[0m 631.889 ms - -[0m
2024-09-24 22:17:25 info: [0mGET /api/contenido/leerContenidos [36m304[0m 1609.971 ms - -[0m
2024-09-24 22:17:25 info: [0mGET /api/niveles/leerNiveles [36m304[0m 75.043 ms - -[0m
2024-09-24 22:17:25 info: [0mGET /api/contenido/leerContenidos [36m304[0m 676.747 ms - -[0m
2024-09-24 22:17:26 info: [0mGET /api/niveles/leerNiveles [36m304[0m 75.996 ms - -[0m
2024-09-24 22:17:32 info: [0mGET /api/contenido/leerContenidos [36m304[0m 2249.018 ms - -[0m
2024-09-24 22:17:32 info: [0mGET /api/niveles/leerNiveles [36m304[0m 90.651 ms - -[0m
2024-09-24 22:17:33 info: [0mGET /api/contenido/leerContenidos [36m304[0m 689.189 ms - -[0m
2024-09-24 22:17:33 info: [0mGET /api/niveles/leerNiveles [36m304[0m 93.340 ms - -[0m
2024-09-24 23:06:31 info: [0mGET /api/contenido/leerContenidos [36m304[0m 767.288 ms - -[0m
2024-09-24 23:06:32 info: [0mGET /api/contenido/leerContenidosBasicos [36m304[0m 877.793 ms - -[0m
2024-09-24 23:06:32 info: [0mGET /api/niveles/leerNiveles [36m304[0m 109.507 ms - -[0m
2024-09-24 23:06:32 info: [0mGET /api/users/getUsers [36m304[0m 784.117 ms - -[0m
2024-09-24 23:06:32 info: [0mGET /api/contenido/leerContenidos [36m304[0m 655.544 ms - -[0m
2024-09-24 23:06:32 info: [0mGET /api/niveles/leerNiveles [36m304[0m 67.326 ms - -[0m
2024-09-24 23:06:36 info: [0mGET /api/contenido/leerContenidos [36m304[0m 838.292 ms - -[0m
2024-09-24 23:06:36 info: [0mGET /api/niveles/leerNiveles [36m304[0m 68.418 ms - -[0m
2024-09-24 23:06:37 info: [0mGET /api/contenido/leerContenidos [36m304[0m 778.259 ms - -[0m
2024-09-24 23:06:37 info: [0mGET /api/niveles/leerNiveles [36m304[0m 98.901 ms - -[0m
2024-09-24 23:07:45 info: =================================
2024-09-24 23:07:45 info: ======= ENV: development =======
2024-09-24 23:07:45 info: 🚀 App listening on the port 5212
2024-09-24 23:07:45 info: =================================
2024-09-24 23:16:16 info: [0mGET /api/roles/getRoles [32m200[0m 91.438 ms - 582[0m
2024-09-24 23:16:16 info: [0mGET /api/roles/getRoles [36m304[0m 107.995 ms - -[0m
2024-09-24 23:16:17 info: [0mGET /api/contenido/leerContenidosBasicos [32m200[0m 556.649 ms - -[0m
2024-09-24 23:16:17 info: [0mGET /api/users/getUsers [32m200[0m 672.969 ms - -[0m
2024-09-24 23:16:28 info: [0mGET /api/contenido/leerContenidos [36m304[0m 745.131 ms - -[0m
2024-09-24 23:16:29 info: [0mGET /api/niveles/leerNiveles [36m304[0m 83.909 ms - -[0m
2024-09-24 23:16:30 info: [0mGET /api/contenido/leerContenidos [36m304[0m 836.142 ms - -[0m
2024-09-24 23:16:30 info: [0mGET /api/niveles/leerNiveles [36m304[0m 94.024 ms - -[0m
2024-09-24 23:17:21 info: [0mGET /api/contenido/leerContenidos [36m304[0m 672.885 ms - -[0m
2024-09-24 23:17:22 info: [0mGET /api/niveles/leerNiveles [36m304[0m 72.376 ms - -[0m
2024-09-24 23:17:57 info: [0mGET /api/contenido/leerContenidos [36m304[0m 622.000 ms - -[0m
2024-09-24 23:17:57 info: [0mGET /api/niveles/leerNiveles [36m304[0m 71.401 ms - -[0m
2024-09-24 23:17:58 info: [0mGET /api/contenido/leerContenidos [36m304[0m 701.661 ms - -[0m
2024-09-24 23:17:58 info: [0mGET /api/niveles/leerNiveles [36m304[0m 93.178 ms - -[0m
2024-09-24 23:20:22 info: [0mGET /api/contenido/leerContenidos [36m304[0m 671.121 ms - -[0m
2024-09-24 23:20:23 info: [0mGET /api/niveles/leerNiveles [36m304[0m 75.659 ms - -[0m
2024-09-24 23:20:26 info: [0mGET /api/lenguajes/leerLenguajes [32m200[0m 73.058 ms - 178[0m
2024-09-24 23:20:26 info: [0mGET /api/lenguajes/leerLenguajes [36m304[0m 73.916 ms - -[0m
2024-09-24 23:20:27 info: [0mGET /api/niveles/leerNiveles [36m304[0m 81.322 ms - -[0m
2024-09-24 23:20:27 info: [0mGET /api/niveles/leerNiveles [36m304[0m 79.186 ms - -[0m
2024-09-24 23:20:43 info: [0mGET /api/contenido/leerContenidosBasicos [36m304[0m 481.757 ms - -[0m
2024-09-24 23:20:43 info: [0mGET /api/users/getUsers [36m304[0m 613.334 ms - -[0m
2024-09-24 23:20:44 info: [0mGET /api/contenido/leerContenidos [36m304[0m 1813.957 ms - -[0m
2024-09-24 23:20:45 info: [0mGET /api/niveles/leerNiveles [36m304[0m 86.930 ms - -[0m
2024-09-24 23:20:45 info: [0mGET /api/contenido/leerContenidos [36m304[0m 609.100 ms - -[0m
2024-09-24 23:20:45 info: [0mGET /api/niveles/leerNiveles [36m304[0m 73.842 ms - -[0m
2024-09-24 23:20:48 info: [0mGET /api/lenguajes/leerLenguajes [36m304[0m 75.492 ms - -[0m
2024-09-24 23:20:48 info: [0mGET /api/lenguajes/leerLenguajes [36m304[0m 72.977 ms - -[0m
2024-09-24 23:20:48 info: [0mGET /api/contenido/leerContenidos [36m304[0m 1801.378 ms - -[0m
2024-09-24 23:20:48 info: [0mGET /api/niveles/leerNiveles [36m304[0m 217.663 ms - -[0m
2024-09-24 23:20:49 info: [0mGET /api/niveles/leerNiveles [36m304[0m 97.932 ms - -[0m
2024-09-24 23:20:49 info: [0mGET /api/niveles/leerNiveles [36m304[0m 82.764 ms - -[0m
2024-09-24 23:20:50 info: [0mGET /api/contenido/leerContenidos [36m304[0m 802.888 ms - -[0m
2024-09-24 23:20:51 info: [0mGET /api/niveles/leerNiveles [36m304[0m 96.192 ms - -[0m
2024-09-24 23:25:16 info: [0mGET /api/lenguajes/leerLenguajes [36m304[0m 74.672 ms - -[0m
2024-09-24 23:25:16 info: [0mGET /api/contenido/leerContenidos [36m304[0m 664.327 ms - -[0m
2024-09-24 23:25:16 info: [0mGET /api/niveles/leerNiveles [36m304[0m 276.644 ms - -[0m
2024-09-24 23:25:16 info: [0mGET /api/lenguajes/leerLenguajes [36m304[0m 273.175 ms - -[0m
2024-09-24 23:25:17 info: [0mGET /api/niveles/leerNiveles [36m304[0m 68.665 ms - -[0m
2024-09-24 23:25:17 info: [0mGET /api/niveles/leerNiveles [36m304[0m 76.438 ms - -[0m
2024-09-24 23:25:24 info: [0mGET /api/lenguajes/leerLenguajes [36m304[0m 123.266 ms - -[0m
2024-09-24 23:25:24 info: [0mGET /api/lenguajes/leerLenguajes [36m304[0m 83.373 ms - -[0m
2024-09-24 23:25:25 info: [0mGET /api/contenido/leerContenidos [36m304[0m 696.305 ms - -[0m
2024-09-24 23:25:25 info: [0mGET /api/niveles/leerNiveles [36m304[0m 241.031 ms - -[0m
2024-09-24 23:25:25 info: [0mGET /api/contenido/leerContenidosBasicos [36m304[0m 557.541 ms - -[0m
2024-09-24 23:25:25 info: [0mGET /api/users/getUsers [36m304[0m 750.592 ms - -[0m
2024-09-24 23:25:25 info: [0mGET /api/niveles/leerNiveles [36m304[0m 118.159 ms - -[0m
2024-09-24 23:25:25 info: [0mGET /api/contenido/leerContenidos [36m304[0m 639.745 ms - -[0m
2024-09-24 23:25:25 info: [0mGET /api/niveles/leerNiveles [36m304[0m 71.739 ms - -[0m
2024-09-24 23:25:26 info: [0mGET /api/niveles/leerNiveles [36m304[0m 69.243 ms - -[0m
2024-09-24 23:25:27 info: [0mGET /api/lenguajes/leerLenguajes [36m304[0m 72.030 ms - -[0m
2024-09-24 23:25:27 info: [0mGET /api/lenguajes/leerLenguajes [36m304[0m 77.951 ms - -[0m
2024-09-24 23:25:27 info: [0mGET /api/niveles/leerNiveles [36m304[0m 87.594 ms - -[0m
2024-09-24 23:25:28 info: [0mGET /api/niveles/leerNiveles [36m304[0m 76.628 ms - -[0m
2024-09-24 23:25:28 info: [0mGET /api/contenido/leerContenidos [36m304[0m 1317.120 ms - -[0m
2024-09-24 23:25:29 info: [0mGET /api/niveles/leerNiveles [36m304[0m 89.039 ms - -[0m
2024-09-24 23:25:29 info: [0mGET /api/contenido/leerContenidos [36m304[0m 607.642 ms - -[0m
2024-09-24 23:25:29 info: [0mGET /api/niveles/leerNiveles [36m304[0m 76.466 ms - -[0m
2024-09-24 23:25:45 info: [0mGET /api/contenido/leerContenidos [36m304[0m 682.515 ms - -[0m
2024-09-24 23:25:46 info: [0mGET /api/niveles/leerNiveles [36m304[0m 100.590 ms - -[0m
