2024-09-27 10:58:16 info: =================================
2024-09-27 10:58:16 info: ======= ENV: development =======
2024-09-27 10:58:16 info: 🚀 App listening on the port 5212
2024-09-27 10:58:16 info: =================================
2024-09-27 11:11:29 info: [0mGET /api/contenido/leerContenidos [32m200[0m 1316.148 ms - -[0m
2024-09-27 11:11:30 info: [0mGET /api/niveles/leerNiveles [36m304[0m 150.281 ms - -[0m
2024-09-27 11:11:30 info: [0mGET /api/contenido/leerContenidos [36m304[0m 1141.393 ms - -[0m
2024-09-27 11:11:31 info: [0mGET /api/niveles/leerNiveles [36m304[0m 174.049 ms - -[0m
2024-09-27 11:13:01 info: [0mGET /api/contenido/leerContenidos [36m304[0m 1307.653 ms - -[0m
2024-09-27 11:13:01 info: [0mGET /api/contenido/leerContenidos [32m200[0m 1120.728 ms - -[0m
2024-09-27 11:13:02 info: [0mGET /api/niveles/leerNiveles [36m304[0m 173.838 ms - -[0m
2024-09-27 11:13:03 info: [0mGET /api/niveles/leerNiveles [36m304[0m 173.623 ms - -[0m
2024-09-27 11:43:44 info: =================================
2024-09-27 11:43:44 info: ======= ENV: development =======
2024-09-27 11:43:44 info: 🚀 App listening on the port 5212
2024-09-27 11:43:44 info: =================================
2024-09-27 16:04:24 info: [0mGET /api/contenido/leerContenidos [36m304[0m 584.743 ms - -[0m
2024-09-27 16:04:24 info: [0mGET /api/contenido/leerContenidosBasicos [32m200[0m 663.175 ms - -[0m
2024-09-27 16:04:24 info: [0mGET /api/users/getUsers [32m200[0m 710.863 ms - -[0m
2024-09-27 16:04:24 info: [0mGET /api/niveles/leerNiveles [36m304[0m 70.223 ms - -[0m
2024-09-27 16:04:24 info: [0mGET /api/contenido/leerContenidos [36m304[0m 453.664 ms - -[0m
2024-09-27 16:04:24 info: [0mGET /api/niveles/leerNiveles [36m304[0m 67.032 ms - -[0m
2024-09-27 16:04:27 info: [0mGET /api/contenido/leerContenidos [36m304[0m 486.407 ms - -[0m
2024-09-27 16:04:27 info: [0mGET /api/niveles/leerNiveles [36m304[0m 72.197 ms - -[0m
2024-09-27 16:04:27 info: [0mGET /api/contenido/leerContenidos [36m304[0m 530.289 ms - -[0m
2024-09-27 16:04:28 info: [0mGET /api/niveles/leerNiveles [36m304[0m 69.398 ms - -[0m
2024-09-27 16:05:06 info: =================================
2024-09-27 16:05:06 info: ======= ENV: development =======
2024-09-27 16:05:06 info: 🚀 App listening on the port 5212
2024-09-27 16:05:06 info: =================================
2024-09-27 16:07:18 info: [0mGET /api/contenido/leerContenidos [36m304[0m 569.075 ms - -[0m
2024-09-27 16:07:18 info: [0mGET /api/contenido/leerContenidosBasicos [36m304[0m 586.102 ms - -[0m
2024-09-27 16:07:18 info: [0mGET /api/niveles/leerNiveles [36m304[0m 70.385 ms - -[0m
2024-09-27 16:07:19 info: [0mGET /api/users/getUsers [36m304[0m 619.117 ms - -[0m
2024-09-27 16:07:19 info: [0mGET /api/contenido/leerContenidos [36m304[0m 539.669 ms - -[0m
2024-09-27 16:07:19 info: [0mGET /api/niveles/leerNiveles [36m304[0m 70.809 ms - -[0m
2024-09-27 16:08:02 info: =================================
2024-09-27 16:08:02 info: ======= ENV: development =======
2024-09-27 16:08:02 info: 🚀 App listening on the port 5212
2024-09-27 16:08:02 info: =================================
2024-09-27 16:08:38 info: [0mGET /api/roles/getRoles [32m200[0m 88.961 ms - 582[0m
2024-09-27 16:08:38 info: [0mGET /api/roles/getRoles [36m304[0m 89.942 ms - -[0m
2024-09-27 16:08:38 info: [0mGET /api/contenido/leerContenidosBasicos [36m304[0m 516.742 ms - -[0m
2024-09-27 16:08:38 info: [0mGET /api/users/getUsers [36m304[0m 555.113 ms - -[0m
2024-09-27 16:09:24 info: [0mGET /main.cc256698b9655878baaf.hot-update.json [32m200[0m 18.802 ms - 901[0m
2024-09-27 16:09:54 info: [0mGET /api/contenido/leerContenidos [36m304[0m 530.138 ms - -[0m
2024-09-27 16:09:54 info: [0mGET /api/niveles/leerNiveles [36m304[0m 80.166 ms - -[0m
2024-09-27 16:09:55 info: [0mGET /api/contenido/leerContenidos [36m304[0m 523.155 ms - -[0m
2024-09-27 16:09:55 info: [0mGET /api/niveles/leerNiveles [36m304[0m 74.370 ms - -[0m
2024-09-27 16:50:01 info: [0mGET /api/contenido/leerContenidosBasicos [36m304[0m 473.906 ms - -[0m
2024-09-27 16:50:02 info: [0mGET /api/contenido/leerContenidos [36m304[0m 536.629 ms - -[0m
2024-09-27 16:50:02 info: [0mGET /api/contenido/leerContenidosBasicos [36m304[0m 458.200 ms - -[0m
2024-09-27 16:50:02 info: [0mGET /api/niveles/leerNiveles [36m304[0m 80.097 ms - -[0m
2024-09-27 16:50:02 info: [0mGET /api/contenido/leerContenidos [36m304[0m 438.431 ms - -[0m
2024-09-27 16:50:03 info: [0mGET /api/niveles/leerNiveles [36m304[0m 78.783 ms - -[0m
2024-09-27 16:52:23 info: [0mGET /api/contenido/leerContenidos [36m304[0m 544.040 ms - -[0m
2024-09-27 16:52:23 info: [0mGET /api/contenido/leerContenidosBasicos [36m304[0m 533.119 ms - -[0m
2024-09-27 16:52:23 info: [0mGET /api/niveles/leerNiveles [36m304[0m 75.232 ms - -[0m
2024-09-27 16:52:23 info: [0mGET /api/users/getUsers [36m304[0m 540.532 ms - -[0m
2024-09-27 16:52:23 info: [0mGET /api/contenido/leerContenidos [36m304[0m 499.657 ms - -[0m
2024-09-27 16:52:24 info: [0mGET /api/niveles/leerNiveles [36m304[0m 71.385 ms - -[0m
2024-09-27 16:52:27 info: [0mGET /api/contenido/leerContenidos [36m304[0m 530.653 ms - -[0m
2024-09-27 16:52:27 info: [0mGET /api/niveles/leerNiveles [36m304[0m 82.260 ms - -[0m
2024-09-27 16:52:27 info: [0mGET /api/contenido/leerContenidos [36m304[0m 527.198 ms - -[0m
2024-09-27 16:52:28 info: [0mGET /api/niveles/leerNiveles [36m304[0m 74.502 ms - -[0m
2024-09-27 16:53:36 info: =================================
2024-09-27 16:53:36 info: ======= ENV: development =======
2024-09-27 16:53:36 info: 🚀 App listening on the port 5212
2024-09-27 16:53:36 info: =================================
2024-09-27 16:53:43 info: [0mGET /api/contenido/leerContenidos [36m304[0m 534.370 ms - -[0m
2024-09-27 16:53:43 info: [0mGET /api/users/getUsers [36m304[0m 568.084 ms - -[0m
2024-09-27 16:53:43 info: [0mGET /api/contenido/leerContenidosBasicos [36m304[0m 609.796 ms - -[0m
2024-09-27 16:53:43 info: [0mGET /api/niveles/leerNiveles [36m304[0m 69.882 ms - -[0m
2024-09-27 16:53:44 info: [0mGET /api/contenido/leerContenidos [36m304[0m 444.798 ms - -[0m
2024-09-27 16:53:44 info: [0mGET /api/niveles/leerNiveles [36m304[0m 72.679 ms - -[0m
2024-09-27 16:54:19 info: [0mGET /api/users/getUsers [36m304[0m 492.706 ms - -[0m
2024-09-27 16:54:19 info: [0mGET /api/contenido/leerContenidosBasicos [36m304[0m 649.867 ms - -[0m
2024-09-27 16:54:26 info: [0mGET /api/contenido/leerContenidos [36m304[0m 1647.401 ms - -[0m
2024-09-27 16:54:26 info: [0mGET /api/niveles/leerNiveles [36m304[0m 70.587 ms - -[0m
2024-09-27 16:54:26 info: [0mGET /api/contenido/leerContenidos [36m304[0m 520.961 ms - -[0m
2024-09-27 16:54:26 info: [0mGET /api/niveles/leerNiveles [36m304[0m 69.095 ms - -[0m
2024-09-27 16:56:34 info: [0mGET /api/contenido/leerContenidos [36m304[0m 1515.893 ms - -[0m
2024-09-27 16:56:35 info: [0mGET /api/contenido/leerContenidos [36m304[0m 506.573 ms - -[0m
2024-09-27 16:57:38 info: [0mGET /api/niveles/leerNiveles [36m304[0m 71.579 ms - -[0m
2024-09-27 16:57:38 info: [0mGET /api/contenido/leerContenidosBasicos [36m304[0m 440.690 ms - -[0m
2024-09-27 16:57:38 info: [0mGET /api/contenido/leerContenidos [36m304[0m 491.524 ms - -[0m
2024-09-27 16:57:39 info: [0mGET /api/contenido/leerContenidos [36m304[0m 511.605 ms - -[0m
2024-09-27 17:19:14 info: [0mGET /api/roles/getRoles [36m304[0m 73.572 ms - -[0m
2024-09-27 17:19:14 info: [0mGET /api/niveles/leerNiveles [36m304[0m 71.959 ms - -[0m
2024-09-27 17:19:15 info: [0mGET /api/roles/getRoles [36m304[0m 79.343 ms - -[0m
2024-09-27 17:19:15 info: [0mGET /api/contenido/leerContenidosBasicos [36m304[0m 503.533 ms - -[0m
2024-09-27 17:19:15 info: [0mGET /api/users/getUsers [36m304[0m 466.937 ms - -[0m
2024-09-27 17:19:20 info: [0mGET /api/contenido/leerContenidos [36m304[0m 1058.058 ms - -[0m
2024-09-27 17:19:20 info: [0mGET /api/contenido/leerContenidos [36m304[0m 513.078 ms - -[0m
2024-09-27 17:37:16 info: [0mGET /api/roles/getRoles [36m304[0m 81.494 ms - -[0m
2024-09-27 17:37:16 info: [0mGET /api/niveles/leerNiveles [36m304[0m 74.487 ms - -[0m
2024-09-27 17:37:16 info: [0mGET /api/contenido/leerContenidosBasicos [36m304[0m 459.161 ms - -[0m
2024-09-27 17:37:16 info: [0mGET /api/roles/getRoles [36m304[0m 90.453 ms - -[0m
2024-09-27 17:37:17 info: [0mGET /api/users/getUsers [36m304[0m 443.498 ms - -[0m
2024-09-27 17:38:02 info: [0mGET /api/roles/getRoles [36m304[0m 69.235 ms - -[0m
2024-09-27 17:38:03 info: [0mGET /api/roles/getRoles [36m304[0m 77.176 ms - -[0m
2024-09-27 17:38:13 info: [0mPOST /api/login [32m200[0m 366.499 ms - 782[0m
2024-09-27 17:38:14 info: [0mGET /api/niveles/leerNiveles [36m304[0m 75.045 ms - -[0m
2024-09-27 17:38:14 info: [0mGET /api/contenido/leerContenidosBasicos [36m304[0m 448.607 ms - -[0m
2024-09-27 17:40:25 info: [0mGET /api/niveles/leerNiveles [36m304[0m 72.244 ms - -[0m
2024-09-27 17:40:25 info: [0mGET /api/contenido/leerContenidosBasicos [36m304[0m 499.722 ms - -[0m
2024-09-27 17:40:33 info: [0mGET /api/niveles/leerNiveles [36m304[0m 74.943 ms - -[0m
2024-09-27 17:40:34 info: [0mGET /api/contenido/leerContenidosBasicos [36m304[0m 443.006 ms - -[0m
2024-09-27 17:40:34 info: [0mGET /api/users/getUsers [36m304[0m 468.902 ms - -[0m
2024-09-27 17:41:32 info: [0mGET /api/niveles/leerNiveles [36m304[0m 75.858 ms - -[0m
2024-09-27 17:41:32 info: [0mGET /api/contenido/leerContenidos [36m304[0m 549.112 ms - -[0m
2024-09-27 17:42:34 info: [0mGET /api/niveles/leerNiveles [36m304[0m 70.724 ms - -[0m
2024-09-27 17:42:35 info: [0mGET /api/contenido/leerContenidos [36m304[0m 975.575 ms - -[0m
2024-09-27 17:46:14 info: =================================
2024-09-27 17:46:14 info: ======= ENV: development =======
2024-09-27 17:46:14 info: 🚀 App listening on the port 5212
2024-09-27 17:46:14 info: =================================
2024-09-27 17:47:01 info: =================================
2024-09-27 17:47:01 info: ======= ENV: development =======
2024-09-27 17:47:01 info: 🚀 App listening on the port 5212
2024-09-27 17:47:01 info: =================================
2024-09-27 17:48:13 info: [0mGET /api/niveles/leerNiveles [36m304[0m 79.499 ms - -[0m
2024-09-27 17:48:13 info: [0mGET /api/contenido/leerContenidos [36m304[0m 579.295 ms - -[0m
2024-09-27 17:50:07 info: =================================
2024-09-27 17:50:07 info: ======= ENV: development =======
2024-09-27 17:50:07 info: 🚀 App listening on the port 5212
2024-09-27 17:50:07 info: =================================
2024-09-27 17:50:38 info: [0mGET /api/niveles/leerNiveles [36m304[0m 81.678 ms - -[0m
2024-09-27 17:50:39 info: [0mGET /api/contenido/leerContenidos [36m304[0m 1795.795 ms - -[0m
2024-09-27 17:50:40 info: [0mGET /api/contenido/leerContenidosV2 [32m200[0m 73.902 ms - 46[0m
2024-09-27 17:50:49 info: [0mGET /api/niveles/leerNiveles [36m304[0m 83.427 ms - -[0m
2024-09-27 17:50:49 info: [0mGET /api/contenido/leerContenidos [36m304[0m 569.213 ms - -[0m
2024-09-27 17:50:50 info: [0mGET /api/contenido/leerContenidosV2 [36m304[0m 77.590 ms - -[0m
2024-09-27 18:26:43 info: [0mGET /api/niveles/leerNiveles [36m304[0m 75.421 ms - -[0m
2024-09-27 18:26:43 info: [0mGET /api/contenido/leerContenidos [36m304[0m 566.157 ms - -[0m
2024-09-27 18:26:44 info: [0mGET /api/contenido/leerContenidosV2 [36m304[0m 73.633 ms - -[0m
2024-09-27 18:51:47 info: =================================
2024-09-27 18:51:47 info: ======= ENV: development =======
2024-09-27 18:51:47 info: 🚀 App listening on the port 5212
2024-09-27 18:51:47 info: =================================
2024-09-27 18:54:03 info: [0mGET /api/niveles/leerNiveles [36m304[0m 81.538 ms - -[0m
2024-09-27 18:54:03 info: [0mGET /api/contenido/leerContenidos [36m304[0m 641.987 ms - -[0m
2024-09-27 18:54:03 info: [0mGET /api/users/getUsers [36m304[0m 708.662 ms - -[0m
2024-09-27 18:54:03 info: [0mGET /api/contenido/leerContenidosV2 [36m304[0m 78.363 ms - -[0m
2024-09-27 18:54:30 info: [0mPOST /api/contenido/crearContenido [32m200[0m 6764.606 ms - 33[0m
2024-09-27 18:56:58 info: =================================
2024-09-27 18:56:58 info: ======= ENV: development =======
2024-09-27 18:56:58 info: 🚀 App listening on the port 5212
2024-09-27 18:56:58 info: =================================
2024-09-27 18:57:10 info: [0mPOST /api/contenido/crearContenido [32m200[0m 4076.280 ms - 33[0m
2024-09-27 18:58:40 info: =================================
2024-09-27 18:58:40 info: ======= ENV: development =======
2024-09-27 18:58:40 info: 🚀 App listening on the port 5212
2024-09-27 18:58:40 info: =================================
2024-09-27 18:58:51 info: [0mPOST /api/contenido/crearContenido [32m200[0m 5359.294 ms - 33[0m
2024-09-27 18:59:47 info: =================================
2024-09-27 18:59:47 info: ======= ENV: development =======
2024-09-27 18:59:47 info: 🚀 App listening on the port 5212
2024-09-27 18:59:47 info: =================================
2024-09-27 19:00:33 info: =================================
2024-09-27 19:00:33 info: ======= ENV: development =======
2024-09-27 19:00:33 info: 🚀 App listening on the port 5212
2024-09-27 19:00:33 info: =================================
2024-09-27 19:00:44 info: [0mPOST /api/contenido/crearContenido [32m200[0m 4279.143 ms - 901[0m
2024-09-27 19:02:22 info: =================================
2024-09-27 19:02:22 info: ======= ENV: development =======
2024-09-27 19:02:22 info: 🚀 App listening on the port 5212
2024-09-27 19:02:22 info: =================================
2024-09-27 19:02:46 info: [0mPOST /api/contenido/crearContenido [32m200[0m 6227.666 ms - 901[0m
2024-09-27 19:02:58 info: =================================
2024-09-27 19:02:58 info: ======= ENV: development =======
2024-09-27 19:02:58 info: 🚀 App listening on the port 5212
2024-09-27 19:02:58 info: =================================
2024-09-27 19:03:04 info: [0mPOST /api/contenido/crearContenido [32m200[0m 4188.820 ms - 901[0m
2024-09-27 19:04:42 info: =================================
2024-09-27 19:04:42 info: ======= ENV: development =======
2024-09-27 19:04:42 info: 🚀 App listening on the port 5212
2024-09-27 19:04:42 info: =================================
2024-09-27 19:04:54 info: [0mPOST /api/contenido/crearContenido [32m200[0m 7052.309 ms - 901[0m
2024-09-27 19:06:04 info: =================================
2024-09-27 19:06:04 info: ======= ENV: development =======
2024-09-27 19:06:04 info: 🚀 App listening on the port 5212
2024-09-27 19:06:04 info: =================================
2024-09-27 19:07:20 info: [0mPOST /api/contenido/crearContenido [32m200[0m 66501.873 ms - 901[0m
2024-09-27 19:12:03 info: =================================
2024-09-27 19:12:03 info: ======= ENV: development =======
2024-09-27 19:12:03 info: 🚀 App listening on the port 5212
2024-09-27 19:12:03 info: =================================
2024-09-27 19:12:28 info: [0mPOST /api/contenido/crearContenido [32m200[0m 6259.871 ms - 901[0m
2024-09-27 19:13:17 info: =================================
2024-09-27 19:13:17 info: ======= ENV: development =======
2024-09-27 19:13:17 info: 🚀 App listening on the port 5212
2024-09-27 19:13:17 info: =================================
2024-09-27 19:13:26 info: [0mPOST /api/contenido/crearContenido [32m200[0m 6420.923 ms - 901[0m
2024-09-27 19:15:02 info: =================================
2024-09-27 19:15:02 info: ======= ENV: development =======
2024-09-27 19:15:02 info: 🚀 App listening on the port 5212
2024-09-27 19:15:02 info: =================================
2024-09-27 19:15:11 info: [0mPOST /api/contenido/crearContenido [32m200[0m 7710.058 ms - 901[0m
2024-09-27 19:19:38 info: =================================
2024-09-27 19:19:38 info: ======= ENV: development =======
2024-09-27 19:19:38 info: 🚀 App listening on the port 5212
2024-09-27 19:19:38 info: =================================
2024-09-27 19:19:50 error: [POST] /api/contenido/crearContenido >> StatusCode:: 500, Message:: Cannot read properties of undefined (reading 'contenido')
2024-09-27 19:19:50 info: [0mPOST /api/contenido/crearContenido [31m500[0m 2844.670 ms - 71[0m
2024-09-27 19:21:13 error: [POST] /api/contenido/crearContenido >> StatusCode:: 500, Message:: Cannot read properties of undefined (reading 'contenido')
2024-09-27 19:21:13 info: [0mPOST /api/contenido/crearContenido [31m500[0m 2211.924 ms - 71[0m
