2025-05-05 20:25:16 info: ====================================
2025-05-05 20:25:16 info: ============ ENV: development ===========
2025-05-05 20:25:16 info: 🚀 App listening on the port 5212
2025-05-05 20:25:16 info: ====================================
2025-05-05 20:28:28 info: [0mGET /api/roles/getRoles [32m200[0m 23.860 ms - 734[0m
2025-05-05 20:28:28 info: [0mGET /api/roles/getRoles [36m304[0m 4.991 ms - -[0m
2025-05-05 20:28:37 info: [0mOPTIONS /api/login [32m204[0m 0.336 ms - 0[0m
2025-05-05 20:28:37 error: Error logging in | Error: Email alejandracabrera.nsur@gmail.com no encontrado
2025-05-05 20:28:37 error: [POST] /api/login >> StatusCode:: 409, Message:: Error logging in
2025-05-05 20:28:37 info: [0mPOST /api/login [33m409[0m 199.192 ms - 30[0m
2025-05-05 20:28:51 info: [0mOPTIONS /api/login [32m204[0m 0.352 ms - 0[0m
2025-05-05 20:28:51 info: [0mPOST /api/login [32m200[0m 86.733 ms - 824[0m
2025-05-05 20:28:51 info: [0mGET /api/notificaciones/getNotifications?userId=67d0b62246a9e99d0c977ab4&skip=0&limit=10 [32m200[0m 10.701 ms - 15[0m
2025-05-05 20:28:51 info: [0mGET /api/users/alumnos-usuario?idUser=67d0b62246a9e99d0c977ab4 [32m200[0m 38.835 ms - 14[0m
2025-05-05 20:28:51 info: [0mGET /api/niveles/leerNiveles [32m200[0m 11.795 ms - 40[0m
2025-05-05 20:28:51 info: [0mGET /api/niveles/gruposNiveles [32m200[0m 10.058 ms - 49[0m
2025-05-05 20:28:51 info: [0mGET /api/users/getUsers [32m200[0m 184.284 ms - -[0m
2025-05-05 20:28:51 info: [0mGET /api/alumnoFechaPago/getFechaPagos?alumnoId=67da37ed2784c95e6c31e37d [32m200[0m 4.236 ms - 259[0m
2025-05-05 20:28:51 info: [0mGET /api/alumnoFechaPago/getFechaPagos?alumnoId=67ee5cfba6decf0458e1f5d7 [32m200[0m 4.229 ms - 259[0m
2025-05-05 20:28:51 info: [0mGET /api/contenido/getTodoContenido [32m200[0m 195.035 ms - -[0m
2025-05-05 20:28:55 info: [0mGET /api/contenido/getTodoContenido [36m304[0m 92.567 ms - -[0m
2025-05-05 20:28:55 info: [0mGET /api/roles/getRoles [36m304[0m 76.936 ms - -[0m
2025-05-05 20:28:55 info: [0mGET /api/roles/getRoles [36m304[0m 3.613 ms - -[0m
2025-05-05 20:29:00 info: [0mOPTIONS /api/login [32m204[0m 0.218 ms - 0[0m
2025-05-05 20:29:00 error: Error logging in | Error: Email alejandracabrera.nsur@gmail.com no encontrado
2025-05-05 20:29:00 error: [POST] /api/login >> StatusCode:: 409, Message:: Error logging in
2025-05-05 20:29:00 info: [0mPOST /api/login [33m409[0m 4.466 ms - 30[0m
2025-05-05 20:30:13 info: [0mOPTIONS /api/login [32m204[0m 0.174 ms - 0[0m
2025-05-05 20:30:13 error: Error logging in | Error: Email alejandracabrera.nsur@gmail.com no encontrado
2025-05-05 20:30:13 error: [POST] /api/login >> StatusCode:: 409, Message:: Error logging in
2025-05-05 20:30:13 info: [0mPOST /api/login [33m409[0m 3.776 ms - 30[0m
2025-05-05 20:31:32 info: ====================================
2025-05-05 20:31:32 info: ============ ENV: development ===========
2025-05-05 20:31:32 info: 🚀 App listening on the port 5212
2025-05-05 20:31:32 info: ====================================
2025-05-05 20:31:36 info: [0mOPTIONS /api/login [32m204[0m 0.892 ms - 0[0m
2025-05-05 20:31:36 error: Error logging in | Error: Email alejandracabrera.nsur@gmail.com no encontrado
2025-05-05 20:31:36 info: [0mPOST /api/login [33m400[0m 22.546 ms - 45[0m
2025-05-05 20:33:16 info: ====================================
2025-05-05 20:33:16 info: ============ ENV: development ===========
2025-05-05 20:33:16 info: 🚀 App listening on the port 5212
2025-05-05 20:33:16 info: ====================================
2025-05-05 20:33:16 info: [0mOPTIONS /api/login [32m204[0m 0.970 ms - 0[0m
2025-05-05 20:33:16 error: Error logging in | Error: Email alejandracabrera.nsur@gmail.com no encontrado
2025-05-05 20:33:16 info: [0mPOST /api/login [33m400[0m 28.534 ms - 87[0m
2025-05-05 20:33:20 info: ====================================
2025-05-05 20:33:20 info: ============ ENV: development ===========
2025-05-05 20:33:20 info: 🚀 App listening on the port 5212
2025-05-05 20:33:20 info: ====================================
2025-05-05 20:34:06 info: ====================================
2025-05-05 20:34:06 info: ============ ENV: development ===========
2025-05-05 20:34:06 info: 🚀 App listening on the port 5212
2025-05-05 20:34:06 info: ====================================
2025-05-05 20:34:20 info: [0mOPTIONS /api/login [32m204[0m 0.928 ms - 0[0m
2025-05-05 20:34:21 info: [0mPOST /api/login [32m200[0m 295.086 ms - -[0m
2025-05-05 20:34:21 info: [0mGET /api/niveles/leerNiveles [32m200[0m 72.302 ms - 543[0m
2025-05-05 20:34:21 info: [0mGET /api/notificaciones/getNotifications?userId=67df6e6a8c5ee704572e0317&skip=0&limit=10 [32m200[0m 165.819 ms - -[0m
2025-05-05 20:34:21 info: [0mGET /api/niveles/gruposNiveles [32m200[0m 149.481 ms - -[0m
2025-05-05 20:34:21 info: [0mGET /api/users/alumnos-usuario?idUser=67df6e6a8c5ee704572e0317 [32m200[0m 176.666 ms - -[0m
2025-05-05 20:34:21 info: [0mGET /api/alumnoFechaPago/getFechaPagos?alumnoId=67df6e778c5ee704572e0322 [32m200[0m 70.894 ms - 14[0m
2025-05-05 20:34:21 info: [0mGET /api/alumnoFechaPago/getFechaPagos?alumnoId=6812a65eb2c2c10458f51249 [32m200[0m 72.846 ms - 14[0m
2025-05-05 20:34:21 info: [0mGET /api/alumnoFechaPago/getFechaPagos?alumnoId=6812a73bb2c2c10458f5124f [32m200[0m 71.441 ms - 14[0m
2025-05-05 20:34:21 info: [0mGET /api/alumnoFechaPago/getFechaPagos?alumnoId=6812a656b2c2c10458f51246 [32m200[0m 78.795 ms - 14[0m
2025-05-05 20:34:21 info: [0mGET /api/contenido/getTodoContenido [32m200[0m 570.543 ms - -[0m
2025-05-05 20:37:39 info: ====================================
2025-05-05 20:37:39 info: ============ ENV: development ===========
2025-05-05 20:37:39 info: 🚀 App listening on the port 5212
2025-05-05 20:37:39 info: ====================================
2025-05-05 20:37:45 info: [0mGET /api/users/usuarioDesdeToken/eyJhbGciOiJIUzI1NiIsInR5cCI6IkpXVCJ9.eyJfaWQiOiI2N2RmNmU2YThjNWVlNzA0NTcyZTAzMTciLCJpYXQiOjE3NDY0OTE2NjEsImV4cCI6MTc0NjY2NDQ2MX0.pDtnoel-OTME_uf6rVkH_HDJQc9hmiCk_82qYb9a2jA [32m200[0m 247.075 ms - 1013[0m
2025-05-05 20:37:46 info: [0mGET /api/notificaciones/getNotifications?userId=67df6e6a8c5ee704572e0317&skip=0&limit=10 [36m304[0m 142.952 ms - -[0m
2025-05-05 20:37:46 info: [0mGET /api/users/alumnos-usuario?idUser=67df6e6a8c5ee704572e0317 [36m304[0m 149.041 ms - -[0m
2025-05-05 20:37:46 info: [0mGET /api/users/usuarioDesdeToken/eyJhbGciOiJIUzI1NiIsInR5cCI6IkpXVCJ9.eyJfaWQiOiI2N2RmNmU2YThjNWVlNzA0NTcyZTAzMTciLCJpYXQiOjE3NDY0OTE2NjEsImV4cCI6MTc0NjY2NDQ2MX0.pDtnoel-OTME_uf6rVkH_HDJQc9hmiCk_82qYb9a2jA [32m200[0m 209.784 ms - 1013[0m
2025-05-05 20:37:46 info: [0mGET /api/alumnoFechaPago/getFechaPagos?alumnoId=67df6e778c5ee704572e0322 [36m304[0m 66.587 ms - -[0m
2025-05-05 20:37:46 info: [0mGET /api/alumnoFechaPago/getFechaPagos?alumnoId=6812a65eb2c2c10458f51249 [36m304[0m 66.648 ms - -[0m
2025-05-05 20:37:46 info: [0mGET /api/alumnoFechaPago/getFechaPagos?alumnoId=6812a656b2c2c10458f51246 [36m304[0m 70.477 ms - -[0m
2025-05-05 20:37:46 info: [0mGET /api/alumnoFechaPago/getFechaPagos?alumnoId=6812a73bb2c2c10458f5124f [36m304[0m 71.663 ms - -[0m
2025-05-05 20:37:46 info: [0mGET /api/users/alumnos-usuario?idUser=67df6e6a8c5ee704572e0317 [36m304[0m 141.060 ms - -[0m
2025-05-05 20:37:46 info: [0mGET /api/notificaciones/getNotifications?userId=67df6e6a8c5ee704572e0317&skip=0&limit=10 [36m304[0m 142.663 ms - -[0m
2025-05-05 20:37:46 info: [0mGET /api/alumnoFechaPago/getFechaPagos?alumnoId=67df6e778c5ee704572e0322 [36m304[0m 67.380 ms - -[0m
2025-05-05 20:37:46 info: [0mGET /api/alumnoFechaPago/getFechaPagos?alumnoId=6812a73bb2c2c10458f5124f [36m304[0m 71.006 ms - -[0m
2025-05-05 20:37:46 info: [0mGET /api/alumnoFechaPago/getFechaPagos?alumnoId=6812a656b2c2c10458f51246 [36m304[0m 75.820 ms - -[0m
2025-05-05 20:37:46 info: [0mGET /api/alumnoFechaPago/getFechaPagos?alumnoId=6812a65eb2c2c10458f51249 [36m304[0m 76.522 ms - -[0m
2025-05-05 20:41:39 info: [0mGET /api/users/alumnos-usuario?idUser=67df6e6a8c5ee704572e0317 [36m304[0m 154.496 ms - -[0m
2025-05-05 20:41:39 info: [0mGET /api/alumnoFechaPago/getFechaPagos?alumnoId=67df6e778c5ee704572e0322 [36m304[0m 71.712 ms - -[0m
2025-05-05 20:41:39 info: [0mGET /api/alumnoFechaPago/getFechaPagos?alumnoId=6812a656b2c2c10458f51246 [36m304[0m 76.734 ms - -[0m
2025-05-05 20:41:39 info: [0mGET /api/alumnoFechaPago/getFechaPagos?alumnoId=6812a65eb2c2c10458f51249 [36m304[0m 77.667 ms - -[0m
2025-05-05 20:41:39 info: [0mGET /api/alumnoFechaPago/getFechaPagos?alumnoId=6812a73bb2c2c10458f5124f [36m304[0m 77.621 ms - -[0m
2025-05-05 20:41:45 info: [0mGET /api/users/usuarioDesdeToken/eyJhbGciOiJIUzI1NiIsInR5cCI6IkpXVCJ9.eyJfaWQiOiI2N2RmNmU2YThjNWVlNzA0NTcyZTAzMTciLCJpYXQiOjE3NDY0OTE2NjEsImV4cCI6MTc0NjY2NDQ2MX0.pDtnoel-OTME_uf6rVkH_HDJQc9hmiCk_82qYb9a2jA [32m200[0m 231.446 ms - 1013[0m
2025-05-05 20:41:45 info: [0mGET /api/users/alumnos-usuario?idUser=67df6e6a8c5ee704572e0317 [36m304[0m 152.817 ms - -[0m
2025-05-05 20:41:45 info: [0mGET /api/notificaciones/getNotifications?userId=67df6e6a8c5ee704572e0317&skip=0&limit=10 [36m304[0m 154.081 ms - -[0m
2025-05-05 20:41:45 info: [0mGET /api/users/usuarioDesdeToken/eyJhbGciOiJIUzI1NiIsInR5cCI6IkpXVCJ9.eyJfaWQiOiI2N2RmNmU2YThjNWVlNzA0NTcyZTAzMTciLCJpYXQiOjE3NDY0OTE2NjEsImV4cCI6MTc0NjY2NDQ2MX0.pDtnoel-OTME_uf6rVkH_HDJQc9hmiCk_82qYb9a2jA [32m200[0m 212.480 ms - 1013[0m
2025-05-05 20:41:45 info: [0mGET /api/alumnoFechaPago/getFechaPagos?alumnoId=67df6e778c5ee704572e0322 [36m304[0m 64.893 ms - -[0m
2025-05-05 20:41:45 info: [0mGET /api/alumnoFechaPago/getFechaPagos?alumnoId=6812a656b2c2c10458f51246 [36m304[0m 68.878 ms - -[0m
2025-05-05 20:41:45 info: [0mGET /api/alumnoFechaPago/getFechaPagos?alumnoId=6812a65eb2c2c10458f51249 [36m304[0m 68.230 ms - -[0m
2025-05-05 20:41:45 info: [0mGET /api/alumnoFechaPago/getFechaPagos?alumnoId=6812a73bb2c2c10458f5124f [36m304[0m 68.281 ms - -[0m
2025-05-05 20:41:45 info: [0mGET /api/users/alumnos-usuario?idUser=67df6e6a8c5ee704572e0317 [36m304[0m 135.752 ms - -[0m
2025-05-05 20:41:45 info: [0mGET /api/notificaciones/getNotifications?userId=67df6e6a8c5ee704572e0317&skip=0&limit=10 [36m304[0m 138.337 ms - -[0m
2025-05-05 20:41:46 info: [0mGET /api/alumnoFechaPago/getFechaPagos?alumnoId=67df6e778c5ee704572e0322 [36m304[0m 64.844 ms - -[0m
2025-05-05 20:41:46 info: [0mGET /api/alumnoFechaPago/getFechaPagos?alumnoId=6812a65eb2c2c10458f51249 [36m304[0m 68.189 ms - -[0m
2025-05-05 20:41:46 info: [0mGET /api/alumnoFechaPago/getFechaPagos?alumnoId=6812a73bb2c2c10458f5124f [36m304[0m 69.022 ms - -[0m
2025-05-05 20:41:46 info: [0mGET /api/alumnoFechaPago/getFechaPagos?alumnoId=6812a656b2c2c10458f51246 [36m304[0m 73.450 ms - -[0m
2025-05-05 20:42:00 info: [0mGET /api/users/alumnos-usuario?idUser=67df6e6a8c5ee704572e0317 [36m304[0m 142.573 ms - -[0m
2025-05-05 20:42:00 info: [0mGET /api/alumnoFechaPago/getFechaPagos?alumnoId=67df6e778c5ee704572e0322 [36m304[0m 70.819 ms - -[0m
2025-05-05 20:42:00 info: [0mGET /api/alumnoFechaPago/getFechaPagos?alumnoId=6812a65eb2c2c10458f51249 [36m304[0m 67.807 ms - -[0m
2025-05-05 20:42:00 info: [0mGET /api/alumnoFechaPago/getFechaPagos?alumnoId=6812a656b2c2c10458f51246 [36m304[0m 71.362 ms - -[0m
2025-05-05 20:42:00 info: [0mGET /api/alumnoFechaPago/getFechaPagos?alumnoId=6812a73bb2c2c10458f5124f [36m304[0m 79.495 ms - -[0m
2025-05-05 20:42:35 info: [0mGET /api/users/usuarioDesdeToken/eyJhbGciOiJIUzI1NiIsInR5cCI6IkpXVCJ9.eyJfaWQiOiI2N2RmNmU2YThjNWVlNzA0NTcyZTAzMTciLCJpYXQiOjE3NDY0OTE2NjEsImV4cCI6MTc0NjY2NDQ2MX0.pDtnoel-OTME_uf6rVkH_HDJQc9hmiCk_82qYb9a2jA [32m200[0m 226.516 ms - 1013[0m
2025-05-05 20:42:35 info: [0mGET /api/notificaciones/getNotifications?userId=67df6e6a8c5ee704572e0317&skip=0&limit=10 [36m304[0m 141.359 ms - -[0m
2025-05-05 20:42:35 info: [0mGET /api/users/alumnos-usuario?idUser=67df6e6a8c5ee704572e0317 [32m200[0m 155.614 ms - -[0m
2025-05-05 20:42:35 info: [0mGET /api/users/usuarioDesdeToken/eyJhbGciOiJIUzI1NiIsInR5cCI6IkpXVCJ9.eyJfaWQiOiI2N2RmNmU2YThjNWVlNzA0NTcyZTAzMTciLCJpYXQiOjE3NDY0OTE2NjEsImV4cCI6MTc0NjY2NDQ2MX0.pDtnoel-OTME_uf6rVkH_HDJQc9hmiCk_82qYb9a2jA [32m200[0m 217.108 ms - 1013[0m
2025-05-05 20:42:35 info: [0mGET /api/alumnoFechaPago/getFechaPagos?alumnoId=67df6e778c5ee704572e0322 [36m304[0m 65.107 ms - -[0m
2025-05-05 20:42:35 info: [0mGET /api/alumnoFechaPago/getFechaPagos?alumnoId=6812a656b2c2c10458f51246 [36m304[0m 71.508 ms - -[0m
2025-05-05 20:42:35 info: [0mGET /api/alumnoFechaPago/getFechaPagos?alumnoId=6812a65eb2c2c10458f51249 [36m304[0m 72.091 ms - -[0m
2025-05-05 20:42:35 info: [0mGET /api/alumnoFechaPago/getFechaPagos?alumnoId=6812a73bb2c2c10458f5124f [36m304[0m 71.817 ms - -[0m
2025-05-05 20:42:36 info: [0mGET /api/notificaciones/getNotifications?userId=67df6e6a8c5ee704572e0317&skip=0&limit=10 [36m304[0m 139.961 ms - -[0m
2025-05-05 20:42:36 info: [0mGET /api/users/alumnos-usuario?idUser=67df6e6a8c5ee704572e0317 [36m304[0m 146.483 ms - -[0m
2025-05-05 20:42:36 info: [0mGET /api/alumnoFechaPago/getFechaPagos?alumnoId=67df6e778c5ee704572e0322 [36m304[0m 66.329 ms - -[0m
2025-05-05 20:42:36 info: [0mGET /api/alumnoFechaPago/getFechaPagos?alumnoId=6812a73bb2c2c10458f5124f [36m304[0m 68.627 ms - -[0m
2025-05-05 20:42:36 info: [0mGET /api/alumnoFechaPago/getFechaPagos?alumnoId=6812a65eb2c2c10458f51249 [36m304[0m 70.420 ms - -[0m
2025-05-05 20:42:36 info: [0mGET /api/alumnoFechaPago/getFechaPagos?alumnoId=6812a656b2c2c10458f51246 [36m304[0m 72.760 ms - -[0m
2025-05-05 20:43:13 info: [0mGET /api/users/usuarioDesdeToken/eyJhbGciOiJIUzI1NiIsInR5cCI6IkpXVCJ9.eyJfaWQiOiI2N2RmNmU2YThjNWVlNzA0NTcyZTAzMTciLCJpYXQiOjE3NDY0OTE2NjEsImV4cCI6MTc0NjY2NDQ2MX0.pDtnoel-OTME_uf6rVkH_HDJQc9hmiCk_82qYb9a2jA [32m200[0m 233.760 ms - 1013[0m
2025-05-05 20:43:13 info: [0mGET /api/notificaciones/getNotifications?userId=67df6e6a8c5ee704572e0317&skip=0&limit=10 [36m304[0m 144.809 ms - -[0m
2025-05-05 20:43:13 info: [0mGET /api/users/alumnos-usuario?idUser=67df6e6a8c5ee704572e0317 [32m200[0m 149.770 ms - 766[0m
2025-05-05 20:43:13 info: [0mGET /api/users/usuarioDesdeToken/eyJhbGciOiJIUzI1NiIsInR5cCI6IkpXVCJ9.eyJfaWQiOiI2N2RmNmU2YThjNWVlNzA0NTcyZTAzMTciLCJpYXQiOjE3NDY0OTE2NjEsImV4cCI6MTc0NjY2NDQ2MX0.pDtnoel-OTME_uf6rVkH_HDJQc9hmiCk_82qYb9a2jA [32m200[0m 242.121 ms - 1013[0m
2025-05-05 20:43:13 info: [0mGET /api/alumnoFechaPago/getFechaPagos?alumnoId=67df6e778c5ee704572e0322 [36m304[0m 82.284 ms - -[0m
2025-05-05 20:43:13 info: [0mGET /api/alumnoFechaPago/getFechaPagos?alumnoId=6812a656b2c2c10458f51246 [36m304[0m 81.800 ms - -[0m
2025-05-05 20:43:13 info: [0mGET /api/users/alumnos-usuario?idUser=67df6e6a8c5ee704572e0317 [36m304[0m 137.283 ms - -[0m
2025-05-05 20:43:13 info: [0mGET /api/notificaciones/getNotifications?userId=67df6e6a8c5ee704572e0317&skip=0&limit=10 [36m304[0m 142.063 ms - -[0m
2025-05-05 20:43:13 info: [0mGET /api/alumnoFechaPago/getFechaPagos?alumnoId=67df6e778c5ee704572e0322 [36m304[0m 69.010 ms - -[0m
2025-05-05 20:43:13 info: [0mGET /api/alumnoFechaPago/getFechaPagos?alumnoId=6812a656b2c2c10458f51246 [36m304[0m 69.009 ms - -[0m
