2025-03-31 06:37:05 info: ====================================
2025-03-31 06:37:05 info: ============ ENV: development ===========
2025-03-31 06:37:05 info: 🚀 App listening on the port 5212
2025-03-31 06:37:05 info: ====================================
2025-03-31 06:39:06 info: ====================================
2025-03-31 06:39:06 info: ============ ENV: development ===========
2025-03-31 06:39:06 info: 🚀 App listening on the port 5212
2025-03-31 06:39:06 info: ====================================
2025-03-31 06:41:48 info: ====================================
2025-03-31 06:41:48 info: ============ ENV: development ===========
2025-03-31 06:41:48 info: 🚀 App listening on the port 5212
2025-03-31 06:41:48 info: ====================================
2025-03-31 06:58:03 info: ====================================
2025-03-31 06:58:03 info: ============ ENV: development ===========
2025-03-31 06:58:03 info: 🚀 App listening on the port 5212
2025-03-31 06:58:03 info: ====================================
2025-03-31 07:00:30 info: ====================================
2025-03-31 07:00:30 info: ============ ENV: development ===========
2025-03-31 07:00:30 info: 🚀 App listening on the port 5212
2025-03-31 07:00:30 info: ====================================
2025-03-31 07:01:15 info: ====================================
2025-03-31 07:01:15 info: ============ ENV: development ===========
2025-03-31 07:01:15 info: 🚀 App listening on the port 5212
2025-03-31 07:01:15 info: ====================================
2025-03-31 07:07:47 info: ====================================
2025-03-31 07:07:47 info: ============ ENV: development ===========
2025-03-31 07:07:47 info: 🚀 App listening on the port 5212
2025-03-31 07:07:47 info: ====================================
2025-03-31 07:22:01 info: ====================================
2025-03-31 07:22:01 info: ============ ENV: development ===========
2025-03-31 07:22:01 info: 🚀 App listening on the port 5212
2025-03-31 07:22:01 info: ====================================
2025-03-31 07:22:43 info: [0mGET /api/roles/getRoles [32m200[0m 96.891 ms - 734[0m
2025-03-31 07:22:43 info: [0mGET /api/roles/getRoles [36m304[0m 85.001 ms - -[0m
2025-03-31 07:22:52 info: [0mOPTIONS /api/login [32m204[0m 0.442 ms - 0[0m
2025-03-31 07:22:53 info: [0mPOST /api/login [32m200[0m 894.380 ms - -[0m
2025-03-31 07:22:53 info: [0mOPTIONS /api/contenido/leerContenidos [32m204[0m 0.238 ms - 0[0m
2025-03-31 07:22:54 info: [0mPOST /api/contenido/leerContenidos [32m200[0m 548.929 ms - -[0m
2025-03-31 07:43:25 info: [0mGET /api/roles/getRoles [32m200[0m 80.248 ms - 734[0m
2025-03-31 07:43:25 info: [0mGET /api/roles/getRoles [36m304[0m 95.778 ms - -[0m
2025-03-31 07:43:25 info: [0mGET /api/niveles/leerNiveles [32m200[0m 104.078 ms - 543[0m
2025-03-31 07:43:25 info: [0mGET /api/niveles/gruposNiveles [32m200[0m 178.773 ms - -[0m
2025-03-31 07:43:26 info: [0mGET /api/users/getUsers [32m200[0m 892.630 ms - -[0m
2025-03-31 07:43:26 info: [0mOPTIONS /api/login [32m204[0m 1.292 ms - 0[0m
2025-03-31 07:43:27 info: [0mPOST /api/login [32m200[0m 289.670 ms - 790[0m
2025-03-31 07:43:27 info: [0mGET /api/niveles/leerNiveles [36m304[0m 87.107 ms - -[0m
2025-03-31 07:43:27 info: [0mGET /api/niveles/gruposNiveles [36m304[0m 156.404 ms - -[0m
2025-03-31 07:43:33 info: [0mGET /api/niveles/leerNiveles [36m304[0m 72.804 ms - -[0m
2025-03-31 07:43:33 info: [0mGET /api/niveles/gruposNiveles [36m304[0m 152.819 ms - -[0m
2025-03-31 07:43:33 info: [0mGET /api/users/getUsers [36m304[0m 334.233 ms - -[0m
2025-03-31 07:47:53 info: ====================================
2025-03-31 07:47:53 info: ============ ENV: development ===========
2025-03-31 07:47:53 info: 🚀 App listening on the port 5212
2025-03-31 07:47:53 info: ====================================
2025-03-31 07:48:03 info: [0mOPTIONS /api/login [32m204[0m 3.387 ms - 0[0m
2025-03-31 07:48:03 info: [0mPOST /api/login [32m200[0m 372.726 ms - 790[0m
2025-03-31 07:48:03 info: [0mGET /api/niveles/leerNiveles [36m304[0m 82.032 ms - -[0m
2025-03-31 07:48:03 info: [0mGET /api/niveles/gruposNiveles [36m304[0m 168.016 ms - -[0m
2025-03-31 07:48:46 info: [0mGET /api/contenido/getTodoContenido [32m200[0m 151.218 ms - -[0m
2025-03-31 07:48:46 info: [0mGET /api/contenido/getTodoContenido [32m200[0m 102.073 ms - -[0m
2025-03-31 07:48:46 info: [0mGET /api/contenido/getTodoContenido [32m200[0m 165.124 ms - -[0m
2025-03-31 07:48:46 info: [0mGET /api/niveles/leerNiveles [32m200[0m 137.793 ms - 543[0m
2025-03-31 07:48:46 info: [0mGET /api/niveles/gruposNiveles [32m200[0m 232.340 ms - -[0m
2025-03-31 07:48:47 info: [0mGET /api/users/getUsers [32m200[0m 860.551 ms - -[0m
2025-03-31 07:48:58 info: [0mGET /api/roles/getRoles [32m200[0m 82.126 ms - 734[0m
2025-03-31 07:48:58 info: [0mGET /api/roles/getRoles [32m200[0m 82.745 ms - 734[0m
2025-03-31 07:49:52 info: ====================================
2025-03-31 07:49:52 info: ============ ENV: development ===========
2025-03-31 07:49:52 info: 🚀 App listening on the port 5212
2025-03-31 07:49:52 info: ====================================
2025-03-31 07:49:55 info: [0mOPTIONS /api/login [32m204[0m 2.066 ms - 0[0m
2025-03-31 07:49:56 info: [0mPOST /api/login [32m200[0m 391.306 ms - 790[0m
2025-03-31 07:49:56 info: [0mGET /api/niveles/leerNiveles [32m200[0m 86.400 ms - 543[0m
2025-03-31 07:49:56 info: [0mGET /api/niveles/gruposNiveles [32m200[0m 177.659 ms - -[0m
2025-03-31 07:51:22 info: [0mGET /api/niveles/leerNiveles [32m200[0m 88.757 ms - 543[0m
2025-03-31 07:51:22 info: [0mGET /api/niveles/gruposNiveles [32m200[0m 169.466 ms - -[0m
2025-03-31 07:51:23 info: [0mGET /api/contenido/getTodoContenido [32m200[0m 886.960 ms - -[0m
2025-03-31 07:51:32 info: [0mGET /api/roles/getRoles [32m200[0m 81.561 ms - 734[0m
2025-03-31 07:51:32 info: [0mGET /api/roles/getRoles [32m200[0m 103.271 ms - 734[0m
2025-03-31 07:51:33 info: [0mOPTIONS /api/login [32m204[0m 0.316 ms - 0[0m
2025-03-31 07:51:33 info: [0mPOST /api/login [32m200[0m 303.963 ms - 790[0m
2025-03-31 07:51:33 info: [0mGET /api/niveles/leerNiveles [32m200[0m 74.015 ms - 543[0m
2025-03-31 07:51:34 info: [0mGET /api/niveles/gruposNiveles [32m200[0m 152.826 ms - -[0m
2025-03-31 07:51:57 info: [0mGET /api/niveles/leerNiveles [32m200[0m 84.028 ms - 543[0m
2025-03-31 07:51:57 info: [0mGET /api/niveles/gruposNiveles [32m200[0m 157.873 ms - -[0m
2025-03-31 07:51:57 info: [0mGET /api/contenido/getTodoContenido [32m200[0m 815.674 ms - -[0m
2025-03-31 07:53:26 info: [0mGET /api/niveles/leerNiveles [32m200[0m 79.173 ms - 543[0m
2025-03-31 07:53:26 info: [0mGET /api/niveles/gruposNiveles [32m200[0m 160.721 ms - -[0m
2025-03-31 07:53:27 info: [0mGET /api/users/getUsers [32m200[0m 375.272 ms - -[0m
2025-03-31 07:53:36 info: [0mGET /api/niveles/leerNiveles [32m200[0m 87.565 ms - 543[0m
2025-03-31 07:53:36 info: [0mGET /api/niveles/gruposNiveles [32m200[0m 185.326 ms - -[0m
2025-03-31 07:53:37 info: [0mGET /api/users/getUsers [32m200[0m 827.226 ms - -[0m
2025-03-31 07:53:40 info: [0mGET /api/roles/getRoles [32m200[0m 78.110 ms - 734[0m
2025-03-31 07:53:40 info: [0mGET /api/roles/getRoles [32m200[0m 78.792 ms - 734[0m
2025-03-31 07:53:41 info: [0mGET /api/contenido/getTodoContenido [32m200[0m 743.734 ms - -[0m
2025-03-31 07:53:41 info: [0mOPTIONS /api/login [32m204[0m 0.501 ms - 0[0m
2025-03-31 07:53:41 info: [0mPOST /api/login [32m200[0m 320.874 ms - 790[0m
2025-03-31 07:53:41 info: [0mGET /api/niveles/leerNiveles [32m200[0m 75.912 ms - 543[0m
2025-03-31 07:53:41 info: [0mGET /api/niveles/gruposNiveles [32m200[0m 150.469 ms - -[0m
2025-03-31 07:53:42 info: [0mGET /api/contenido/getTodoContenido [32m200[0m 697.699 ms - -[0m
2025-03-31 08:10:40 info: [0mGET /api/niveles/leerNiveles [32m200[0m 82.917 ms - 543[0m
2025-03-31 08:10:40 info: [0mGET /api/niveles/gruposNiveles [32m200[0m 159.950 ms - -[0m
2025-03-31 08:10:40 info: [0mGET /api/users/getUsers [32m200[0m 303.270 ms - -[0m
2025-03-31 08:10:44 info: [0mGET /api/roles/getRoles [32m200[0m 76.649 ms - 734[0m
2025-03-31 08:10:44 info: [0mGET /api/roles/getRoles [32m200[0m 75.754 ms - 734[0m
2025-03-31 08:10:45 info: [0mGET /api/contenido/getTodoContenido [32m200[0m 568.239 ms - -[0m
2025-03-31 08:10:45 info: [0mOPTIONS /api/login [32m204[0m 0.160 ms - 0[0m
2025-03-31 08:10:45 info: [0mPOST /api/login [32m200[0m 191.223 ms - 790[0m
2025-03-31 08:10:45 info: [0mGET /api/niveles/leerNiveles [32m200[0m 72.700 ms - 543[0m
2025-03-31 08:10:45 info: [0mGET /api/niveles/gruposNiveles [32m200[0m 140.542 ms - -[0m
2025-03-31 08:10:46 info: [0mGET /api/contenido/getTodoContenido [32m200[0m 565.008 ms - -[0m
2025-03-31 08:14:33 info: ====================================
2025-03-31 08:14:33 info: ============ ENV: development ===========
2025-03-31 08:14:33 info: 🚀 App listening on the port 5212
2025-03-31 08:14:33 info: ====================================
2025-03-31 08:14:42 info: [0mGET /api/niveles/leerNiveles [32m200[0m 88.583 ms - 543[0m
2025-03-31 08:14:43 info: [0mGET /api/niveles/gruposNiveles [32m200[0m 201.619 ms - -[0m
2025-03-31 08:14:43 info: [0mGET /api/users/getUsers [32m200[0m 763.930 ms - -[0m
2025-03-31 08:14:44 info: [0mGET /api/roles/getRoles [32m200[0m 70.482 ms - 734[0m
2025-03-31 08:14:44 info: [0mGET /api/roles/getRoles [32m200[0m 71.650 ms - 734[0m
2025-03-31 08:14:44 info: [0mGET /api/contenido/getTodoContenido [32m200[0m 621.177 ms - -[0m
2025-03-31 08:14:45 info: [0mOPTIONS /api/login [32m204[0m 0.398 ms - 0[0m
2025-03-31 08:14:45 info: [0mPOST /api/login [32m200[0m 216.271 ms - 790[0m
2025-03-31 08:14:45 info: [0mGET /api/niveles/leerNiveles [32m200[0m 67.110 ms - 543[0m
2025-03-31 08:14:45 info: [0mGET /api/niveles/gruposNiveles [32m200[0m 143.112 ms - -[0m
2025-03-31 08:14:45 info: [0mGET /api/contenido/getTodoContenido [32m200[0m 433.869 ms - -[0m
2025-03-31 08:15:17 info: ====================================
2025-03-31 08:15:17 info: ============ ENV: development ===========
2025-03-31 08:15:17 info: 🚀 App listening on the port 5212
2025-03-31 08:15:17 info: ====================================
2025-03-31 08:15:56 info: [0mGET /api/contenido/getTodoContenido [32m200[0m 669.851 ms - -[0m
2025-03-31 08:15:57 info: [0mOPTIONS /api/login [32m204[0m 0.516 ms - 0[0m
2025-03-31 08:15:57 info: [0mPOST /api/login [32m200[0m 276.687 ms - 790[0m
2025-03-31 08:15:57 info: [0mGET /api/niveles/leerNiveles [32m200[0m 82.292 ms - 543[0m
2025-03-31 08:15:57 info: [0mGET /api/niveles/gruposNiveles [32m200[0m 145.908 ms - -[0m
2025-03-31 08:15:57 info: [0mGET /api/contenido/getTodoContenido [32m200[0m 438.071 ms - -[0m
2025-03-31 08:18:22 info: ====================================
2025-03-31 08:18:22 info: ============ ENV: development ===========
2025-03-31 08:18:22 info: 🚀 App listening on the port 5212
2025-03-31 08:18:22 info: ====================================
2025-03-31 08:18:30 info: [0mGET /api/contenido/getTodoContenido [32m200[0m 606.708 ms - -[0m
2025-03-31 08:18:31 info: [0mOPTIONS /api/login [32m204[0m 0.337 ms - 0[0m
2025-03-31 08:18:31 info: [0mPOST /api/login [32m200[0m 235.929 ms - 790[0m
2025-03-31 08:18:31 info: [0mGET /api/niveles/leerNiveles [32m200[0m 74.934 ms - 543[0m
2025-03-31 08:18:31 info: [0mGET /api/niveles/gruposNiveles [32m200[0m 147.445 ms - -[0m
2025-03-31 08:18:32 info: [0mGET /api/contenido/getTodoContenido [32m200[0m 596.192 ms - -[0m
2025-03-31 08:18:55 info: ====================================
2025-03-31 08:18:55 info: ============ ENV: development ===========
2025-03-31 08:18:55 info: 🚀 App listening on the port 5212
2025-03-31 08:18:55 info: ====================================
2025-03-31 08:18:57 info: [0mGET /api/contenido/getTodoContenido [32m200[0m 627.881 ms - -[0m
2025-03-31 08:19:01 info: [0mOPTIONS /api/login [32m204[0m 0.386 ms - 0[0m
2025-03-31 08:19:01 info: [0mPOST /api/login [32m200[0m 222.418 ms - 790[0m
2025-03-31 08:19:01 info: [0mGET /api/niveles/leerNiveles [32m200[0m 71.375 ms - 543[0m
2025-03-31 08:19:01 info: [0mGET /api/niveles/gruposNiveles [32m200[0m 151.368 ms - -[0m
2025-03-31 08:19:01 info: [0mGET /api/contenido/getTodoContenido [32m200[0m 591.174 ms - -[0m
2025-03-31 08:20:44 info: ====================================
2025-03-31 08:20:44 info: ============ ENV: development ===========
2025-03-31 08:20:44 info: 🚀 App listening on the port 5212
2025-03-31 08:20:44 info: ====================================
2025-03-31 08:20:47 info: [0mGET /api/contenido/getTodoContenido [32m200[0m 1609.254 ms - -[0m
2025-03-31 08:20:52 info: [0mOPTIONS /api/login [32m204[0m 0.246 ms - 0[0m
2025-03-31 08:20:53 info: [0mPOST /api/login [32m200[0m 223.193 ms - 790[0m
2025-03-31 08:20:53 info: [0mGET /api/niveles/leerNiveles [32m200[0m 73.027 ms - 543[0m
2025-03-31 08:20:53 info: [0mGET /api/niveles/gruposNiveles [32m200[0m 152.082 ms - -[0m
2025-03-31 08:20:53 info: [0mGET /api/contenido/getTodoContenido [32m200[0m 749.324 ms - -[0m
2025-03-31 08:21:33 info: [0mGET /api/contenido/getTodoContenido [32m200[0m 776.645 ms - -[0m
2025-03-31 08:21:34 info: [0mOPTIONS /api/login [32m204[0m 0.159 ms - 0[0m
2025-03-31 08:21:34 info: [0mPOST /api/login [32m200[0m 188.785 ms - 790[0m
2025-03-31 08:21:34 info: [0mGET /api/niveles/leerNiveles [32m200[0m 69.199 ms - 543[0m
2025-03-31 08:21:34 info: [0mGET /api/niveles/gruposNiveles [32m200[0m 149.929 ms - -[0m
2025-03-31 08:21:35 info: [0mGET /api/contenido/getTodoContenido [32m200[0m 787.545 ms - -[0m
2025-03-31 08:33:41 info: ====================================
2025-03-31 08:33:41 info: ============ ENV: development ===========
2025-03-31 08:33:41 info: 🚀 App listening on the port 5212
2025-03-31 08:33:41 info: ====================================
2025-03-31 08:37:38 info: ====================================
2025-03-31 08:37:38 info: ============ ENV: development ===========
2025-03-31 08:37:38 info: 🚀 App listening on the port 5212
2025-03-31 08:37:38 info: ====================================
2025-03-31 08:39:09 info: ====================================
2025-03-31 08:39:09 info: ============ ENV: development ===========
2025-03-31 08:39:09 info: 🚀 App listening on the port 5212
2025-03-31 08:39:09 info: ====================================
2025-03-31 08:39:54 info: ====================================
2025-03-31 08:39:54 info: ============ ENV: development ===========
2025-03-31 08:39:54 info: 🚀 App listening on the port 5212
2025-03-31 08:39:54 info: ====================================
2025-03-31 08:43:15 info: ====================================
2025-03-31 08:43:15 info: ============ ENV: development ===========
2025-03-31 08:43:15 info: 🚀 App listening on the port 5212
2025-03-31 08:43:15 info: ====================================
2025-03-31 08:44:50 info: ====================================
2025-03-31 08:44:50 info: ============ ENV: development ===========
2025-03-31 08:44:50 info: 🚀 App listening on the port 5212
2025-03-31 08:44:50 info: ====================================
2025-03-31 09:00:03 info: ====================================
2025-03-31 09:00:03 info: ============ ENV: development ===========
2025-03-31 09:00:03 info: 🚀 App listening on the port 5212
2025-03-31 09:00:03 info: ====================================
2025-03-31 09:03:50 info: ====================================
2025-03-31 09:03:50 info: ============ ENV: development ===========
2025-03-31 09:03:50 info: 🚀 App listening on the port 5212
2025-03-31 09:03:50 info: ====================================
2025-03-31 09:04:04 info: ====================================
2025-03-31 09:04:04 info: ============ ENV: development ===========
2025-03-31 09:04:04 info: 🚀 App listening on the port 5212
2025-03-31 09:04:04 info: ====================================
2025-03-31 09:14:10 info: ====================================
2025-03-31 09:14:10 info: ============ ENV: development ===========
2025-03-31 09:14:10 info: 🚀 App listening on the port 5212
2025-03-31 09:14:10 info: ====================================
2025-03-31 09:16:44 info: ====================================
2025-03-31 09:16:44 info: ============ ENV: development ===========
2025-03-31 09:16:44 info: 🚀 App listening on the port 5212
2025-03-31 09:16:44 info: ====================================
2025-03-31 09:20:33 info: ====================================
2025-03-31 09:20:33 info: ============ ENV: development ===========
2025-03-31 09:20:33 info: 🚀 App listening on the port 5212
2025-03-31 09:20:33 info: ====================================
2025-03-31 11:32:33 info: ====================================
2025-03-31 11:32:33 info: ============ ENV: development ===========
2025-03-31 11:32:33 info: 🚀 App listening on the port 5212
2025-03-31 11:32:33 info: ====================================
2025-03-31 11:43:28 info: ====================================
2025-03-31 11:43:28 info: ============ ENV: development ===========
2025-03-31 11:43:28 info: 🚀 App listening on the port 5212
2025-03-31 11:43:28 info: ====================================
2025-03-31 11:44:15 info: ====================================
2025-03-31 11:44:15 info: ============ ENV: development ===========
2025-03-31 11:44:15 info: 🚀 App listening on the port 5212
2025-03-31 11:44:15 info: ====================================
2025-03-31 11:55:58 info: ====================================
2025-03-31 11:55:58 info: ============ ENV: development ===========
2025-03-31 11:55:58 info: 🚀 App listening on the port 5212
2025-03-31 11:55:58 info: ====================================
2025-03-31 12:03:25 info: ====================================
2025-03-31 12:03:25 info: ============ ENV: development ===========
2025-03-31 12:03:25 info: 🚀 App listening on the port 5212
2025-03-31 12:03:25 info: ====================================
2025-03-31 12:13:52 info: ====================================
2025-03-31 12:13:52 info: ============ ENV: development ===========
2025-03-31 12:13:52 info: 🚀 App listening on the port 5212
2025-03-31 12:13:52 info: ====================================
2025-03-31 12:16:37 info: ====================================
2025-03-31 12:16:37 info: ============ ENV: development ===========
2025-03-31 12:16:37 info: 🚀 App listening on the port 5212
2025-03-31 12:16:37 info: ====================================
2025-03-31 12:21:37 info: ====================================
2025-03-31 12:21:37 info: ============ ENV: development ===========
2025-03-31 12:21:37 info: 🚀 App listening on the port 5212
2025-03-31 12:21:37 info: ====================================
2025-03-31 12:22:59 info: ====================================
2025-03-31 12:22:59 info: ============ ENV: development ===========
2025-03-31 12:22:59 info: 🚀 App listening on the port 5212
2025-03-31 12:22:59 info: ====================================
2025-03-31 12:24:25 info: ====================================
2025-03-31 12:24:25 info: ============ ENV: development ===========
2025-03-31 12:24:25 info: 🚀 App listening on the port 5212
2025-03-31 12:24:25 info: ====================================
2025-03-31 12:25:03 info: ====================================
2025-03-31 12:25:03 info: ============ ENV: development ===========
2025-03-31 12:25:03 info: 🚀 App listening on the port 5212
2025-03-31 12:25:03 info: ====================================
2025-03-31 12:30:53 info: ====================================
2025-03-31 12:30:53 info: ============ ENV: development ===========
2025-03-31 12:30:53 info: 🚀 App listening on the port 5212
2025-03-31 12:30:53 info: ====================================
2025-03-31 12:31:05 info: ====================================
2025-03-31 12:31:05 info: ============ ENV: development ===========
2025-03-31 12:31:05 info: 🚀 App listening on the port 5212
2025-03-31 12:31:05 info: ====================================
2025-03-31 12:33:26 info: ====================================
2025-03-31 12:33:26 info: ============ ENV: development ===========
2025-03-31 12:33:26 info: 🚀 App listening on the port 5212
2025-03-31 12:33:26 info: ====================================
2025-03-31 12:34:32 info: ====================================
2025-03-31 12:34:32 info: ============ ENV: development ===========
2025-03-31 12:34:32 info: 🚀 App listening on the port 5212
2025-03-31 12:34:32 info: ====================================
2025-03-31 12:35:02 info: ====================================
2025-03-31 12:35:02 info: ============ ENV: development ===========
2025-03-31 12:35:02 info: 🚀 App listening on the port 5212
2025-03-31 12:35:02 info: ====================================
2025-03-31 12:40:08 info: ====================================
2025-03-31 12:40:08 info: ============ ENV: development ===========
2025-03-31 12:40:08 info: 🚀 App listening on the port 5212
2025-03-31 12:40:08 info: ====================================
2025-03-31 12:40:29 info: ====================================
2025-03-31 12:40:29 info: ============ ENV: development ===========
2025-03-31 12:40:29 info: 🚀 App listening on the port 5212
2025-03-31 12:40:29 info: ====================================
2025-03-31 12:40:44 info: ====================================
2025-03-31 12:40:44 info: ============ ENV: development ===========
2025-03-31 12:40:44 info: 🚀 App listening on the port 5212
2025-03-31 12:40:44 info: ====================================
2025-03-31 12:54:25 info: ====================================
2025-03-31 12:54:25 info: ============ ENV: development ===========
2025-03-31 12:54:25 info: 🚀 App listening on the port 5212
2025-03-31 12:54:25 info: ====================================
2025-03-31 12:58:50 info: ====================================
2025-03-31 12:58:50 info: ============ ENV: development ===========
2025-03-31 12:58:50 info: 🚀 App listening on the port 5212
2025-03-31 12:58:50 info: ====================================
2025-03-31 12:59:13 info: ====================================
2025-03-31 12:59:13 info: ============ ENV: development ===========
2025-03-31 12:59:13 info: 🚀 App listening on the port 5212
2025-03-31 12:59:13 info: ====================================
2025-03-31 13:07:39 info: ====================================
2025-03-31 13:07:39 info: ============ ENV: development ===========
2025-03-31 13:07:39 info: 🚀 App listening on the port 5212
2025-03-31 13:07:39 info: ====================================
2025-03-31 13:09:09 info: ====================================
2025-03-31 13:09:09 info: ============ ENV: development ===========
2025-03-31 13:09:09 info: 🚀 App listening on the port 5212
2025-03-31 13:09:09 info: ====================================
2025-03-31 13:12:00 info: De: %s "Gonzalo Orellana" <go.orellana.c@gmail.com>
2025-03-31 13:12:00 info: De: %s test 3
2025-03-31 13:12:00 info: go.orellana.c@gmail.com
2025-03-31 13:12:00 info: no value
2025-03-31 13:53:49 info: ====================================
2025-03-31 13:53:49 info: ============ ENV: development ===========
2025-03-31 13:53:49 info: 🚀 App listening on the port 5212
2025-03-31 13:53:49 info: ====================================
