2025-03-14 06:05:57 info: ====================================
2025-03-14 06:05:57 info: ============ ENV: development ===========
2025-03-14 06:05:57 info: 🚀 App listening on the port 5212
2025-03-14 06:05:57 info: ====================================
2025-03-14 06:06:28 info: [0mGET /api/roles/getRoles [36m304[0m 63.127 ms - -[0m
2025-03-14 06:06:28 info: [0mGET /api/roles/getRoles [36m304[0m 25.633 ms - -[0m
2025-03-14 06:06:28 info: [0mGET /api/niveles/leerNiveles [36m304[0m 95.606 ms - -[0m
2025-03-14 06:06:28 info: [0mGET /api/contenido/leerContenidosBasicos [36m304[0m 457.969 ms - -[0m
2025-03-14 06:06:28 info: [0mGET /api/contenido/leerContenidosV2 [36m304[0m 13.323 ms - -[0m
2025-03-14 06:07:37 info: [0mGET /api/roles/getRoles [36m304[0m 10.292 ms - -[0m
2025-03-14 06:07:37 info: [0mGET /api/roles/getRoles [36m304[0m 10.330 ms - -[0m
2025-03-14 06:14:02 info: [0mGET /api/roles/getRoles [36m304[0m 15.270 ms - -[0m
2025-03-14 06:14:02 info: [0mGET /api/roles/getRoles [36m304[0m 30.467 ms - -[0m
2025-03-14 06:14:03 info: [0mGET /api/niveles/leerNiveles [36m304[0m 16.329 ms - -[0m
2025-03-14 06:14:03 info: [0mGET /api/contenido/leerContenidosBasicos [36m304[0m 140.530 ms - -[0m
2025-03-14 06:14:03 info: [0mGET /api/contenido/leerContenidosV2 [36m304[0m 5.652 ms - -[0m
2025-03-14 06:14:15 info: [0mOPTIONS /api/login [32m204[0m 3.200 ms - 0[0m
2025-03-14 06:14:16 info: [0mPOST /api/login [32m200[0m 693.844 ms - 768[0m
2025-03-14 06:14:16 info: [0mGET /api/niveles/leerNiveles [36m304[0m 21.901 ms - -[0m
2025-03-14 06:14:16 info: [0mGET /api/contenido/leerContenidosBasicos [36m304[0m 202.780 ms - -[0m
2025-03-14 06:14:17 info: [0mGET /api/niveles/leerNiveles [36m304[0m 391.232 ms - -[0m
2025-03-14 06:14:17 info: [0mGET /api/contenido/leerContenidosV2 [36m304[0m 398.882 ms - -[0m
2025-03-14 06:14:17 info: [0mGET /api/users/getUsers [32m200[0m 417.671 ms - -[0m
2025-03-14 06:14:17 info: [0mGET /api/contenido/leerContenidos [32m200[0m 413.953 ms - -[0m
2025-03-14 06:14:17 info: [0mGET /api/contenido/leerContenidosV2 [36m304[0m 5.429 ms - -[0m
2025-03-14 06:14:39 info: [0mGET /api/roles/getRoles [36m304[0m 7.029 ms - -[0m
2025-03-14 06:14:39 info: [0mGET /api/roles/getRoles [36m304[0m 8.045 ms - -[0m
2025-03-14 06:14:39 info: [0mGET /api/niveles/leerNiveles [36m304[0m 17.641 ms - -[0m
2025-03-14 06:14:39 info: [0mGET /api/contenido/leerContenidosBasicos [36m304[0m 208.293 ms - -[0m
2025-03-14 06:14:40 info: [0mGET /api/contenido/leerContenidos [36m304[0m 392.199 ms - -[0m
2025-03-14 06:14:40 info: [0mGET /api/niveles/leerNiveles [36m304[0m 386.676 ms - -[0m
2025-03-14 06:14:40 info: [0mGET /api/users/getUsers [36m304[0m 400.708 ms - -[0m
2025-03-14 06:14:40 info: [0mGET /api/contenido/leerContenidosV2 [36m304[0m 16.453 ms - -[0m
2025-03-14 06:14:40 info: [0mGET /api/contenido/leerContenidosV2 [36m304[0m 5.395 ms - -[0m
2025-03-14 06:14:54 info: [0mOPTIONS /api/login [32m204[0m 0.851 ms - 0[0m
2025-03-14 06:14:55 error: [POST] /api/login >> StatusCode:: 409, Message:: Contraseña incorrecta
2025-03-14 06:14:55 info: [0mPOST /api/login [33m409[0m 312.536 ms - 36[0m
2025-03-14 06:27:05 info: ====================================
2025-03-14 06:27:05 info: ============ ENV: development ===========
2025-03-14 06:27:05 info: 🚀 App listening on the port 5212
2025-03-14 06:27:05 info: ====================================
2025-03-14 06:27:14 info: [0mOPTIONS /api/login [32m204[0m 2.652 ms - 0[0m
2025-03-14 06:27:14 info: [0mPOST /api/login [32m200[0m 268.303 ms - 793[0m
2025-03-14 06:27:14 info: [0mGET /api/contenido/leerContenidos [36m304[0m 378.601 ms - -[0m
2025-03-14 06:27:14 info: [0mGET /api/niveles/leerNiveles [36m304[0m 373.884 ms - -[0m
2025-03-14 06:27:15 info: [0mGET /api/contenido/leerContenidosV2 [36m304[0m 12.472 ms - -[0m
2025-03-14 06:27:33 info: [0mGET /api/niveles/leerNiveles [36m304[0m 19.576 ms - -[0m
2025-03-14 06:27:33 info: [0mGET /api/contenido/leerContenidos [36m304[0m 320.188 ms - -[0m
2025-03-14 06:27:33 info: [0mGET /api/contenido/leerContenidosBasicos [36m304[0m 423.579 ms - -[0m
2025-03-14 06:27:33 info: [0mGET /api/niveles/leerNiveles [36m304[0m 358.374 ms - -[0m
2025-03-14 06:27:33 info: [0mGET /api/contenido/leerContenidosV2 [36m304[0m 6.571 ms - -[0m
2025-03-14 06:27:33 info: [0mGET /api/contenido/leerContenidosV2 [36m304[0m 14.136 ms - -[0m
2025-03-14 06:27:33 info: [0mGET /api/users/getUsers [32m200[0m 385.035 ms - -[0m
2025-03-14 06:38:46 info: ====================================
2025-03-14 06:38:46 info: ============ ENV: development ===========
2025-03-14 06:38:46 info: 🚀 App listening on the port 5212
2025-03-14 06:38:46 info: ====================================
2025-03-14 06:38:56 info: [0mOPTIONS /api/validarUsuario [32m204[0m 2.085 ms - 0[0m
2025-03-14 06:38:56 info: [0mPOST /api/validarUsuario [33m404[0m 63.527 ms - 158[0m
2025-03-14 06:40:04 info: [0mGET /api/contenido/leerContenidos [36m304[0m 335.827 ms - -[0m
2025-03-14 06:40:04 info: [0mGET /api/niveles/leerNiveles [36m304[0m 334.181 ms - -[0m
2025-03-14 06:40:04 info: [0mGET /api/users/getUsers [36m304[0m 390.159 ms - -[0m
2025-03-14 06:40:04 info: [0mGET /api/contenido/leerContenidos [36m304[0m 309.536 ms - -[0m
2025-03-14 06:40:04 info: [0mGET /api/niveles/leerNiveles [36m304[0m 304.177 ms - -[0m
2025-03-14 06:40:04 info: [0mGET /api/contenido/leerContenidosV2 [36m304[0m 13.261 ms - -[0m
2025-03-14 06:40:04 info: [0mGET /api/users/getUsers [36m304[0m 29.752 ms - -[0m
2025-03-14 06:40:04 info: [0mGET /api/contenido/leerContenidosV2 [36m304[0m 7.381 ms - -[0m
2025-03-14 06:40:09 info: [0mOPTIONS /api/users/validarUsuario [32m204[0m 1.068 ms - 0[0m
2025-03-14 06:40:11 error: Invalid login: 535 Incorrect authentication data
2025-03-14 06:40:11 info: [0mPOST /api/users/validarUsuario [32m200[0m 2364.551 ms - 653[0m
2025-03-14 06:40:21 info: ====================================
2025-03-14 06:40:21 info: ============ ENV: development ===========
2025-03-14 06:40:21 info: 🚀 App listening on the port 5212
2025-03-14 06:40:21 info: ====================================
2025-03-14 06:45:46 info: ====================================
2025-03-14 06:45:46 info: ============ ENV: development ===========
2025-03-14 06:45:46 info: 🚀 App listening on the port 5212
2025-03-14 06:45:46 info: ====================================
2025-03-14 06:53:39 info: ====================================
2025-03-14 06:53:39 info: ============ ENV: development ===========
2025-03-14 06:53:39 info: 🚀 App listening on the port 5212
2025-03-14 06:53:39 info: ====================================
2025-03-14 06:53:52 info: [0mOPTIONS /api/users/validarUsuario [32m204[0m 4.433 ms - 0[0m
2025-03-14 06:53:52 error: Se requieren credenciales SMTP
2025-03-14 06:53:52 info: [0mPOST /api/users/validarUsuario [32m200[0m 101.949 ms - 653[0m
2025-03-14 06:54:12 info: ====================================
2025-03-14 06:54:12 info: ============ ENV: development ===========
2025-03-14 06:54:12 info: 🚀 App listening on the port 5212
2025-03-14 06:54:12 info: ====================================
2025-03-14 06:54:15 info: [0mOPTIONS /api/users/validarUsuario [32m204[0m 4.133 ms - 0[0m
2025-03-14 06:54:15 error: Se requieren credenciales SMTP
2025-03-14 06:54:15 info: [0mPOST /api/users/validarUsuario [32m200[0m 96.424 ms - 653[0m
2025-03-14 06:55:22 info: ====================================
2025-03-14 06:55:22 info: ============ ENV: development ===========
2025-03-14 06:55:22 info: 🚀 App listening on the port 5212
2025-03-14 06:55:22 info: ====================================
2025-03-14 06:55:55 info: [0mGET /api/niveles/leerNiveles [36m304[0m 40.285 ms - -[0m
2025-03-14 06:55:56 info: [0mGET /api/contenido/leerContenidosBasicos [36m304[0m 284.319 ms - -[0m
2025-03-14 06:55:56 info: [0mGET /api/niveles/leerNiveles [36m304[0m 170.463 ms - -[0m
2025-03-14 06:55:56 info: [0mGET /api/contenido/leerContenidos [36m304[0m 502.628 ms - -[0m
2025-03-14 06:55:56 info: [0mGET /api/contenido/leerContenidosV2 [36m304[0m 12.499 ms - -[0m
2025-03-14 06:55:56 info: [0mGET /api/users/getUsers [36m304[0m 550.652 ms - -[0m
2025-03-14 06:55:56 info: [0mGET /api/contenido/leerContenidosV2 [36m304[0m 23.591 ms - -[0m
2025-03-14 06:57:16 info: [0mOPTIONS /api/users/validarUsuario [32m204[0m 0.936 ms - 0[0m
2025-03-14 06:57:22 info: [0mPOST /api/users/validarUsuario [32m200[0m 5883.361 ms - 653[0m
2025-03-14 07:12:09 info: [0mGET /bienvenida/eyJhbGciOiJIUzI1NiIsInR5cCI6IkpXVCJ9.eyJfaWQiOiI2N2QxNTI3ZmEzOTMzODUzOTQ5MDY1YzQiLCJpYXQiOjE3NDE5NDYyMzYsImV4cCI6MTc0MTk0OTgzNn0.DbZPckUlOJDc0ZEy3Rvvgr6FRpP9hvur4F6Q13cLfGo [32m200[0m 202.953 ms - -[0m
2025-03-14 07:12:09 info: [0mGET /assets/index-Da8VmRVi.css [32m200[0m 40.787 ms - -[0m
2025-03-14 07:12:10 info: [0mGET /assets/index-BoVdbqy4.js [32m200[0m 994.186 ms - -[0m
2025-03-14 07:12:10 info: [0mGET /assets/swipe-back-BmQDVAkB.js [32m200[0m 39.562 ms - 682[0m
2025-03-14 07:12:10 info: [0mGET /manifest.json [32m200[0m 22.491 ms - 462[0m
2025-03-14 07:12:10 info: [0mGET /assets/index9-Cbzu6K-6.js [32m200[0m 29.870 ms - -[0m
2025-03-14 07:12:10 info: [0mGET /assets/icon/uread/uread_logo_violet.png [32m200[0m 27.139 ms - 47403[0m
2025-03-14 07:13:38 info: [0mGET /api/niveles/leerNiveles [36m304[0m 16.150 ms - -[0m
2025-03-14 07:13:38 info: [0mGET /api/contenido/leerContenidosBasicos [36m304[0m 200.659 ms - -[0m
2025-03-14 07:13:39 info: [0mGET /api/contenido/leerContenidos [36m304[0m 433.486 ms - -[0m
2025-03-14 07:13:39 info: [0mGET /api/niveles/leerNiveles [36m304[0m 433.009 ms - -[0m
2025-03-14 07:13:39 info: [0mGET /api/users/getUsers [36m304[0m 449.476 ms - -[0m
2025-03-14 07:13:39 info: [0mGET /api/contenido/leerContenidosV2 [36m304[0m 14.245 ms - -[0m
2025-03-14 07:13:39 info: [0mGET /api/contenido/leerContenidosV2 [36m304[0m 6.616 ms - -[0m
2025-03-14 07:15:15 info: [0mOPTIONS /api/reset-password [32m204[0m 0.327 ms - 0[0m
2025-03-14 07:15:16 info: [0mPOST /api/reset-password [32m200[0m 221.578 ms - 559[0m
2025-03-14 07:15:19 info: [0mGET /api/roles/getRoles [36m304[0m 8.146 ms - -[0m
2025-03-14 07:15:19 info: [0mGET /api/roles/getRoles [36m304[0m 12.500 ms - -[0m
2025-03-14 07:15:41 info: [0mOPTIONS /api/login [32m204[0m 0.394 ms - 0[0m
2025-03-14 07:15:41 error: [POST] /api/login >> StatusCode:: 409, Message:: Contraseña incorrecta
2025-03-14 07:15:41 info: [0mPOST /api/login [33m409[0m 196.081 ms - 36[0m
2025-03-14 07:16:23 info: [0mOPTIONS /api/login [32m204[0m 1.294 ms - 0[0m
2025-03-14 07:16:23 info: [0mPOST /api/login [32m200[0m 217.142 ms - -[0m
2025-03-14 07:16:24 info: [0mGET /api/contenido/leerContenidos [36m304[0m 332.832 ms - -[0m
2025-03-14 07:16:24 info: [0mGET /api/niveles/leerNiveles [36m304[0m 328.176 ms - -[0m
2025-03-14 07:16:24 info: [0mGET /api/contenido/leerContenidosV2 [36m304[0m 6.133 ms - -[0m
2025-03-14 09:37:33 info: ====================================
2025-03-14 09:37:33 info: ============ ENV: development ===========
2025-03-14 09:37:33 info: 🚀 App listening on the port 5212
2025-03-14 09:37:33 info: ====================================
2025-03-14 09:51:05 info: [0mGET /api/niveles/leerNiveles [36m304[0m 32.853 ms - -[0m
2025-03-14 09:51:05 info: [0mGET /api/contenido/leerContenidosBasicos [36m304[0m 204.064 ms - -[0m
2025-03-14 09:51:05 info: [0mGET /api/contenido/leerContenidosV2 [36m304[0m 7.983 ms - -[0m
2025-03-14 09:52:28 info: [0mGET /api/roles/getRoles [36m304[0m 6.753 ms - -[0m
2025-03-14 09:52:28 info: [0mGET /api/roles/getRoles [36m304[0m 5.784 ms - -[0m
2025-03-14 09:52:35 info: [0mOPTIONS /api/login [32m204[0m 0.237 ms - 0[0m
2025-03-14 09:52:36 info: [0mPOST /api/login [32m200[0m 311.997 ms - 793[0m
2025-03-14 09:52:36 info: [0mGET /api/niveles/leerNiveles [36m304[0m 7.678 ms - -[0m
2025-03-14 09:52:36 info: [0mGET /api/contenido/leerContenidos [36m304[0m 174.254 ms - -[0m
2025-03-14 09:52:36 info: [0mGET /api/niveles/leerNiveles [36m304[0m 184.878 ms - -[0m
2025-03-14 09:52:36 info: [0mGET /api/contenido/leerContenidosV2 [36m304[0m 15.999 ms - -[0m
2025-03-14 09:52:36 info: [0mGET /api/contenido/leerContenidosBasicos [36m304[0m 264.901 ms - -[0m
2025-03-14 09:52:36 info: [0mGET /api/users/getUsers [32m200[0m 201.424 ms - -[0m
2025-03-14 09:52:36 info: [0mGET /api/contenido/leerContenidosV2 [36m304[0m 3.637 ms - -[0m
2025-03-14 09:52:39 info: [0mGET /api/niveles/leerNiveles [36m304[0m 7.779 ms - -[0m
2025-03-14 09:52:39 info: [0mGET /api/contenido/leerContenidos [36m304[0m 163.842 ms - -[0m
2025-03-14 09:52:39 info: [0mGET /api/contenido/leerContenidosBasicos [36m304[0m 212.066 ms - -[0m
2025-03-14 09:52:39 info: [0mGET /api/niveles/leerNiveles [36m304[0m 174.002 ms - -[0m
2025-03-14 09:52:39 info: [0mGET /api/users/getUsers [36m304[0m 190.212 ms - -[0m
2025-03-14 09:52:39 info: [0mGET /api/contenido/leerContenidosV2 [36m304[0m 3.783 ms - -[0m
2025-03-14 09:52:39 info: [0mGET /api/contenido/leerContenidosV2 [36m304[0m 2.742 ms - -[0m
2025-03-14 09:54:29 info: [0mGET /api/niveles/leerNiveles [36m304[0m 7.786 ms - -[0m
2025-03-14 09:54:29 info: [0mGET /api/contenido/leerContenidosBasicos [36m304[0m 98.036 ms - -[0m
2025-03-14 09:54:29 info: [0mGET /api/contenido/leerContenidos [36m304[0m 222.081 ms - -[0m
2025-03-14 09:54:29 info: [0mGET /api/niveles/leerNiveles [36m304[0m 158.677 ms - -[0m
2025-03-14 09:54:29 info: [0mGET /api/contenido/leerContenidosV2 [36m304[0m 4.962 ms - -[0m
2025-03-14 09:54:29 info: [0mGET /api/users/getUsers [32m200[0m 226.665 ms - -[0m
2025-03-14 09:54:29 info: [0mGET /api/contenido/leerContenidosV2 [36m304[0m 3.154 ms - -[0m
2025-03-14 09:55:59 info: [0mGET /api/niveles/leerNiveles [36m304[0m 5.144 ms - -[0m
2025-03-14 09:55:59 info: [0mGET /api/contenido/leerContenidosBasicos [36m304[0m 76.518 ms - -[0m
2025-03-14 09:55:59 info: [0mGET /api/niveles/leerNiveles [36m304[0m 44.033 ms - -[0m
2025-03-14 09:55:59 info: [0mGET /api/contenido/leerContenidos [36m304[0m 159.511 ms - -[0m
2025-03-14 09:55:59 info: [0mGET /api/users/getUsers [36m304[0m 161.493 ms - -[0m
2025-03-14 09:55:59 info: [0mGET /api/contenido/leerContenidosV2 [36m304[0m 4.897 ms - -[0m
2025-03-14 09:55:59 info: [0mGET /api/contenido/leerContenidosV2 [36m304[0m 2.965 ms - -[0m
2025-03-14 10:00:31 info: ====================================
2025-03-14 10:00:31 info: ============ ENV: development ===========
2025-03-14 10:00:31 info: 🚀 App listening on the port 5212
2025-03-14 10:00:31 info: ====================================
2025-03-14 10:05:28 info: [0mOPTIONS /api/users/validarUsuario [32m204[0m 1.095 ms - 0[0m
2025-03-14 10:05:33 info: [0mPOST /api/users/validarUsuario [32m200[0m 5208.359 ms - 479[0m
2025-03-14 10:05:50 info: [0mGET /api/niveles/leerNiveles [36m304[0m 26.804 ms - -[0m
2025-03-14 10:05:50 info: [0mGET /api/contenido/leerContenidos [36m304[0m 289.126 ms - -[0m
2025-03-14 10:05:51 info: [0mGET /api/niveles/leerNiveles [36m304[0m 288.825 ms - -[0m
2025-03-14 10:05:51 info: [0mGET /api/contenido/leerContenidosV2 [36m304[0m 20.120 ms - -[0m
2025-03-14 10:05:51 info: [0mGET /api/contenido/leerContenidosBasicos [36m304[0m 396.474 ms - -[0m
2025-03-14 10:05:51 info: [0mGET /api/users/getUsers [32m200[0m 315.002 ms - -[0m
2025-03-14 10:05:51 info: [0mGET /api/contenido/leerContenidosV2 [36m304[0m 6.670 ms - -[0m
2025-03-14 10:06:11 info: [0mGET /bienvenida/eyJhbGciOiJIUzI1NiIsInR5cCI6IkpXVCJ9.eyJfaWQiOiI2N2QxNTI3ZmEzOTMzODUzOTQ5MDY1YzQiLCJpYXQiOjE3NDE5NTc1MjgsImV4cCI6MTc0MTk2MTEyOH0.TuVYYQje4PVIYjt7o03inIQcnVg_qe_AMsUYuTBUxFM [32m200[0m 73.364 ms - -[0m
2025-03-14 10:06:11 info: [0mGET /assets/index-Da8VmRVi.css [32m200[0m 18.286 ms - -[0m
2025-03-14 10:06:11 info: [0mGET /assets/index-Ccc8aDvQ.js [32m200[0m 603.981 ms - -[0m
2025-03-14 10:06:12 info: [0mGET /assets/swipe-back-CNpx-E2j.js [32m200[0m 21.168 ms - 682[0m
2025-03-14 10:06:12 info: [0mGET /manifest.json [36m304[0m 3.922 ms - -[0m
2025-03-14 10:06:12 info: [0mGET /assets/index9-95CG_gLm.js [32m200[0m 37.008 ms - -[0m
2025-03-14 10:06:32 info: [0mGET /assets/index-Da8VmRVi.css [36m304[0m 2.900 ms - -[0m
2025-03-14 10:06:32 info: [0mGET /manifest.json [36m304[0m 2.850 ms - -[0m
2025-03-14 10:19:25 info: [0mGET /api/niveles/leerNiveles [36m304[0m 22.252 ms - -[0m
2025-03-14 10:19:25 info: [0mGET /api/contenido/leerContenidos [36m304[0m 187.530 ms - -[0m
2025-03-14 10:19:25 info: [0mGET /api/niveles/leerNiveles [36m304[0m 36.931 ms - -[0m
2025-03-14 10:19:25 info: [0mGET /api/contenido/leerContenidosBasicos [36m304[0m 316.320 ms - -[0m
2025-03-14 10:19:25 info: [0mGET /api/users/getUsers [36m304[0m 314.914 ms - -[0m
2025-03-14 10:19:25 info: [0mGET /api/contenido/leerContenidosV2 [36m304[0m 99.749 ms - -[0m
2025-03-14 10:19:25 info: [0mGET /api/contenido/leerContenidosV2 [36m304[0m 5.499 ms - -[0m
2025-03-14 10:23:16 info: [0mGET /api/niveles/leerNiveles [36m304[0m 6.601 ms - -[0m
2025-03-14 10:23:16 info: [0mGET /api/contenido/leerContenidosBasicos [36m304[0m 68.009 ms - -[0m
2025-03-14 10:23:16 info: [0mGET /api/niveles/leerNiveles [36m304[0m 9.082 ms - -[0m
2025-03-14 10:23:16 info: [0mGET /api/contenido/leerContenidos [36m304[0m 151.199 ms - -[0m
2025-03-14 10:23:16 info: [0mGET /api/contenido/leerContenidosV2 [36m304[0m 150.504 ms - -[0m
2025-03-14 10:23:16 info: [0mGET /api/users/getUsers [36m304[0m 159.216 ms - -[0m
2025-03-14 10:23:16 info: [0mGET /api/contenido/leerContenidosV2 [36m304[0m 3.073 ms - -[0m
2025-03-14 10:23:45 info: [0mGET /api/roles/getRoles [36m304[0m 5.478 ms - -[0m
2025-03-14 10:23:47 info: [0mGET /api/users/getUsers [36m304[0m 23.837 ms - -[0m
2025-03-14 10:23:47 info: [0mGET /api/users/getUsers [36m304[0m 7.915 ms - -[0m
2025-03-14 10:24:13 info: [0mGET /api/roles/getRoles [36m304[0m 6.144 ms - -[0m
2025-03-14 10:24:13 info: [0mGET /api/roles/getRoles [36m304[0m 6.546 ms - -[0m
2025-03-14 10:24:13 info: [0mGET /api/niveles/leerNiveles [36m304[0m 11.466 ms - -[0m
2025-03-14 10:24:13 info: [0mGET /api/contenido/leerContenidosBasicos [36m304[0m 131.499 ms - -[0m
2025-03-14 10:24:14 info: [0mGET /api/contenido/leerContenidos [36m304[0m 155.158 ms - -[0m
2025-03-14 10:24:14 info: [0mGET /api/niveles/leerNiveles [36m304[0m 157.204 ms - -[0m
2025-03-14 10:24:14 info: [0mGET /api/contenido/leerContenidosV2 [36m304[0m 10.151 ms - -[0m
2025-03-14 10:24:14 info: [0mGET /api/users/getUsers [36m304[0m 166.043 ms - -[0m
2025-03-14 10:24:14 info: [0mGET /api/contenido/leerContenidosV2 [36m304[0m 4.179 ms - -[0m
2025-03-14 10:24:23 info: [0mOPTIONS /api/login [32m204[0m 0.331 ms - 0[0m
2025-03-14 10:24:23 info: [0mPOST /api/login [32m200[0m 86.347 ms - 790[0m
2025-03-14 10:24:23 info: [0mGET /api/contenido/leerContenidos [36m304[0m 219.266 ms - -[0m
2025-03-14 10:24:23 info: [0mGET /api/niveles/leerNiveles [36m304[0m 214.250 ms - -[0m
2025-03-14 10:24:23 info: [0mGET /api/contenido/leerContenidosV2 [36m304[0m 5.506 ms - -[0m
2025-03-14 10:30:56 info: [0mGET /api/roles/getRoles [36m304[0m 3.664 ms - -[0m
2025-03-14 10:31:02 info: [0mGET /api/users/getUsers [36m304[0m 7.121 ms - -[0m
2025-03-14 10:31:02 info: [0mGET /api/users/getUsers [36m304[0m 16.009 ms - -[0m
2025-03-14 10:31:09 info: [0mGET /api/roles/getRoles [36m304[0m 12.267 ms - -[0m
2025-03-14 10:31:21 info: [0mGET /api/users/getUsers [36m304[0m 7.982 ms - -[0m
2025-03-14 10:31:21 info: [0mGET /api/users/getUsers [36m304[0m 8.642 ms - -[0m
2025-03-14 10:34:59 info: [0mGET /api/roles/getRoles [36m304[0m 6.862 ms - -[0m
2025-03-14 10:34:59 info: [0mGET /api/roles/getRoles [36m304[0m 8.863 ms - -[0m
2025-03-14 10:34:59 info: [0mGET /api/niveles/leerNiveles [36m304[0m 10.386 ms - -[0m
2025-03-14 10:34:59 info: [0mGET /api/contenido/leerContenidosBasicos [36m304[0m 136.968 ms - -[0m
2025-03-14 10:34:59 info: [0mGET /api/contenido/leerContenidos [36m304[0m 254.376 ms - -[0m
2025-03-14 10:34:59 info: [0mGET /api/niveles/leerNiveles [36m304[0m 262.079 ms - -[0m
2025-03-14 10:34:59 info: [0mGET /api/contenido/leerContenidosV2 [36m304[0m 30.241 ms - -[0m
2025-03-14 10:34:59 info: [0mGET /api/users/getUsers [36m304[0m 290.999 ms - -[0m
2025-03-14 10:34:59 info: [0mGET /api/contenido/leerContenidosV2 [36m304[0m 15.751 ms - -[0m
2025-03-14 10:35:02 info: [0mGET /api/niveles/leerNiveles [36m304[0m 17.007 ms - -[0m
2025-03-14 10:35:02 info: [0mGET /api/contenido/leerContenidosBasicos [36m304[0m 109.111 ms - -[0m
2025-03-14 10:35:03 info: [0mGET /api/contenido/leerContenidos [36m304[0m 180.699 ms - -[0m
2025-03-14 10:35:03 info: [0mGET /api/niveles/leerNiveles [36m304[0m 173.299 ms - -[0m
2025-03-14 10:35:03 info: [0mGET /api/contenido/leerContenidosV2 [36m304[0m 9.820 ms - -[0m
2025-03-14 10:35:03 info: [0mGET /api/users/getUsers [36m304[0m 177.375 ms - -[0m
2025-03-14 10:35:03 info: [0mGET /api/contenido/leerContenidosV2 [36m304[0m 3.329 ms - -[0m
2025-03-14 10:35:05 info: [0mGET /api/niveles/leerNiveles [36m304[0m 10.592 ms - -[0m
2025-03-14 10:35:05 info: [0mGET /api/contenido/leerContenidosBasicos [36m304[0m 89.539 ms - -[0m
2025-03-14 10:35:05 info: [0mGET /api/contenido/leerContenidos [36m304[0m 159.738 ms - -[0m
2025-03-14 10:35:05 info: [0mGET /api/niveles/leerNiveles [36m304[0m 109.398 ms - -[0m
2025-03-14 10:35:05 info: [0mGET /api/contenido/leerContenidosV2 [36m304[0m 5.336 ms - -[0m
2025-03-14 10:35:05 info: [0mGET /api/users/getUsers [36m304[0m 115.951 ms - -[0m
2025-03-14 10:35:05 info: [0mGET /api/contenido/leerContenidosV2 [36m304[0m 4.768 ms - -[0m
2025-03-14 10:35:08 info: [0mGET /api/niveles/leerNiveles [36m304[0m 7.978 ms - -[0m
2025-03-14 10:35:08 info: [0mGET /api/contenido/leerContenidosBasicos [36m304[0m 82.936 ms - -[0m
2025-03-14 10:35:08 info: [0mGET /api/contenido/leerContenidos [36m304[0m 129.576 ms - -[0m
2025-03-14 10:35:08 info: [0mGET /api/niveles/leerNiveles [36m304[0m 125.796 ms - -[0m
2025-03-14 10:35:08 info: [0mGET /api/users/getUsers [36m304[0m 139.785 ms - -[0m
2025-03-14 10:35:08 info: [0mGET /api/contenido/leerContenidosV2 [36m304[0m 15.349 ms - -[0m
2025-03-14 10:35:08 info: [0mGET /api/contenido/leerContenidosV2 [36m304[0m 3.024 ms - -[0m
2025-03-14 10:35:25 info: [0mGET /api/niveles/leerNiveles [36m304[0m 7.667 ms - -[0m
2025-03-14 10:35:25 info: [0mGET /api/contenido/leerContenidosBasicos [36m304[0m 104.549 ms - -[0m
2025-03-14 10:35:25 info: [0mGET /api/contenido/leerContenidos [36m304[0m 145.547 ms - -[0m
2025-03-14 10:35:25 info: [0mGET /api/niveles/leerNiveles [36m304[0m 136.409 ms - -[0m
2025-03-14 10:35:25 info: [0mGET /api/contenido/leerContenidosV2 [36m304[0m 9.750 ms - -[0m
2025-03-14 10:35:25 info: [0mGET /api/users/getUsers [36m304[0m 145.487 ms - -[0m
2025-03-14 10:35:25 info: [0mGET /api/contenido/leerContenidosV2 [36m304[0m 6.015 ms - -[0m
2025-03-14 10:49:21 info: [0mGET /api/contenido/leerContenidos [36m304[0m 186.343 ms - -[0m
2025-03-14 10:49:21 info: [0mGET /api/niveles/leerNiveles [36m304[0m 184.796 ms - -[0m
2025-03-14 10:49:21 info: [0mGET /api/users/getUsers [36m304[0m 190.704 ms - -[0m
2025-03-14 10:49:21 info: [0mGET /api/contenido/leerContenidos [36m304[0m 98.690 ms - -[0m
2025-03-14 10:49:21 info: [0mGET /api/niveles/leerNiveles [36m304[0m 98.328 ms - -[0m
2025-03-14 10:49:21 info: [0mGET /api/contenido/leerContenidos [36m304[0m 115.724 ms - -[0m
2025-03-14 10:49:21 info: [0mGET /api/contenido/leerContenidosV2 [36m304[0m 114.660 ms - -[0m
2025-03-14 10:49:21 info: [0mGET /api/niveles/leerNiveles [36m304[0m 112.602 ms - -[0m
2025-03-14 10:49:21 info: [0mGET /api/users/getUsers [36m304[0m 125.268 ms - -[0m
2025-03-14 10:49:21 info: [0mGET /api/contenido/leerContenidos [36m304[0m 161.571 ms - -[0m
2025-03-14 10:49:21 info: [0mGET /api/contenido/leerContenidosV2 [36m304[0m 160.361 ms - -[0m
2025-03-14 10:49:21 info: [0mGET /api/niveles/leerNiveles [36m304[0m 158.340 ms - -[0m
2025-03-14 10:49:21 info: [0mGET /api/users/getUsers [36m304[0m 155.641 ms - -[0m
2025-03-14 10:49:21 info: [0mGET /api/contenido/leerContenidosV2 [36m304[0m 4.276 ms - -[0m
2025-03-14 10:49:21 info: [0mGET /api/contenido/leerContenidosV2 [36m304[0m 5.083 ms - -[0m
2025-03-14 10:49:21 info: [0mGET /api/users/getUsers [36m304[0m 11.157 ms - -[0m
2025-03-14 10:49:56 info: [0mGET /api/niveles/leerNiveles [36m304[0m 13.021 ms - -[0m
2025-03-14 10:49:56 info: [0mGET /api/contenido/leerContenidosBasicos [36m304[0m 79.073 ms - -[0m
2025-03-14 10:49:56 info: [0mGET /api/contenido/leerContenidos [36m304[0m 129.637 ms - -[0m
2025-03-14 10:49:56 info: [0mGET /api/niveles/leerNiveles [36m304[0m 128.599 ms - -[0m
2025-03-14 10:49:56 info: [0mGET /api/contenido/leerContenidosV2 [36m304[0m 5.791 ms - -[0m
2025-03-14 10:49:56 info: [0mGET /api/users/getUsers [36m304[0m 136.521 ms - -[0m
2025-03-14 10:49:56 info: [0mGET /api/contenido/leerContenidosV2 [36m304[0m 2.797 ms - -[0m
2025-03-14 10:53:31 info: ====================================
2025-03-14 10:53:31 info: ============ ENV: development ===========
2025-03-14 10:53:31 info: 🚀 App listening on the port 5212
2025-03-14 10:53:31 info: ====================================
2025-03-14 11:11:33 info: [0mGET /api/niveles/leerNiveles [36m304[0m 50.726 ms - -[0m
2025-03-14 11:11:33 info: [0mGET /api/contenido/leerContenidos [36m304[0m 237.137 ms - -[0m
2025-03-14 11:11:33 info: [0mGET /api/contenido/leerContenidosBasicos [36m304[0m 323.103 ms - -[0m
2025-03-14 11:11:33 info: [0mGET /api/niveles/leerNiveles [36m304[0m 64.232 ms - -[0m
2025-03-14 11:11:33 info: [0mGET /api/users/getUsers [36m304[0m 315.550 ms - -[0m
2025-03-14 11:11:33 info: [0mGET /api/contenido/leerContenidosV2 [36m304[0m 13.290 ms - -[0m
2025-03-14 11:11:33 info: [0mGET /api/contenido/leerContenidosV2 [36m304[0m 3.998 ms - -[0m
2025-03-14 11:59:46 info: ====================================
2025-03-14 11:59:46 info: ============ ENV: development ===========
2025-03-14 11:59:46 info: 🚀 App listening on the port 5212
2025-03-14 11:59:46 info: ====================================
2025-03-14 13:10:22 info: ====================================
2025-03-14 13:10:22 info: ============ ENV: development ===========
2025-03-14 13:10:22 info: 🚀 App listening on the port 5212
2025-03-14 13:10:22 info: ====================================
