2025-04-03 10:43:57 info: ====================================
2025-04-03 10:43:57 info: ============ ENV: development ===========
2025-04-03 10:43:57 info: 🚀 App listening on the port 5212
2025-04-03 10:43:57 info: ====================================
2025-04-03 10:44:59 info: [0mGET /api/roles/getRoles [32m200[0m 72.662 ms - 734[0m
2025-04-03 10:44:59 info: [0mGET /api/roles/getRoles [36m304[0m 73.994 ms - -[0m
2025-04-03 10:45:09 info: [0mOPTIONS /api/login [32m204[0m 0.297 ms - 0[0m
2025-04-03 10:45:10 info: [0mPOST /api/login [32m200[0m 349.941 ms - 790[0m
2025-04-03 10:45:10 info: [0mGET /api/niveles/leerNiveles [32m200[0m 77.269 ms - 543[0m
2025-04-03 10:45:10 info: [0mGET /api/niveles/gruposNiveles [32m200[0m 174.397 ms - -[0m
2025-04-03 10:45:10 info: [0mGET /api/users/getUsers [32m200[0m 764.710 ms - -[0m
2025-04-03 10:45:36 info: [0mGET /api/niveles/leerNiveles [36m304[0m 69.522 ms - -[0m
2025-04-03 10:45:36 info: [0mGET /api/niveles/gruposNiveles [36m304[0m 172.483 ms - -[0m
2025-04-03 10:45:36 info: [0mGET /api/users/getUsers [36m304[0m 340.348 ms - -[0m
2025-04-03 10:53:49 info: [0mGET /api/users/alumnos-usuario?idUser=67d0b62246a9e99d0c977ab4 [32m200[0m 67.744 ms - 14[0m
2025-04-03 10:53:49 info: [0mGET /api/users/alumnos-usuario?idUser=67d0b62246a9e99d0c977ab4 [36m304[0m 74.583 ms - -[0m
2025-04-03 11:00:51 info: ====================================
2025-04-03 11:00:51 info: ============ ENV: development ===========
2025-04-03 11:00:51 info: 🚀 App listening on the port 5212
2025-04-03 11:00:51 info: ====================================
2025-04-03 11:01:01 info: [0mGET /api/users/alumnos-usuario?idUser=67d0b62246a9e99d0c977ab4 [36m304[0m 80.271 ms - -[0m
2025-04-03 11:01:01 info: [0mGET /api/users/alumnos-usuario?idUser=67d0b62246a9e99d0c977ab4 [36m304[0m 79.615 ms - -[0m
2025-04-03 11:01:14 info: [0mGET /api/roles/getRoles [36m304[0m 71.924 ms - -[0m
2025-04-03 11:01:14 info: [0mGET /api/roles/getRoles [36m304[0m 85.096 ms - -[0m
2025-04-03 11:01:15 info: [0mOPTIONS /api/login [32m204[0m 0.302 ms - 0[0m
2025-04-03 11:01:16 info: [0mPOST /api/login [32m200[0m 574.998 ms - 790[0m
2025-04-03 11:01:16 info: [0mGET /api/users/alumnos-usuario?idUser=67d0b62246a9e99d0c977ab4 [36m304[0m 137.767 ms - -[0m
2025-04-03 11:01:16 info: [0mGET /api/niveles/leerNiveles [36m304[0m 128.071 ms - -[0m
2025-04-03 11:01:16 info: [0mGET /api/contenido/getTodoContenido [32m200[0m 1895.150 ms - -[0m
2025-04-03 11:01:16 info: [0mGET /api/niveles/gruposNiveles [36m304[0m 218.378 ms - -[0m
2025-04-03 11:01:17 info: [0mGET /api/contenido/getTodoContenido [36m304[0m 811.681 ms - -[0m
2025-04-03 11:01:28 info: [0mOPTIONS /api/contenido/editarContenido [32m204[0m 0.113 ms - 0[0m
2025-04-03 11:01:28 info: [0mPOST /api/contenido/editarContenido [32m200[0m 3.390 ms - -[0m
2025-04-03 11:05:30 info: ====================================
2025-04-03 11:05:30 info: ============ ENV: development ===========
2025-04-03 11:05:30 info: 🚀 App listening on the port 5212
2025-04-03 11:05:30 info: ====================================
2025-04-03 11:05:45 info: [0mOPTIONS /api/login [32m204[0m 0.595 ms - 0[0m
2025-04-03 11:05:45 info: [0mGET /api/contenido/getTodoContenido [32m200[0m 1616.613 ms - -[0m
2025-04-03 11:05:45 info: [0mPOST /api/login [32m200[0m 647.819 ms - 790[0m
2025-04-03 11:05:45 info: [0mGET /api/users/alumnos-usuario?idUser=67d0b62246a9e99d0c977ab4 [32m200[0m 66.375 ms - 14[0m
2025-04-03 11:05:45 info: [0mGET /api/niveles/leerNiveles [32m200[0m 72.025 ms - 543[0m
2025-04-03 11:05:45 info: [0mGET /api/niveles/gruposNiveles [32m200[0m 143.473 ms - -[0m
2025-04-03 11:05:46 info: [0mGET /api/contenido/getTodoContenido [32m200[0m 757.800 ms - -[0m
2025-04-03 11:06:22 info: ====================================
2025-04-03 11:06:22 info: ============ ENV: development ===========
2025-04-03 11:06:22 info: 🚀 App listening on the port 5212
2025-04-03 11:06:22 info: ====================================
2025-04-03 11:06:29 info: [0mOPTIONS /api/login [32m204[0m 0.541 ms - 0[0m
2025-04-03 11:06:30 info: [0mGET /api/contenido/getTodoContenido [32m200[0m 1634.257 ms - -[0m
2025-04-03 11:06:30 info: [0mPOST /api/login [32m200[0m 695.039 ms - 790[0m
2025-04-03 11:06:30 info: [0mGET /api/users/alumnos-usuario?idUser=67d0b62246a9e99d0c977ab4 [32m200[0m 68.124 ms - 14[0m
2025-04-03 11:06:30 info: [0mGET /api/niveles/leerNiveles [32m200[0m 81.563 ms - 543[0m
2025-04-03 11:06:30 info: [0mGET /api/niveles/gruposNiveles [32m200[0m 145.059 ms - -[0m
2025-04-03 11:06:31 info: [0mGET /api/contenido/getTodoContenido [32m200[0m 803.386 ms - -[0m
2025-04-03 11:07:22 info: ====================================
2025-04-03 11:07:22 info: ============ ENV: development ===========
2025-04-03 11:07:22 info: 🚀 App listening on the port 5212
2025-04-03 11:07:22 info: ====================================
2025-04-03 11:07:28 info: ====================================
2025-04-03 11:07:28 info: ============ ENV: development ===========
2025-04-03 11:07:28 info: 🚀 App listening on the port 5212
2025-04-03 11:07:28 info: ====================================
2025-04-03 11:07:52 info: ====================================
2025-04-03 11:07:52 info: ============ ENV: development ===========
2025-04-03 11:07:52 info: 🚀 App listening on the port 5212
2025-04-03 11:07:52 info: ====================================
2025-04-03 11:08:47 info: [0mGET /api/contenido/getTodoContenido [32m200[0m 1604.227 ms - -[0m
2025-04-03 11:08:51 info: [0mGET /api/roles/getRoles [32m200[0m 76.692 ms - 734[0m
2025-04-03 11:08:51 info: [0mGET /api/roles/getRoles [32m200[0m 80.485 ms - 734[0m
2025-04-03 11:08:54 info: [0mOPTIONS /api/login [32m204[0m 0.777 ms - 0[0m
2025-04-03 11:08:54 info: [0mPOST /api/login [32m200[0m 239.516 ms - 790[0m
2025-04-03 11:08:55 info: [0mGET /api/niveles/leerNiveles [32m200[0m 75.909 ms - 543[0m
2025-04-03 11:08:55 info: [0mGET /api/niveles/gruposNiveles [33m400[0m 88.465 ms - 11[0m
2025-04-03 11:10:02 info: ====================================
2025-04-03 11:10:02 info: ============ ENV: development ===========
2025-04-03 11:10:02 info: 🚀 App listening on the port 5212
2025-04-03 11:10:02 info: ====================================
2025-04-03 11:10:09 info: [0mOPTIONS /api/login [32m204[0m 0.569 ms - 0[0m
2025-04-03 11:10:10 info: [0mGET /api/contenido/getTodoContenido [32m200[0m 1699.244 ms - -[0m
2025-04-03 11:10:10 info: [0mPOST /api/login [32m200[0m 381.405 ms - 790[0m
2025-04-03 11:10:10 info: [0mGET /api/niveles/leerNiveles [32m200[0m 75.159 ms - 543[0m
2025-04-03 11:10:10 info: [0mGET /api/niveles/gruposNiveles [32m200[0m 147.057 ms - -[0m
2025-04-03 11:10:10 info: [0mGET /api/contenido/getTodoContenido [32m200[0m 688.155 ms - -[0m
2025-04-03 11:10:36 info: [0mGET /api/users/alumnos-usuario?idUser=67d0b62246a9e99d0c977ab4 [32m200[0m 73.962 ms - 14[0m
2025-04-03 11:10:36 info: [0mGET /api/users/alumnos-usuario?idUser=67d0b62246a9e99d0c977ab4 [32m200[0m 73.356 ms - 14[0m
2025-04-03 11:10:56 info: [0mGET /api/users/alumnos [32m200[0m 157.356 ms - -[0m
2025-04-03 11:10:56 info: [0mGET /api/users/alumnos [32m200[0m 168.490 ms - -[0m
2025-04-03 11:11:09 info: [0mGET /api/contenido/getTodoContenido [32m200[0m 794.657 ms - -[0m
2025-04-03 11:11:11 info: [0mGET /api/roles/getRoles [32m200[0m 74.236 ms - 734[0m
2025-04-03 11:11:11 info: [0mGET /api/roles/getRoles [32m200[0m 76.305 ms - 734[0m
2025-04-03 11:11:12 info: [0mOPTIONS /api/login [32m204[0m 0.225 ms - 0[0m
2025-04-03 11:11:12 info: [0mPOST /api/login [32m200[0m 218.272 ms - 790[0m
2025-04-03 11:11:12 info: [0mGET /api/niveles/leerNiveles [32m200[0m 69.165 ms - 543[0m
2025-04-03 11:11:12 info: [0mGET /api/niveles/gruposNiveles [32m200[0m 139.504 ms - -[0m
2025-04-03 11:11:13 info: [0mGET /api/users/getUsers [32m200[0m 308.169 ms - -[0m
2025-04-03 11:12:11 info: ====================================
2025-04-03 11:12:11 info: ============ ENV: development ===========
2025-04-03 11:12:11 info: 🚀 App listening on the port 5212
2025-04-03 11:12:11 info: ====================================
2025-04-03 11:12:22 info: ====================================
2025-04-03 11:12:22 info: ============ ENV: development ===========
2025-04-03 11:12:22 info: 🚀 App listening on the port 5212
2025-04-03 11:12:22 info: ====================================
2025-04-03 11:12:25 info: [0mGET /api/contenido/getTodoContenido [0m-[0m - ms - -[0m
2025-04-03 11:12:26 info: [0mGET /api/roles/getRoles [32m200[0m 87.922 ms - 734[0m
2025-04-03 11:12:26 info: [0mGET /api/roles/getRoles [32m200[0m 90.599 ms - 734[0m
2025-04-03 11:12:27 info: [0mOPTIONS /api/login [32m204[0m 0.982 ms - 0[0m
2025-04-03 11:12:28 info: [0mPOST /api/login [32m200[0m 237.756 ms - 790[0m
2025-04-03 11:12:28 info: [0mGET /api/niveles/leerNiveles [32m200[0m 69.711 ms - 543[0m
2025-04-03 11:12:28 info: [0mGET /api/niveles/gruposNiveles [32m200[0m 161.924 ms - -[0m
2025-04-03 11:12:28 info: [0mGET /api/users/getUsers [32m200[0m 357.810 ms - -[0m
2025-04-03 11:12:38 info: [0mGET /api/contenido/getTodoContenido [32m200[0m 874.564 ms - -[0m
2025-04-03 11:12:41 info: [0mGET /api/roles/getRoles [32m200[0m 73.654 ms - 734[0m
2025-04-03 11:12:41 info: [0mGET /api/roles/getRoles [32m200[0m 74.245 ms - 734[0m
2025-04-03 11:12:43 info: [0mOPTIONS /api/login [32m204[0m 0.502 ms - 0[0m
2025-04-03 11:12:43 info: [0mPOST /api/login [32m200[0m 248.268 ms - 790[0m
2025-04-03 11:12:43 info: [0mGET /api/niveles/leerNiveles [32m200[0m 85.628 ms - 543[0m
2025-04-03 11:12:43 info: [0mGET /api/niveles/gruposNiveles [32m200[0m 162.985 ms - -[0m
2025-04-03 11:12:43 info: [0mGET /api/users/getUsers [32m200[0m 312.667 ms - -[0m
2025-04-03 11:13:51 info: ====================================
2025-04-03 11:13:51 info: ============ ENV: development ===========
2025-04-03 11:13:51 info: 🚀 App listening on the port 5212
2025-04-03 11:13:51 info: ====================================
2025-04-03 11:14:01 info: [0mOPTIONS /api/login [32m204[0m 0.740 ms - 0[0m
2025-04-03 11:14:01 info: [0mGET /api/contenido/getTodoContenido [32m200[0m 1593.149 ms - -[0m
2025-04-03 11:14:01 info: [0mPOST /api/login [32m200[0m 498.437 ms - 790[0m
2025-04-03 11:14:01 info: [0mGET /api/niveles/leerNiveles [32m200[0m 70.342 ms - 543[0m
2025-04-03 11:14:01 info: [0mGET /api/niveles/gruposNiveles [32m200[0m 150.948 ms - -[0m
2025-04-03 11:14:02 info: [0mGET /api/contenido/getTodoContenido [32m200[0m 724.558 ms - -[0m
2025-04-03 11:15:38 info: ====================================
2025-04-03 11:15:38 info: ============ ENV: development ===========
2025-04-03 11:15:38 info: 🚀 App listening on the port 5212
2025-04-03 11:15:38 info: ====================================
2025-04-03 11:15:48 info: [0mGET /api/contenido/getTodoContenido [32m200[0m 647.313 ms - -[0m
2025-04-03 11:15:49 info: [0mOPTIONS /api/login [32m204[0m 0.390 ms - 0[0m
2025-04-03 11:15:49 info: [0mPOST /api/login [32m200[0m 235.528 ms - 790[0m
2025-04-03 11:15:49 info: [0mGET /api/niveles/leerNiveles [32m200[0m 86.700 ms - 543[0m
2025-04-03 11:15:49 info: [0mGET /api/niveles/gruposNiveles [32m200[0m 147.134 ms - -[0m
2025-04-03 11:15:49 info: [0mGET /api/contenido/getTodoContenido [32m200[0m 476.581 ms - -[0m
2025-04-03 11:16:20 info: ====================================
2025-04-03 11:16:20 info: ============ ENV: development ===========
2025-04-03 11:16:20 info: 🚀 App listening on the port 5212
2025-04-03 11:16:20 info: ====================================
2025-04-03 11:16:23 info: [0mGET /api/contenido/getTodoContenido [32m200[0m 539.432 ms - -[0m
2025-04-03 11:16:26 info: [0mGET /api/roles/getRoles [32m200[0m 406.867 ms - 734[0m
2025-04-03 11:16:26 info: [0mGET /api/roles/getRoles [32m200[0m 434.042 ms - 734[0m
2025-04-03 11:16:27 info: [0mOPTIONS /api/login [32m204[0m 0.712 ms - 0[0m
2025-04-03 11:16:27 info: [0mPOST /api/login [32m200[0m 234.614 ms - 790[0m
2025-04-03 11:16:27 info: [0mGET /api/niveles/leerNiveles [32m200[0m 74.968 ms - 543[0m
2025-04-03 11:16:28 info: [0mGET /api/niveles/gruposNiveles [32m200[0m 154.249 ms - -[0m
2025-04-03 11:16:28 info: [0mGET /api/users/getUsers [32m200[0m 779.412 ms - -[0m
2025-04-03 11:16:43 info: [0mGET /api/contenido/getTodoContenido [32m200[0m 964.518 ms - -[0m
2025-04-03 11:16:45 info: [0mGET /api/roles/getRoles [32m200[0m 76.547 ms - 734[0m
2025-04-03 11:16:45 info: [0mGET /api/roles/getRoles [32m200[0m 82.252 ms - 734[0m
2025-04-03 11:16:46 info: [0mOPTIONS /api/login [32m204[0m 0.197 ms - 0[0m
2025-04-03 11:16:46 info: [0mPOST /api/login [32m200[0m 208.705 ms - 790[0m
2025-04-03 11:16:46 info: [0mGET /api/niveles/leerNiveles [32m200[0m 76.968 ms - 543[0m
2025-04-03 11:16:46 info: [0mGET /api/niveles/gruposNiveles [32m200[0m 158.318 ms - -[0m
2025-04-03 11:16:46 info: [0mGET /api/users/getUsers [32m200[0m 313.279 ms - -[0m
2025-04-03 11:17:11 info: ====================================
2025-04-03 11:17:11 info: ============ ENV: development ===========
2025-04-03 11:17:11 info: 🚀 App listening on the port 5212
2025-04-03 11:17:11 info: ====================================
2025-04-03 11:17:32 info: [0mGET /api/contenido/getTodoContenido [32m200[0m 692.977 ms - -[0m
2025-04-03 11:17:32 info: [0mOPTIONS /api/login [32m204[0m 0.314 ms - 0[0m
2025-04-03 11:17:33 info: [0mPOST /api/login [32m200[0m 219.078 ms - 790[0m
2025-04-03 11:17:33 info: [0mGET /api/niveles/leerNiveles [32m200[0m 87.748 ms - 543[0m
2025-04-03 11:17:33 info: [0mGET /api/niveles/gruposNiveles [32m200[0m 151.019 ms - -[0m
2025-04-03 11:17:33 info: [0mGET /api/contenido/getTodoContenido [32m200[0m 413.546 ms - -[0m
2025-04-03 11:18:54 info: ====================================
2025-04-03 11:18:54 info: ============ ENV: development ===========
2025-04-03 11:18:54 info: 🚀 App listening on the port 5212
2025-04-03 11:18:54 info: ====================================
2025-04-03 11:20:29 info: [0mOPTIONS /api/contenido/editarContenido [32m204[0m 1.372 ms - 0[0m
2025-04-03 11:20:29 info: [0mPOST /api/contenido/editarContenido [32m200[0m 226.196 ms - -[0m
2025-04-03 11:22:09 info: ====================================
2025-04-03 11:22:09 info: ============ ENV: development ===========
2025-04-03 11:22:09 info: 🚀 App listening on the port 5212
2025-04-03 11:22:09 info: ====================================
2025-04-03 11:22:12 info: [0mOPTIONS /api/contenido/editarContenido [32m204[0m 0.810 ms - 0[0m
2025-04-03 11:22:12 info: [0mPOST /api/contenido/editarContenido [32m200[0m 148.800 ms - -[0m
2025-04-03 11:22:20 info: [0mGET /api/contenido/getTodoContenido [32m200[0m 663.770 ms - -[0m
2025-04-03 11:22:21 info: [0mOPTIONS /api/login [32m204[0m 0.325 ms - 0[0m
2025-04-03 11:22:21 info: [0mPOST /api/login [32m200[0m 201.810 ms - 790[0m
2025-04-03 11:22:21 info: [0mGET /api/niveles/leerNiveles [32m200[0m 84.324 ms - 543[0m
2025-04-03 11:22:21 info: [0mGET /api/niveles/gruposNiveles [32m200[0m 143.922 ms - -[0m
2025-04-03 11:22:21 info: [0mGET /api/contenido/getTodoContenido [32m200[0m 492.498 ms - -[0m
2025-04-03 11:22:26 info: [0mOPTIONS /api/contenido/editarContenido [32m204[0m 0.144 ms - 0[0m
2025-04-03 11:22:26 info: [0mPOST /api/contenido/editarContenido [32m200[0m 105.580 ms - -[0m
2025-04-03 11:22:33 info: [0mGET /api/contenido/getTodoContenido [32m200[0m 621.919 ms - -[0m
2025-04-03 11:22:34 info: [0mOPTIONS /api/login [32m204[0m 0.259 ms - 0[0m
2025-04-03 11:22:34 info: [0mPOST /api/login [32m200[0m 289.673 ms - 790[0m
2025-04-03 11:22:34 info: [0mGET /api/niveles/leerNiveles [32m200[0m 88.210 ms - 543[0m
2025-04-03 11:22:34 info: [0mGET /api/niveles/gruposNiveles [32m200[0m 157.119 ms - -[0m
2025-04-03 11:22:34 info: [0mGET /api/contenido/getTodoContenido [32m200[0m 581.968 ms - -[0m
2025-04-03 11:23:43 info: [0mGET /api/niveles/leerNiveles [32m200[0m 79.490 ms - 543[0m
2025-04-03 11:23:43 info: [0mGET /api/niveles/gruposNiveles [32m200[0m 154.320 ms - -[0m
2025-04-03 11:23:43 info: [0mGET /api/contenido/getTodoContenido [32m200[0m 611.046 ms - -[0m
2025-04-03 11:23:52 info: [0mOPTIONS /api/contenido/editarContenido [32m204[0m 0.262 ms - 0[0m
2025-04-03 11:23:52 info: [0mPOST /api/contenido/editarContenido [32m200[0m 96.020 ms - -[0m
2025-04-03 11:23:57 info: [0mGET /api/niveles/leerNiveles [32m200[0m 100.938 ms - 543[0m
2025-04-03 11:23:58 info: [0mGET /api/niveles/gruposNiveles [32m200[0m 557.331 ms - -[0m
2025-04-03 11:23:58 info: [0mGET /api/contenido/getTodoContenido [32m200[0m 637.724 ms - -[0m
2025-04-03 11:23:58 info: [0mGET /api/users/getUsers [32m200[0m 794.392 ms - -[0m
2025-04-03 11:24:04 info: [0mOPTIONS /api/contenido/editarContenido [32m204[0m 0.151 ms - 0[0m
2025-04-03 11:24:04 info: [0mPOST /api/contenido/editarContenido [32m200[0m 94.706 ms - -[0m
2025-04-03 11:27:15 info: [0mGET /api/niveles/leerNiveles [32m200[0m 74.715 ms - 543[0m
2025-04-03 11:27:15 info: [0mGET /api/niveles/gruposNiveles [32m200[0m 153.653 ms - -[0m
2025-04-03 11:27:15 info: [0mGET /api/contenido/getTodoContenido [32m200[0m 621.617 ms - -[0m
2025-04-03 11:27:23 info: [0mOPTIONS /api/contenido/editarContenido [32m204[0m 0.150 ms - 0[0m
2025-04-03 11:27:23 info: [0mPOST /api/contenido/editarContenido [32m200[0m 142.249 ms - -[0m
2025-04-03 11:27:24 info: [0mGET /api/contenido/getTodoContenido [32m200[0m 704.425 ms - -[0m
2025-04-03 11:36:28 info: [0mOPTIONS /api/contenido/editarContenido [32m204[0m 0.148 ms - 0[0m
2025-04-03 11:36:28 info: [0mPOST /api/contenido/editarContenido [32m200[0m 99.602 ms - -[0m
2025-04-03 11:36:29 info: [0mGET /api/contenido/getTodoContenido [32m200[0m 581.860 ms - -[0m
2025-04-03 11:37:37 info: [0mOPTIONS /api/contenido/editarContenido [32m204[0m 0.106 ms - 0[0m
2025-04-03 11:37:37 info: [0mPOST /api/contenido/editarContenido [32m200[0m 88.893 ms - -[0m
2025-04-03 11:37:38 info: [0mGET /api/contenido/getTodoContenido [32m200[0m 576.408 ms - -[0m
2025-04-03 11:37:53 info: [0mOPTIONS /api/contenido/editarContenido [32m204[0m 0.189 ms - 0[0m
2025-04-03 11:37:53 info: [0mPOST /api/contenido/editarContenido [32m200[0m 131.837 ms - -[0m
2025-04-03 11:37:54 info: [0mGET /api/contenido/getTodoContenido [32m200[0m 592.050 ms - -[0m
2025-04-03 11:39:10 info: ====================================
2025-04-03 11:39:10 info: ============ ENV: development ===========
2025-04-03 11:39:10 info: 🚀 App listening on the port 5212
2025-04-03 11:39:10 info: ====================================
