2025-03-12 05:48:32 info: =================================
2025-03-12 05:48:32 info: ======= ENV: development =======
2025-03-12 05:48:32 info: 🚀 App listening on the port 5212
2025-03-12 05:48:32 info: =================================
2025-03-12 05:50:50 info: =================================
2025-03-12 05:50:50 info: ======= ENV: development =======
2025-03-12 05:50:50 info: 🚀 App listening on the port 5212
2025-03-12 05:50:50 info: =================================
2025-03-12 05:51:21 info: =================================
2025-03-12 05:51:21 info: ======= ENV: development =======
2025-03-12 05:51:21 info: 🚀 App listening on the port 5212
2025-03-12 05:51:21 info: =================================
2025-03-12 06:13:27 info: =================================
2025-03-12 06:13:27 info: ======= ENV: development =======
2025-03-12 06:13:27 info: 🚀 App listening on the port 5212
2025-03-12 06:13:27 info: =================================
2025-03-12 06:13:45 info: [0mGET /api/roles/getRoles [36m304[0m 21.126 ms - -[0m
2025-03-12 06:13:45 info: [0mGET /api/roles/getRoles [36m304[0m 10.232 ms - -[0m
2025-03-12 06:13:45 info: [0mGET /api/contenido/leerContenidos [36m304[0m 334.417 ms - -[0m
2025-03-12 06:13:45 info: [0mGET /api/niveles/leerNiveles [32m200[0m 333.084 ms - 543[0m
2025-03-12 06:13:45 info: [0mGET /api/contenido/leerContenidosV2 [36m304[0m 26.405 ms - -[0m
2025-03-12 06:13:45 info: [0mGET /api/users/getUsers [32m200[0m 46.712 ms - -[0m
2025-03-12 06:13:52 info: [0mGET /api/contenido/leerContenidos [36m304[0m 330.130 ms - -[0m
2025-03-12 06:13:52 info: [0mGET /api/niveles/leerNiveles [36m304[0m 335.578 ms - -[0m
2025-03-12 06:13:52 info: [0mGET /api/users/getUsers [36m304[0m 30.515 ms - -[0m
2025-03-12 06:13:52 info: [0mGET /api/contenido/leerContenidosV2 [36m304[0m 14.887 ms - -[0m
2025-03-12 06:22:02 info: [0mGET /api/contenido/leerContenidos [36m304[0m 316.296 ms - -[0m
2025-03-12 06:22:02 info: [0mGET /api/niveles/leerNiveles [36m304[0m 314.463 ms - -[0m
2025-03-12 06:22:02 info: [0mGET /api/users/getUsers [36m304[0m 26.724 ms - -[0m
2025-03-12 06:22:02 info: [0mGET /api/contenido/leerContenidosV2 [36m304[0m 13.158 ms - -[0m
2025-03-12 06:23:10 info: [0mOPTIONS /api/form [32m204[0m 1.135 ms - 0[0m
2025-03-12 06:23:11 info: [0mPOST /api/form [32m200[0m 481.505 ms - -[0m
2025-03-12 07:36:48 info: =================================
2025-03-12 07:36:48 info: ======= ENV: development =======
2025-03-12 07:36:48 info: 🚀 App listening on the port 5212
2025-03-12 07:36:48 info: =================================
2025-03-12 07:49:21 info: =================================
2025-03-12 07:49:21 info: ======= ENV: development =======
2025-03-12 07:49:21 info: 🚀 App listening on the port 5212
2025-03-12 07:49:21 info: =================================
2025-03-12 07:49:22 info: [0mGET /api/contenido/leerContenidos [36m304[0m 398.609 ms - -[0m
2025-03-12 07:49:22 info: [0mGET /api/niveles/leerNiveles [36m304[0m 384.549 ms - -[0m
2025-03-12 07:49:22 info: [0mGET /api/roles/getRoles [36m304[0m 407.824 ms - -[0m
2025-03-12 07:49:22 info: [0mGET /api/contenido/leerContenidosV2 [36m304[0m 31.078 ms - -[0m
2025-03-12 07:49:22 info: [0mGET /api/roles/getRoles [36m304[0m 31.676 ms - -[0m
2025-03-12 07:49:22 info: [0mGET /api/users/getUsers [32m200[0m 434.612 ms - -[0m
2025-03-12 07:50:05 info: [0mOPTIONS /api/login [32m204[0m 2.019 ms - 0[0m
2025-03-12 07:50:05 info: [0mPOST /api/login [32m200[0m 281.089 ms - -[0m
2025-03-12 07:50:06 info: [0mGET /api/niveles/leerNiveles [36m304[0m 21.592 ms - -[0m
2025-03-12 07:50:06 info: [0mGET /api/contenido/leerContenidosBasicos [32m200[0m 193.085 ms - -[0m
2025-03-12 07:50:06 info: [0mGET /api/contenido/leerContenidosV2 [36m304[0m 7.298 ms - -[0m
2025-03-12 07:52:04 info: [0mGET /api/niveles/leerNiveles [36m304[0m 25.364 ms - -[0m
2025-03-12 07:52:04 info: [0mGET /api/contenido/leerContenidosBasicos [36m304[0m 181.472 ms - -[0m
2025-03-12 07:52:04 info: [0mGET /api/niveles/leerNiveles [36m304[0m 109.501 ms - -[0m
2025-03-12 07:52:04 info: [0mGET /api/users/getUsers [32m200[0m 74.587 ms - -[0m
2025-03-12 07:52:04 info: [0mGET /api/contenido/leerContenidosV2 [36m304[0m 24.006 ms - -[0m
2025-03-12 07:52:04 info: [0mGET /api/users/getUsers [36m304[0m 43.295 ms - -[0m
2025-03-12 07:52:04 info: [0mGET /api/contenido/leerContenidosBasicos [36m304[0m 104.576 ms - -[0m
2025-03-12 07:52:04 info: [0mGET /api/contenido/leerContenidosV2 [36m304[0m 4.697 ms - -[0m
2025-03-12 09:49:05 info: [0mGET /api/niveles/leerNiveles [36m304[0m 43.404 ms - -[0m
2025-03-12 09:49:05 info: [0mGET /api/contenido/leerContenidosBasicos [36m304[0m 83.964 ms - -[0m
2025-03-12 09:49:05 info: [0mGET /api/contenido/leerContenidosV2 [36m304[0m 3.178 ms - -[0m
2025-03-12 10:11:40 info: =================================
2025-03-12 10:11:40 info: ======= ENV: development =======
2025-03-12 10:11:40 info: 🚀 App listening on the port 5212
2025-03-12 10:11:40 info: =================================
2025-03-12 10:12:08 info: [0mGET /api/roles/getRoles [36m304[0m 39.099 ms - -[0m
2025-03-12 10:12:08 info: [0mGET /api/roles/getRoles [36m304[0m 8.848 ms - -[0m
2025-03-12 10:12:08 info: [0mGET /api/niveles/leerNiveles [36m304[0m 21.655 ms - -[0m
2025-03-12 10:12:08 info: [0mGET /api/contenido/leerContenidosBasicos [36m304[0m 98.430 ms - -[0m
2025-03-12 10:12:08 info: [0mGET /api/contenido/leerContenidosV2 [36m304[0m 3.813 ms - -[0m
2025-03-12 10:12:12 info: [0mOPTIONS /api/login [32m204[0m 0.519 ms - 0[0m
2025-03-12 10:12:12 info: [0mPOST /api/login [32m200[0m 245.788 ms - -[0m
2025-03-12 10:12:12 info: [0mGET /api/niveles/leerNiveles [36m304[0m 6.009 ms - -[0m
2025-03-12 10:12:12 info: [0mGET /api/contenido/leerContenidosBasicos [36m304[0m 64.862 ms - -[0m
2025-03-12 10:12:12 info: [0mGET /api/contenido/leerContenidosV2 [36m304[0m 9.925 ms - -[0m
2025-03-12 12:44:15 info: =================================
2025-03-12 12:44:15 info: ======= ENV: development =======
2025-03-12 12:44:15 info: 🚀 App listening on the port 5212
2025-03-12 12:44:15 info: =================================
2025-03-12 12:45:01 info: [0mGET /api/roles/getRoles [32m200[0m 20.989 ms - 734[0m
2025-03-12 12:45:01 info: [0mGET /api/roles/getRoles [36m304[0m 8.492 ms - -[0m
2025-03-12 12:45:02 info: [0mGET /api/roles/getRoles [36m304[0m 6.326 ms - -[0m
2025-03-12 12:45:02 info: [0mGET /api/roles/getRoles [36m304[0m 5.235 ms - -[0m
2025-03-12 12:45:16 info: [0mOPTIONS /api/login [32m204[0m 0.470 ms - 0[0m
2025-03-12 12:45:16 info: [0mPOST /api/login [32m200[0m 344.344 ms - -[0m
2025-03-12 12:45:16 info: [0mGET /api/niveles/leerNiveles [32m200[0m 16.139 ms - 543[0m
2025-03-12 12:45:16 info: [0mGET /api/contenido/leerContenidosBasicos [32m200[0m 135.543 ms - -[0m
2025-03-12 12:45:16 info: [0mGET /api/contenido/leerContenidosV2 [32m200[0m 5.417 ms - 46[0m
