2025-03-21 07:08:47 info: ====================================
2025-03-21 07:08:47 info: ============ ENV: development ===========
2025-03-21 07:08:47 info: 🚀 App listening on the port 5212
2025-03-21 07:08:47 info: ====================================
2025-03-21 07:09:21 info: [0mGET /api/roles/getRoles [32m200[0m 29.996 ms - 734[0m
2025-03-21 07:09:21 info: [0mGET /api/roles/getRoles [36m304[0m 11.914 ms - -[0m
2025-03-21 07:09:22 info: [0mGET /api/niveles/leerNiveles [32m200[0m 58.107 ms - 543[0m
2025-03-21 07:09:22 info: [0mGET /api/niveles/leerNiveles [36m304[0m 19.072 ms - -[0m
2025-03-21 07:09:22 info: [0mGET /api/users/getUsers [32m200[0m 489.080 ms - -[0m
2025-03-21 07:09:22 info: [0mGET /api/contenido/leerContenidosBasicos [32m200[0m 632.693 ms - -[0m
2025-03-21 07:09:22 info: [0mGET /api/contenido/leerContenidosV2 [32m200[0m 8.258 ms - 46[0m
2025-03-21 07:09:22 info: [0mGET /api/contenido/leerContenidos [32m200[0m 443.279 ms - -[0m
2025-03-21 07:09:22 info: [0mGET /api/contenido/leerContenidosV2 [36m304[0m 5.265 ms - -[0m
2025-03-21 07:09:39 info: [0mOPTIONS /api/login [32m204[0m 0.580 ms - 0[0m
2025-03-21 07:09:39 info: [0mPOST /api/login [32m200[0m 629.055 ms - 790[0m
2025-03-21 07:09:40 info: [0mGET /api/contenido/leerContenidos [36m304[0m 287.902 ms - -[0m
2025-03-21 07:09:40 info: [0mGET /api/niveles/leerNiveles [36m304[0m 287.525 ms - -[0m
2025-03-21 07:09:40 info: [0mGET /api/contenido/leerContenidosV2 [36m304[0m 6.359 ms - -[0m
2025-03-21 07:34:42 info: [0mGET /api/niveles/leerNiveles [36m304[0m 13.960 ms - -[0m
2025-03-21 07:34:42 info: [0mGET /api/contenido/leerContenidos [36m304[0m 236.647 ms - -[0m
2025-03-21 07:34:42 info: [0mGET /api/niveles/leerNiveles [36m304[0m 235.292 ms - -[0m
2025-03-21 07:34:42 info: [0mGET /api/contenido/leerContenidosBasicos [36m304[0m 369.461 ms - -[0m
2025-03-21 07:34:42 info: [0mGET /api/users/getUsers [36m304[0m 343.576 ms - -[0m
2025-03-21 07:34:42 info: [0mGET /api/contenido/leerContenidosV2 [36m304[0m 7.165 ms - -[0m
2025-03-21 07:34:42 info: [0mGET /api/contenido/leerContenidosV2 [36m304[0m 5.168 ms - -[0m
2025-03-21 07:45:54 info: [0mGET /api/niveles/leerNiveles [36m304[0m 16.284 ms - -[0m
2025-03-21 07:45:54 info: [0mGET /api/contenido/leerContenidosBasicos [36m304[0m 176.531 ms - -[0m
2025-03-21 07:45:54 info: [0mGET /api/contenido/leerContenidos [36m304[0m 351.864 ms - -[0m
2025-03-21 07:45:54 info: [0mGET /api/niveles/leerNiveles [36m304[0m 347.405 ms - -[0m
2025-03-21 07:45:54 info: [0mGET /api/users/getUsers [36m304[0m 369.927 ms - -[0m
2025-03-21 07:45:54 info: [0mGET /api/contenido/leerContenidosV2 [36m304[0m 17.533 ms - -[0m
2025-03-21 07:45:54 info: [0mGET /api/contenido/leerContenidosV2 [36m304[0m 5.315 ms - -[0m
2025-03-21 08:25:43 info: [0mGET /api/contenido/leerContenidos [36m304[0m 254.659 ms - -[0m
2025-03-21 08:25:43 info: [0mGET /api/niveles/leerNiveles [36m304[0m 246.139 ms - -[0m
2025-03-21 08:25:43 info: [0mGET /api/users/getUsers [36m304[0m 272.739 ms - -[0m
2025-03-21 08:25:43 info: [0mGET /api/contenido/leerContenidos [36m304[0m 203.923 ms - -[0m
2025-03-21 08:25:43 info: [0mGET /api/niveles/leerNiveles [36m304[0m 205.991 ms - -[0m
2025-03-21 08:25:43 info: [0mGET /api/contenido/leerContenidosV2 [36m304[0m 19.833 ms - -[0m
2025-03-21 08:25:43 info: [0mGET /api/users/getUsers [36m304[0m 35.919 ms - -[0m
2025-03-21 08:25:43 info: [0mGET /api/contenido/leerContenidosV2 [36m304[0m 5.961 ms - -[0m
2025-03-21 08:46:14 info: ====================================
2025-03-21 08:46:14 info: ============ ENV: development ===========
2025-03-21 08:46:14 info: 🚀 App listening on the port 5212
2025-03-21 08:46:14 info: ====================================
2025-03-21 08:47:03 info: [0mOPTIONS /api/cambiar-password [32m204[0m 2.796 ms - 0[0m
2025-03-21 08:47:03 info: [0mPOST /api/cambiar-password [33m404[0m 258.784 ms - 160[0m
2025-03-21 08:48:22 info: ====================================
2025-03-21 08:48:22 info: ============ ENV: development ===========
2025-03-21 08:48:22 info: 🚀 App listening on the port 5212
2025-03-21 08:48:22 info: ====================================
2025-03-21 08:49:06 info: [0mGET /api/niveles/leerNiveles [32m200[0m 250.709 ms - 543[0m
2025-03-21 08:49:06 info: [0mGET /api/niveles/leerNiveles [32m200[0m 277.472 ms - 543[0m
2025-03-21 08:49:06 info: [0mGET /api/users/getUsers [32m200[0m 307.544 ms - -[0m
2025-03-21 08:49:06 info: [0mGET /api/users/getUsers [32m200[0m 301.834 ms - -[0m
2025-03-21 08:49:06 info: [0mGET /api/contenido/leerContenidos [32m200[0m 456.560 ms - -[0m
2025-03-21 08:49:06 info: [0mGET /api/contenido/leerContenidos [32m200[0m 248.731 ms - -[0m
2025-03-21 08:49:06 info: [0mGET /api/contenido/leerContenidosV2 [32m200[0m 7.688 ms - 46[0m
2025-03-21 08:49:06 info: [0mGET /api/contenido/leerContenidosV2 [32m200[0m 5.438 ms - 46[0m
2025-03-21 08:49:27 info: [0mOPTIONS /api/users/cambiar-password [32m204[0m 7.251 ms - 0[0m
2025-03-21 08:49:28 info: [0mPOST /api/users/cambiar-password [32m200[0m 290.234 ms - 512[0m
2025-03-21 08:50:49 info: [0mGET /api/roles/getRoles [32m200[0m 12.307 ms - 734[0m
2025-03-21 08:50:49 info: [0mGET /api/roles/getRoles [32m200[0m 13.959 ms - 734[0m
2025-03-21 08:50:54 info: [0mOPTIONS /api/login [32m204[0m 0.324 ms - 0[0m
2025-03-21 08:50:54 info: [0mPOST /api/login [32m200[0m 149.761 ms - 790[0m
2025-03-21 08:50:54 info: [0mGET /api/niveles/leerNiveles [32m200[0m 332.769 ms - 543[0m
2025-03-21 08:50:54 info: [0mGET /api/contenido/leerContenidos [32m200[0m 336.340 ms - -[0m
2025-03-21 08:50:54 info: [0mGET /api/contenido/leerContenidosV2 [32m200[0m 5.115 ms - 46[0m
2025-03-21 08:55:43 info: [0mOPTIONS /api/users/editUser [32m204[0m 0.304 ms - 0[0m
2025-03-21 08:55:43 info: [0mPOST /api/users/editUser [32m200[0m 26.165 ms - 617[0m
2025-03-21 08:56:07 info: [0mGET /api/roles/getRoles [32m200[0m 12.094 ms - 734[0m
2025-03-21 08:56:07 info: [0mGET /api/roles/getRoles [32m200[0m 11.036 ms - 734[0m
2025-03-21 08:56:09 info: [0mOPTIONS /api/login [32m204[0m 0.442 ms - 0[0m
2025-03-21 08:56:09 info: [0mPOST /api/login [32m200[0m 150.289 ms - 798[0m
2025-03-21 08:56:09 info: [0mGET /api/niveles/leerNiveles [32m200[0m 14.744 ms - 543[0m
2025-03-21 08:56:09 info: [0mGET /api/contenido/leerContenidosBasicos [32m200[0m 126.136 ms - -[0m
2025-03-21 08:56:09 info: [0mGET /api/contenido/leerContenidosV2 [32m200[0m 4.973 ms - 46[0m
2025-03-21 08:56:09 info: [0mGET /api/niveles/leerNiveles [32m200[0m 238.947 ms - 543[0m
2025-03-21 08:56:09 info: [0mGET /api/users/getUsers [32m200[0m 275.729 ms - -[0m
2025-03-21 08:56:09 info: [0mGET /api/contenido/leerContenidos [32m200[0m 238.421 ms - -[0m
2025-03-21 08:56:09 info: [0mGET /api/contenido/leerContenidosV2 [32m200[0m 12.293 ms - 46[0m
2025-03-21 08:58:22 info: [0mOPTIONS /api/users/editUser [32m204[0m 0.420 ms - 0[0m
2025-03-21 08:58:22 info: [0mPOST /api/users/editUser [32m200[0m 27.004 ms - 609[0m
2025-03-21 08:59:54 info: [0mGET /api/niveles/leerNiveles [32m200[0m 346.023 ms - 543[0m
2025-03-21 08:59:54 info: [0mGET /api/niveles/leerNiveles [32m200[0m 527.981 ms - 543[0m
2025-03-21 08:59:54 info: [0mGET /api/users/getUsers [32m200[0m 556.672 ms - -[0m
2025-03-21 08:59:54 info: [0mGET /api/contenido/leerContenidos [32m200[0m 351.465 ms - -[0m
2025-03-21 08:59:54 info: [0mGET /api/contenido/leerContenidos [32m200[0m 523.401 ms - -[0m
2025-03-21 08:59:54 info: [0mGET /api/contenido/leerContenidosV2 [32m200[0m 4.500 ms - 46[0m
2025-03-21 08:59:54 info: [0mGET /api/contenido/leerContenidosV2 [32m200[0m 4.243 ms - 46[0m
2025-03-21 09:00:13 info: [0mOPTIONS /api/users/editUser [32m204[0m 0.240 ms - 0[0m
2025-03-21 09:00:13 info: [0mPOST /api/users/editUser [32m200[0m 18.954 ms - 625[0m
2025-03-21 09:00:35 info: [0mGET /api/niveles/leerNiveles [32m200[0m 12.148 ms - 543[0m
2025-03-21 09:00:35 info: [0mGET /api/contenido/leerContenidosBasicos [32m200[0m 96.473 ms - -[0m
2025-03-21 09:00:35 info: [0mGET /api/contenido/leerContenidosV2 [32m200[0m 5.700 ms - 46[0m
2025-03-21 09:00:35 info: [0mGET /api/niveles/leerNiveles [32m200[0m 303.173 ms - 543[0m
2025-03-21 09:00:35 info: [0mGET /api/users/getUsers [32m200[0m 315.903 ms - -[0m
2025-03-21 09:00:35 info: [0mGET /api/contenido/leerContenidos [32m200[0m 306.011 ms - -[0m
2025-03-21 09:00:35 info: [0mGET /api/contenido/leerContenidosV2 [32m200[0m 4.253 ms - 46[0m
2025-03-21 09:00:51 info: [0mGET /api/roles/getRoles [32m200[0m 6.431 ms - 734[0m
2025-03-21 09:00:54 info: [0mGET /api/users/getUsers [32m200[0m 17.816 ms - -[0m
2025-03-21 09:00:54 info: [0mGET /api/users/getUsers [32m200[0m 19.293 ms - -[0m
2025-03-21 09:06:06 info: [0mGET / [32m200[0m 8.479 ms - -[0m
2025-03-21 09:06:06 info: [0mGET /assets/index-uCH0GFZ0.css [32m200[0m 5.015 ms - -[0m
2025-03-21 09:06:07 info: [0mGET /assets/index-C_yG4k5D.js [32m200[0m 9.977 ms - -[0m
2025-03-21 09:06:07 info: [0mGET /assets/swipe-back-BpP9epYB.js [32m200[0m 4.794 ms - 682[0m
2025-03-21 09:06:07 info: [0mGET /assets/images/logo.png [32m200[0m 17.830 ms - 228503[0m
2025-03-21 09:06:07 info: [0mGET /assets/icon/uread/uread_logo_violet.png [32m200[0m 14.103 ms - 47403[0m
2025-03-21 09:06:07 info: [0mGET /assets/index9-CaIVrPiI.js [32m200[0m 3.504 ms - -[0m
2025-03-21 09:06:07 info: [0mGET /assets/icon/uread/uread_logo_violet.png [36m304[0m 3.238 ms - -[0m
2025-03-21 09:06:07 info: [0mGET /assets/input-shims-D5ByZn01.js [32m200[0m 8.333 ms - -[0m
2025-03-21 09:06:24 info: [0mGET /assets/images/user-profile-default.svg [32m200[0m 26.007 ms - 629[0m
2025-03-21 09:06:24 info: [0mGET /assets/md.transition-4xxzrN7Y.js [32m200[0m 36.401 ms - -[0m
2025-03-21 09:06:24 info: [0mGET /assets/icon/uread/uread_logo_transparente.png [32m200[0m 26.608 ms - 148295[0m
