2025-01-02 06:42:54 info: =================================
2025-01-02 06:42:54 info: ======= ENV: development =======
2025-01-02 06:42:54 info: 🚀 App listening on the port 5212
2025-01-02 06:42:54 info: =================================
2025-01-02 06:43:31 error: [GET] /api/contenido/leerContenidos >> StatusCode:: 500, Message:: Operation `contenidos.find()` buffering timed out after 10000ms
2025-01-02 06:43:31 info: [0mGET /api/contenido/leerContenidos [31m500[0m 10043.448 ms - 77[0m
2025-01-02 06:43:31 info: [0mGET /api/niveles/leerNiveles [33m400[0m 10039.946 ms - 11[0m
2025-01-02 06:45:24 info: =================================
2025-01-02 06:45:24 info: ======= ENV: development =======
2025-01-02 06:45:24 info: 🚀 App listening on the port 5212
2025-01-02 06:45:24 info: =================================
2025-01-02 06:53:51 info: =================================
2025-01-02 06:53:51 info: ======= ENV: development =======
2025-01-02 06:53:51 info: 🚀 App listening on the port 5212
2025-01-02 06:53:51 info: =================================
2025-01-02 06:56:01 info: =================================
2025-01-02 06:56:01 info: ======= ENV: development =======
2025-01-02 06:56:01 info: 🚀 App listening on the port 5212
2025-01-02 06:56:01 info: =================================
2025-01-02 08:36:29 info: =================================
2025-01-02 08:36:29 info: ======= ENV: development =======
2025-01-02 08:36:29 info: 🚀 App listening on the port 5212
2025-01-02 08:36:29 info: =================================
2025-01-02 08:49:31 info: =================================
2025-01-02 08:49:31 info: ======= ENV: development =======
2025-01-02 08:49:31 info: 🚀 App listening on the port 5212
2025-01-02 08:49:31 info: =================================
2025-01-02 08:49:57 info: [0mGET /api/users/getUsers [0m-[0m - ms - -[0m
2025-01-02 08:49:57 info: [0mGET /api/contenido/leerContenidos [0m-[0m - ms - -[0m
2025-01-02 08:49:57 info: [0mGET /api/roles/getRoles [0m-[0m - ms - -[0m
2025-01-02 08:49:57 info: [0mGET /api/niveles/leerNiveles [0m-[0m - ms - -[0m
2025-01-02 08:50:11 info: =================================
2025-01-02 08:50:11 info: ======= ENV: development =======
2025-01-02 08:50:11 info: 🚀 App listening on the port 5212
2025-01-02 08:50:11 info: =================================
2025-01-02 09:02:39 info: [0mGET /api/niveles/leerNiveles [32m200[0m 37.268 ms - 40[0m
2025-01-02 09:02:39 info: [0mGET /api/contenido/leerContenidos [32m200[0m 33.273 ms - 43[0m
2025-01-02 09:02:39 info: [0mGET /api/users/getUsers [32m200[0m 29.358 ms - 31[0m
2025-01-02 09:02:39 info: [0mGET /api/contenido/leerContenidosV2 [32m200[0m 9.572 ms - 46[0m
