2025-03-19 00:04:27 info: [0mOPTIONS /api/form [32m204[0m 2.256 ms - 0[0m
2025-03-19 00:04:27 info: [0mPOST /api/form [32m200[0m 191.764 ms - 840[0m
2025-03-19 00:04:41 info: ====================================
2025-03-19 00:04:41 info: ============ ENV: development ===========
2025-03-19 00:04:41 info: 🚀 App listening on the port 5212
2025-03-19 00:04:41 info: ====================================
2025-03-19 00:06:28 info: [0mOPTIONS /api/login [32m204[0m 2.216 ms - 0[0m
2025-03-19 00:06:28 info: [0mPOST /api/login [32m200[0m 220.726 ms - 790[0m
2025-03-19 00:06:28 info: [0mGET /api/contenido/leerContenidos [36m304[0m 325.883 ms - -[0m
2025-03-19 00:06:28 info: [0mGET /api/niveles/leerNiveles [36m304[0m 321.186 ms - -[0m
2025-03-19 00:06:28 info: [0mGET /api/contenido/leerContenidosV2 [36m304[0m 7.008 ms - -[0m
2025-03-19 00:08:23 info: [0mGET /api/niveles/leerNiveles [36m304[0m 16.866 ms - -[0m
2025-03-19 00:08:23 info: [0mGET /api/contenido/leerContenidosBasicos [36m304[0m 137.307 ms - -[0m
2025-03-19 00:08:23 info: [0mGET /api/contenido/leerContenidos [36m304[0m 305.290 ms - -[0m
2025-03-19 00:08:23 info: [0mGET /api/niveles/leerNiveles [36m304[0m 302.058 ms - -[0m
2025-03-19 00:08:23 info: [0mGET /api/contenido/leerContenidosV2 [36m304[0m 305.836 ms - -[0m
2025-03-19 00:08:23 info: [0mGET /api/users/getUsers [32m200[0m 324.013 ms - -[0m
2025-03-19 00:08:23 info: [0mGET /api/contenido/leerContenidosV2 [36m304[0m 7.738 ms - -[0m
2025-03-19 00:08:36 info: [0mOPTIONS /api/users/validarUsuario [32m204[0m 0.443 ms - 0[0m
2025-03-19 00:08:41 info: [0mPOST /api/users/validarUsuario [32m200[0m 5142.057 ms - 452[0m
2025-03-19 00:08:49 info: [0mGET /api/niveles/leerNiveles [36m304[0m 11.987 ms - -[0m
2025-03-19 00:08:49 info: [0mGET /api/contenido/leerContenidosBasicos [36m304[0m 140.881 ms - -[0m
2025-03-19 00:08:49 info: [0mGET /api/contenido/leerContenidos [36m304[0m 257.458 ms - -[0m
2025-03-19 00:08:49 info: [0mGET /api/niveles/leerNiveles [36m304[0m 256.026 ms - -[0m
2025-03-19 00:08:49 info: [0mGET /api/contenido/leerContenidosV2 [36m304[0m 255.297 ms - -[0m
2025-03-19 00:08:49 info: [0mGET /api/users/getUsers [32m200[0m 272.045 ms - -[0m
2025-03-19 00:08:49 info: [0mGET /api/contenido/leerContenidosV2 [36m304[0m 6.658 ms - -[0m
2025-03-19 00:08:59 info: [0mGET /bienvenida/eyJhbGciOiJIUzI1NiIsInR5cCI6IkpXVCJ9.eyJfaWQiOiI2N2RhMzFkNTM0NzY5ZTZkODg2OTc3YTEiLCJpYXQiOjE3NDIzNTM3MTYsImV4cCI6MTc0MjM1NzMxNn0.XlmvzdR3BTAsXZCfKVIN8bKk9qE9QqndfrP_cvmNH6U [32m200[0m 14.691 ms - -[0m
2025-03-19 00:09:00 info: [0mGET /assets/index-DeJ0cUEt.css [32m200[0m 4.481 ms - -[0m
2025-03-19 00:09:00 info: [0mGET /assets/index-CQtxIDML.js [32m200[0m 6.209 ms - -[0m
2025-03-19 00:09:00 info: [0mGET /assets/swipe-back-B9FokxKp.js [32m200[0m 3.093 ms - 682[0m
2025-03-19 00:09:00 info: [0mGET /assets/index9-PFpQsavQ.js [32m200[0m 4.339 ms - -[0m
2025-03-19 00:09:00 info: [0mGET /manifest.json [36m304[0m 2.109 ms - -[0m
2025-03-19 00:10:00 info: ====================================
2025-03-19 00:10:00 info: ============ ENV: development ===========
2025-03-19 00:10:00 info: 🚀 App listening on the port 5212
2025-03-19 00:10:00 info: ====================================
2025-03-19 00:10:30 info: [0mOPTIONS /api/users/validarUsuario [32m204[0m 2.411 ms - 0[0m
2025-03-19 00:10:35 info: [0mPOST /api/users/validarUsuario [32m200[0m 5149.908 ms - 452[0m
2025-03-19 00:10:58 info: [0mOPTIONS /api/reset-password [32m204[0m 0.410 ms - 0[0m
2025-03-19 00:10:58 info: [0mPOST /api/reset-password [32m200[0m 152.815 ms - 529[0m
2025-03-19 00:11:03 info: [0mGET /api/roles/getRoles [36m304[0m 15.218 ms - -[0m
2025-03-19 00:11:03 info: [0mGET /api/roles/getRoles [36m304[0m 11.286 ms - -[0m
2025-03-19 00:11:21 info: [0mOPTIONS /api/login [32m204[0m 0.500 ms - 0[0m
2025-03-19 00:11:21 info: [0mPOST /api/login [32m200[0m 186.361 ms - -[0m
2025-03-19 00:11:21 info: [0mGET /api/niveles/leerNiveles [36m304[0m 16.296 ms - -[0m
2025-03-19 00:11:22 info: [0mGET /api/contenido/leerContenidosBasicos [36m304[0m 174.064 ms - -[0m
2025-03-19 00:11:22 info: [0mGET /api/contenido/leerContenidosV2 [36m304[0m 5.611 ms - -[0m
2025-03-19 00:11:29 info: [0mOPTIONS /api/users/editUser [32m204[0m 0.225 ms - 0[0m
2025-03-19 00:11:29 info: [0mPOST /api/users/editUser [32m200[0m 30.341 ms - 959[0m
2025-03-19 00:11:29 info: [0mGET /api/niveles/leerNiveles [36m304[0m 11.649 ms - -[0m
2025-03-19 00:11:29 info: [0mGET /api/contenido/leerContenidosBasicos [36m304[0m 115.627 ms - -[0m
2025-03-19 00:11:29 info: [0mGET /api/contenido/leerContenidosV2 [36m304[0m 4.514 ms - -[0m
2025-03-19 00:11:45 info: [0mGET /api/niveles/leerNiveles [36m304[0m 15.428 ms - -[0m
2025-03-19 00:11:45 info: [0mGET /api/contenido/leerContenidosBasicos [36m304[0m 137.848 ms - -[0m
2025-03-19 00:11:45 info: [0mGET /api/contenido/leerContenidosV2 [36m304[0m 5.581 ms - -[0m
2025-03-19 00:14:45 info: [0mGET /api/roles/getRoles [36m304[0m 7.486 ms - -[0m
2025-03-19 00:14:45 info: [0mGET /api/roles/getRoles [36m304[0m 6.341 ms - -[0m
2025-03-19 00:15:21 info: [0mOPTIONS /api/form [32m204[0m 0.211 ms - 0[0m
2025-03-19 00:15:21 info: [0mPOST /api/form [32m200[0m 70.769 ms - 838[0m
2025-03-19 00:16:11 info: [0mOPTIONS /api/form [32m204[0m 0.240 ms - 0[0m
2025-03-19 00:16:11 info: [0mPOST /api/form [32m200[0m 40.841 ms - 840[0m
2025-03-19 00:19:06 info: ====================================
2025-03-19 00:19:06 info: ============ ENV: development ===========
2025-03-19 00:19:06 info: 🚀 App listening on the port 5212
2025-03-19 00:19:06 info: ====================================
2025-03-19 00:20:13 info: [0mOPTIONS /api/form [32m204[0m 1.648 ms - 0[0m
2025-03-19 00:20:13 info: [0mPOST /api/form [32m200[0m 164.549 ms - -[0m
2025-03-19 00:21:11 info: [0mOPTIONS /api/form [32m204[0m 0.229 ms - 0[0m
2025-03-19 00:21:11 info: [0mPOST /api/form [32m200[0m 54.592 ms - -[0m
2025-03-19 00:21:35 info: [0mGET /api/niveles/leerNiveles [36m304[0m 16.504 ms - -[0m
2025-03-19 00:21:35 info: [0mGET /api/contenido/leerContenidosBasicos [36m304[0m 144.498 ms - -[0m
2025-03-19 00:21:35 info: [0mGET /api/contenido/leerContenidos [36m304[0m 215.008 ms - -[0m
2025-03-19 00:21:35 info: [0mGET /api/niveles/leerNiveles [36m304[0m 217.517 ms - -[0m
2025-03-19 00:21:35 info: [0mGET /api/contenido/leerContenidosV2 [36m304[0m 16.742 ms - -[0m
2025-03-19 00:21:35 info: [0mGET /api/users/getUsers [32m200[0m 235.478 ms - -[0m
2025-03-19 00:21:35 info: [0mGET /api/contenido/leerContenidosV2 [36m304[0m 14.097 ms - -[0m
2025-03-19 00:21:41 info: [0mOPTIONS /api/users/validarUsuario [32m204[0m 0.470 ms - 0[0m
2025-03-19 00:21:46 info: [0mPOST /api/users/validarUsuario [32m200[0m 5276.043 ms - 506[0m
2025-03-19 00:22:09 info: [0mOPTIONS /api/reset-password [32m204[0m 0.208 ms - 0[0m
2025-03-19 00:22:09 info: [0mPOST /api/reset-password [32m200[0m 141.558 ms - 583[0m
2025-03-19 00:22:11 info: [0mGET /api/roles/getRoles [36m304[0m 7.631 ms - -[0m
2025-03-19 00:22:11 info: [0mGET /api/roles/getRoles [36m304[0m 6.945 ms - -[0m
2025-03-19 00:22:18 info: [0mOPTIONS /api/login [32m204[0m 0.359 ms - 0[0m
2025-03-19 00:22:18 info: [0mPOST /api/login [32m200[0m 159.881 ms - -[0m
2025-03-19 00:22:18 info: [0mGET /api/niveles/leerNiveles [36m304[0m 11.711 ms - -[0m
2025-03-19 00:22:18 info: [0mGET /api/contenido/leerContenidosBasicos [36m304[0m 129.181 ms - -[0m
2025-03-19 00:22:18 info: [0mGET /api/contenido/leerContenidosV2 [36m304[0m 6.225 ms - -[0m
2025-03-19 00:22:24 info: [0mOPTIONS /api/users/editUser [32m204[0m 0.300 ms - 0[0m
2025-03-19 00:22:24 info: [0mPOST /api/users/editUser [32m200[0m 33.511 ms - -[0m
2025-03-19 00:22:24 info: [0mGET /api/niveles/leerNiveles [36m304[0m 9.096 ms - -[0m
2025-03-19 00:22:24 info: [0mGET /api/contenido/leerContenidosBasicos [36m304[0m 113.645 ms - -[0m
2025-03-19 00:22:24 info: [0mGET /api/contenido/leerContenidosV2 [36m304[0m 3.409 ms - -[0m
2025-03-19 00:26:22 info: [0mGET /api/niveles/leerNiveles [36m304[0m 10.213 ms - -[0m
2025-03-19 00:26:22 info: [0mGET /api/contenido/leerContenidosBasicos [36m304[0m 106.033 ms - -[0m
2025-03-19 00:26:22 info: [0mGET /api/contenido/leerContenidos [36m304[0m 201.166 ms - -[0m
2025-03-19 00:26:22 info: [0mGET /api/niveles/leerNiveles [36m304[0m 210.420 ms - -[0m
2025-03-19 00:26:22 info: [0mGET /api/contenido/leerContenidosV2 [36m304[0m 22.420 ms - -[0m
2025-03-19 00:26:22 info: [0mGET /api/users/getUsers [32m200[0m 236.706 ms - -[0m
2025-03-19 00:26:22 info: [0mGET /api/contenido/leerContenidosV2 [36m304[0m 8.140 ms - -[0m
2025-03-19 00:27:05 info: [0mGET /api/roles/getRoles [36m304[0m 8.803 ms - -[0m
2025-03-19 00:28:09 info: [0mOPTIONS /api/login [32m204[0m 0.233 ms - 0[0m
2025-03-19 00:28:09 info: [0mPOST /api/login [32m200[0m 157.668 ms - -[0m
2025-03-19 00:28:09 info: [0mGET /api/niveles/leerNiveles [36m304[0m 11.044 ms - -[0m
2025-03-19 00:28:09 info: [0mGET /api/contenido/leerContenidosBasicos [36m304[0m 126.202 ms - -[0m
2025-03-19 00:28:09 info: [0mGET /api/contenido/leerContenidosV2 [36m304[0m 4.537 ms - -[0m
2025-03-19 00:29:06 info: [0mOPTIONS /api/users/editUser [32m204[0m 0.336 ms - 0[0m
2025-03-19 00:29:06 info: [0mPOST /api/users/editUser [32m200[0m 30.063 ms - -[0m
2025-03-19 00:29:06 info: [0mGET /api/niveles/leerNiveles [36m304[0m 8.662 ms - -[0m
2025-03-19 00:29:06 info: [0mGET /api/contenido/leerContenidosBasicos [36m304[0m 98.779 ms - -[0m
2025-03-19 00:29:06 info: [0mGET /api/contenido/leerContenidosV2 [36m304[0m 4.529 ms - -[0m
2025-03-19 00:32:08 info: [0mOPTIONS /api/users/habilitarUsuarioDesdeAlumno [32m204[0m 0.309 ms - 0[0m
2025-03-19 00:32:13 info: [0mPOST /api/users/habilitarUsuarioDesdeAlumno [32m200[0m 4986.783 ms - 345[0m
