2025-03-24 11:48:08 info: ====================================
2025-03-24 11:48:08 info: ============ ENV: development ===========
2025-03-24 11:48:08 info: 🚀 App listening on the port 5212
2025-03-24 11:48:09 info: ====================================
2025-03-24 11:52:04 info: [0mGET /api/roles/getRoles [32m200[0m 14.475 ms - 734[0m
2025-03-24 11:52:04 info: [0mGET /api/roles/getRoles [36m304[0m 6.518 ms - -[0m
2025-03-24 11:52:16 info: [0mOPTIONS /api/login [32m204[0m 0.297 ms - 0[0m
2025-03-24 11:52:17 error: [POST] /api/login >> StatusCode:: 409, Message:: Contraseña incorrecta
2025-03-24 11:52:17 info: [0mPOST /api/login [33m409[0m 318.963 ms - 36[0m
2025-03-24 11:52:27 info: [0mOPTIONS /api/login [32m204[0m 0.141 ms - 0[0m
2025-03-24 11:52:27 error: [POST] /api/login >> StatusCode:: 409, Message:: Contraseña incorrecta
2025-03-24 11:52:27 info: [0mPOST /api/login [33m409[0m 93.754 ms - 36[0m
2025-03-24 11:52:39 info: [0mOPTIONS /api/forgot-password [32m204[0m 0.222 ms - 0[0m
2025-03-24 11:52:44 info: [0mPOST /api/forgot-password [32m200[0m 5580.265 ms - 514[0m
2025-03-24 11:53:30 info: [0mOPTIONS /api/reset-password [32m204[0m 0.132 ms - 0[0m
2025-03-24 11:53:30 info: [0mPOST /api/reset-password [32m200[0m 80.915 ms - 518[0m
2025-03-24 11:53:32 info: [0mGET /api/roles/getRoles [36m304[0m 5.863 ms - -[0m
2025-03-24 11:53:32 info: [0mGET /api/roles/getRoles [36m304[0m 5.496 ms - -[0m
2025-03-24 11:53:43 info: [0mOPTIONS /api/login [32m204[0m 0.159 ms - 0[0m
2025-03-24 11:53:43 info: [0mPOST /api/login [32m200[0m 64.651 ms - 806[0m
2025-03-24 11:53:43 info: [0mGET /api/niveles/leerNiveles [32m200[0m 11.463 ms - 543[0m
2025-03-24 11:53:44 info: [0mGET /api/niveles/leerNiveles [36m304[0m 131.696 ms - -[0m
2025-03-24 11:53:44 info: [0mGET /api/contenido/leerContenidosBasicos [32m200[0m 134.949 ms - -[0m
2025-03-24 11:53:44 info: [0mGET /api/users/getUsers [32m200[0m 143.085 ms - -[0m
2025-03-24 11:53:44 info: [0mGET /api/contenido/leerContenidosV2 [32m200[0m 8.492 ms - 46[0m
2025-03-24 11:53:44 info: [0mGET /api/contenido/leerContenidos [32m200[0m 128.715 ms - -[0m
2025-03-24 11:53:44 info: [0mGET /api/contenido/leerContenidosV2 [36m304[0m 2.937 ms - -[0m
2025-03-24 11:53:58 info: [0mGET /api/roles/getRoles [36m304[0m 3.669 ms - -[0m
2025-03-24 11:53:59 info: [0mGET /api/users/getUsers [36m304[0m 10.910 ms - -[0m
2025-03-24 11:53:59 info: [0mGET /api/users/getUsers [36m304[0m 15.414 ms - -[0m
2025-03-24 11:56:42 info: ====================================
2025-03-24 11:56:42 info: ============ ENV: development ===========
2025-03-24 11:56:42 info: 🚀 App listening on the port 5212
2025-03-24 11:56:42 info: ====================================
2025-03-24 11:56:46 info: [0mGET /api/niveles/leerNiveles [36m304[0m 59.461 ms - -[0m
2025-03-24 11:56:46 info: [0mGET /api/contenido/leerContenidos [36m304[0m 247.179 ms - -[0m
2025-03-24 11:56:46 info: [0mGET /api/niveles/leerNiveles [36m304[0m 36.927 ms - -[0m
2025-03-24 11:56:46 info: [0mGET /api/contenido/leerContenidosBasicos [36m304[0m 367.645 ms - -[0m
2025-03-24 11:56:46 info: [0mGET /api/contenido/leerContenidosV2 [36m304[0m 5.821 ms - -[0m
2025-03-24 11:56:46 info: [0mGET /api/contenido/leerContenidosV2 [36m304[0m 3.077 ms - -[0m
2025-03-24 11:56:46 info: [0mGET /api/users/getUsers [32m200[0m 350.913 ms - -[0m
2025-03-24 12:19:17 info: ====================================
2025-03-24 12:19:17 info: ============ ENV: development ===========
2025-03-24 12:19:17 info: 🚀 App listening on the port 5212
2025-03-24 12:19:17 info: ====================================
2025-03-24 12:19:51 info: ====================================
2025-03-24 12:19:51 info: ============ ENV: development ===========
2025-03-24 12:19:51 info: 🚀 App listening on the port 5212
2025-03-24 12:19:51 info: ====================================
2025-03-24 12:19:55 info: [0mGET /api/niveles/leerNiveles [36m304[0m 48.358 ms - -[0m
2025-03-24 12:19:55 info: [0mGET /api/contenido/leerContenidosBasicos [36m304[0m 263.572 ms - -[0m
2025-03-24 12:19:56 info: [0mGET /api/contenido/leerContenidos [36m304[0m 213.986 ms - -[0m
2025-03-24 12:19:56 info: [0mGET /api/niveles/leerNiveles [36m304[0m 199.881 ms - -[0m
2025-03-24 12:19:56 info: [0mGET /api/contenido/leerContenidosV2 [36m304[0m 208.348 ms - -[0m
2025-03-24 12:19:56 info: [0mGET /api/contenido/leerContenidosV2 [36m304[0m 4.610 ms - -[0m
2025-03-24 12:19:56 info: [0mGET /api/users/getUsers [32m200[0m 243.228 ms - -[0m
