2023-08-05 00:02:38 info: [0mGET /api/lenguajes/leerLenguajes [36m304[0m 70.590 ms - -[0m
2023-08-05 00:02:44 info: =================================
2023-08-05 00:02:44 info: ======= ENV: development =======
2023-08-05 00:02:44 info: 🚀 App listening on the port 5212
2023-08-05 00:02:44 info: =================================
2023-08-05 00:02:57 info: [0mPOST /api/azure-storage/uploadImageStorage [32m200[0m 1164.797 ms - 172[0m
2023-08-05 00:03:33 info: [0mGET /api/contenido/leerContenidos [36m304[0m 617.991 ms - -[0m
2023-08-05 00:04:46 info: [0mGET /api/lenguajes/leerLenguajes [36m304[0m 92.112 ms - -[0m
2023-08-05 00:04:46 info: [0mGET /api/niveles/leerNiveles [32m200[0m 90.413 ms - 291[0m
2023-08-05 00:04:54 info: [0mPOST /api/azure-storage/uploadImageStorage [32m200[0m 564.554 ms - 172[0m
2023-08-05 00:06:10 info: [0mPOST /api/contenido/editarContenido [32m200[0m 168.544 ms - -[0m
2023-08-05 00:06:21 info: [0mGET /api/contenido/leerContenidos [32m200[0m 601.625 ms - -[0m
2023-08-05 00:08:03 info: =================================
2023-08-05 00:08:03 info: ======= ENV: development =======
2023-08-05 00:08:03 info: 🚀 App listening on the port 5212
2023-08-05 00:08:03 info: =================================
2023-08-05 00:08:11 info: [0mPOST /api/azure-storage/deleteFileStorage [32m200[0m 780.679 ms - 47[0m
2023-08-05 00:13:01 info: [0mGET /api/lenguajes/leerLenguajes [36m304[0m 83.465 ms - -[0m
2023-08-05 00:13:01 info: [0mPOST /api/contenido/editarContenido [32m200[0m 162.952 ms - -[0m
2023-08-05 00:13:01 info: [0mGET /api/lenguajes/leerLenguajes [36m304[0m 71.346 ms - -[0m
2023-08-05 00:13:01 info: [0mGET /api/niveles/leerNiveles [36m304[0m 73.695 ms - -[0m
2023-08-05 00:13:04 info: [0mGET /api/niveles/leerNiveles [36m304[0m 80.803 ms - -[0m
2023-08-05 00:13:17 info: [0mPOST /api/contenido/editarContenido [32m200[0m 219.343 ms - -[0m
2023-08-05 00:13:17 info: [0mGET /api/contenido/leerContenidos [32m200[0m 569.069 ms - -[0m
2023-08-05 00:13:26 info: [0mGET /api/roles/getRoles [36m304[0m 76.034 ms - -[0m
2023-08-05 00:13:26 info: [0mPOST /api/users/getUserById [32m200[0m 370.529 ms - 526[0m
2023-08-05 00:13:26 info: [0mPOST /api/users/getUserById [32m200[0m 210.781 ms - 526[0m
2023-08-05 00:13:26 info: [0mGET /api/roles/getRoles [36m304[0m 94.010 ms - -[0m
2023-08-05 00:13:27 info: [0mGET /api/lenguajes/leerLenguajes [36m304[0m 300.192 ms - -[0m
2023-08-05 00:13:27 info: [0mGET /api/lenguajes/leerLenguajes [36m304[0m 194.202 ms - -[0m
2023-08-05 00:13:27 info: [0mGET /api/niveles/leerNiveles [36m304[0m 160.126 ms - -[0m
2023-08-05 00:13:27 info: [0mGET /api/niveles/leerNiveles [36m304[0m 161.373 ms - -[0m
2023-08-05 00:13:27 info: [0mGET /api/contenido/leerContenidosBasicos [32m200[0m 1169.565 ms - -[0m
2023-08-05 00:13:28 info: [0mGET /api/contenido/leerContenidos [32m200[0m 1376.682 ms - -[0m
2023-08-05 00:13:28 info: [0mGET /api/contenido/leerContenidosBasicos [36m304[0m 515.586 ms - -[0m
2023-08-05 00:13:28 info: [0mGET /api/niveles/leerNiveles [36m304[0m 70.482 ms - -[0m
2023-08-05 00:13:28 info: [0mGET /api/contenido/leerContenidos [36m304[0m 523.092 ms - -[0m
2023-08-05 00:13:29 info: [0mGET /api/niveles/leerNiveles [36m304[0m 78.624 ms - -[0m
2023-08-05 00:13:31 info: [0mPOST /api/contenido/editarContenido [32m200[0m 95.095 ms - -[0m
2023-08-05 00:13:37 info: [0mPOST /api/contenido/editarContenido [32m200[0m 146.218 ms - -[0m
2023-08-05 00:13:37 info: [0mGET /api/contenido/leerContenidos [32m200[0m 492.576 ms - -[0m
2023-08-05 00:15:19 info: [0mGET /api/lenguajes/leerLenguajes [36m304[0m 73.754 ms - -[0m
2023-08-05 00:15:19 info: [0mGET /api/lenguajes/leerLenguajes [36m304[0m 76.212 ms - -[0m
2023-08-05 00:15:20 info: [0mGET /api/niveles/leerNiveles [36m304[0m 70.232 ms - -[0m
2023-08-05 00:15:20 info: [0mGET /api/niveles/leerNiveles [36m304[0m 70.361 ms - -[0m
2023-08-05 00:15:22 info: [0mGET /api/roles/getRoles [36m304[0m 70.960 ms - -[0m
2023-08-05 00:15:22 info: [0mPOST /api/users/getUserById [32m200[0m 149.227 ms - 526[0m
2023-08-05 00:15:22 info: [0mPOST /api/users/getUserById [32m200[0m 153.515 ms - 526[0m
2023-08-05 00:15:22 info: [0mGET /api/lenguajes/leerLenguajes [36m304[0m 76.675 ms - -[0m
2023-08-05 00:15:22 info: [0mGET /api/roles/getRoles [36m304[0m 80.697 ms - -[0m
2023-08-05 00:15:22 info: [0mGET /api/lenguajes/leerLenguajes [36m304[0m 74.675 ms - -[0m
2023-08-05 00:15:23 info: [0mGET /api/niveles/leerNiveles [36m304[0m 76.118 ms - -[0m
2023-08-05 00:15:23 info: [0mGET /api/contenido/leerContenidos [32m200[0m 534.647 ms - -[0m
2023-08-05 00:15:23 info: [0mGET /api/niveles/leerNiveles [36m304[0m 72.789 ms - -[0m
2023-08-05 00:15:23 info: [0mGET /api/niveles/leerNiveles [36m304[0m 75.040 ms - -[0m
2023-08-05 00:15:23 info: [0mGET /api/contenido/leerContenidosBasicos [32m200[0m 512.750 ms - -[0m
2023-08-05 00:15:23 info: [0mGET /api/contenido/leerContenidos [36m304[0m 553.167 ms - -[0m
2023-08-05 00:15:24 info: [0mGET /api/niveles/leerNiveles [36m304[0m 67.874 ms - -[0m
2023-08-05 00:15:57 info: [0mGET /api/contenido/leerContenidos [32m200[0m 567.229 ms - -[0m
2023-08-05 00:16:08 info: [0mGET /api/contenido/leerContenidos [36m304[0m 1887.896 ms - -[0m
2023-08-05 00:17:22 info: [0mGET /api/contenido/leerContenidos [36m304[0m 534.903 ms - -[0m
2023-08-05 00:19:30 info: [0mGET /api/lenguajes/leerLenguajes [36m304[0m 71.249 ms - -[0m
2023-08-05 00:19:30 info: [0mGET /api/niveles/leerNiveles [36m304[0m 68.801 ms - -[0m
2023-08-05 00:19:37 info: [0mGET /api/contenido/leerContenidos [36m304[0m 572.482 ms - -[0m
2023-08-05 00:19:46 info: [0mGET /api/contenido/leerContenidos [36m304[0m 547.366 ms - -[0m
2023-08-05 00:19:54 info: [0mGET /api/users/getUsers [36m304[0m 156.806 ms - -[0m
2023-08-05 00:19:54 info: [0mGET /api/users/getUsers [36m304[0m 150.191 ms - -[0m
2023-08-05 00:19:58 info: [0mGET /api/lenguajes/leerLenguajes [36m304[0m 71.628 ms - -[0m
2023-08-05 00:19:58 info: [0mGET /api/contenido/leerContenidos [36m304[0m 536.513 ms - -[0m
2023-08-05 00:19:58 info: [0mGET /api/niveles/leerNiveles [36m304[0m 148.143 ms - -[0m
2023-08-05 00:19:58 info: [0mGET /api/lenguajes/leerLenguajes [36m304[0m 148.190 ms - -[0m
2023-08-05 00:19:59 info: [0mGET /api/niveles/leerNiveles [36m304[0m 86.806 ms - -[0m
2023-08-05 00:19:59 info: [0mGET /api/contenido/leerContenidos [36m304[0m 485.608 ms - -[0m
2023-08-05 00:19:59 info: [0mGET /api/niveles/leerNiveles [36m304[0m 89.340 ms - -[0m
2023-08-05 00:19:59 info: [0mGET /api/niveles/leerNiveles [36m304[0m 71.424 ms - -[0m
2023-08-05 00:21:27 info: [0mGET /api/contenido/leerContenidos [36m304[0m 1246.698 ms - -[0m
2023-08-05 00:23:40 info: [0mGET /api/roles/getRoles [36m304[0m 69.503 ms - -[0m
2023-08-05 00:23:41 info: [0mPOST /api/users/getUserById [32m200[0m 159.751 ms - 526[0m
2023-08-05 00:23:41 info: [0mGET /api/roles/getRoles [36m304[0m 85.817 ms - -[0m
2023-08-05 00:23:41 info: [0mPOST /api/users/getUserById [32m200[0m 162.435 ms - 526[0m
2023-08-05 00:23:41 info: [0mGET /api/contenido/leerContenidosBasicos [32m200[0m 485.795 ms - -[0m
2023-08-05 00:23:42 info: [0mGET /api/contenido/leerContenidosBasicos [36m304[0m 439.887 ms - -[0m
2023-08-05 00:23:44 info: [0mGET /api/lenguajes/leerLenguajes [36m304[0m 71.917 ms - -[0m
2023-08-05 00:23:45 info: [0mGET /api/lenguajes/leerLenguajes [36m304[0m 72.419 ms - -[0m
2023-08-05 00:23:45 info: [0mGET /api/niveles/leerNiveles [36m304[0m 79.627 ms - -[0m
2023-08-05 00:23:45 info: [0mGET /api/lenguajes/leerLenguajes [36m304[0m 71.592 ms - -[0m
2023-08-05 00:23:45 info: [0mGET /api/niveles/leerNiveles [36m304[0m 78.341 ms - -[0m
2023-08-05 00:23:46 info: [0mGET /api/lenguajes/leerLenguajes [36m304[0m 73.048 ms - -[0m
2023-08-05 00:23:46 info: [0mGET /api/niveles/leerNiveles [36m304[0m 68.276 ms - -[0m
2023-08-05 00:23:46 info: [0mGET /api/niveles/leerNiveles [36m304[0m 69.425 ms - -[0m
2023-08-05 00:23:46 info: [0mGET /api/contenido/leerContenidos [36m304[0m 1667.755 ms - -[0m
2023-08-05 00:23:47 info: [0mGET /api/niveles/leerNiveles [36m304[0m 76.857 ms - -[0m
2023-08-05 00:23:47 info: [0mGET /api/contenido/leerContenidos [36m304[0m 560.098 ms - -[0m
2023-08-05 00:23:48 info: [0mGET /api/niveles/leerNiveles [36m304[0m 74.872 ms - -[0m
2023-08-05 00:23:48 info: [0mGET /api/contenido/leerContenidos [36m304[0m 495.744 ms - -[0m
2023-08-05 00:23:48 info: [0mGET /api/niveles/leerNiveles [36m304[0m 87.064 ms - -[0m
2023-08-05 00:23:49 info: [0mGET /api/contenido/leerContenidos [36m304[0m 483.201 ms - -[0m
2023-08-05 00:23:49 info: [0mGET /api/niveles/leerNiveles [36m304[0m 77.304 ms - -[0m
2023-08-05 00:25:48 info: [0mGET /api/roles/getRoles [36m304[0m 71.890 ms - -[0m
2023-08-05 00:25:48 info: [0mPOST /api/users/getUserById [32m200[0m 160.087 ms - 526[0m
2023-08-05 00:25:48 info: [0mGET /api/lenguajes/leerLenguajes [36m304[0m 70.200 ms - -[0m
2023-08-05 00:25:48 info: [0mGET /api/roles/getRoles [36m304[0m 74.865 ms - -[0m
2023-08-05 00:25:48 info: [0mPOST /api/users/getUserById [32m200[0m 151.781 ms - 526[0m
2023-08-05 00:25:48 info: [0mGET /api/lenguajes/leerLenguajes [36m304[0m 71.849 ms - -[0m
2023-08-05 00:25:48 info: [0mGET /api/contenido/leerContenidos [36m304[0m 539.639 ms - -[0m
2023-08-05 00:25:48 info: [0mGET /api/niveles/leerNiveles [36m304[0m 177.903 ms - -[0m
2023-08-05 00:25:48 info: [0mGET /api/contenido/leerContenidosBasicos [36m304[0m 538.935 ms - -[0m
2023-08-05 00:25:49 info: [0mGET /api/niveles/leerNiveles [36m304[0m 78.279 ms - -[0m
2023-08-05 00:25:49 info: [0mGET /api/contenido/leerContenidosBasicos [36m304[0m 250.765 ms - -[0m
2023-08-05 00:25:49 info: [0mGET /api/contenido/leerContenidos [36m304[0m 499.077 ms - -[0m
2023-08-05 00:25:49 info: [0mGET /api/niveles/leerNiveles [36m304[0m 103.107 ms - -[0m
2023-08-05 00:25:50 info: [0mGET /api/niveles/leerNiveles [36m304[0m 66.977 ms - -[0m
2023-08-05 00:26:16 info: [0mGET /api/contenido/leerContenidos [36m304[0m 1699.928 ms - -[0m
2023-08-05 00:26:17 info: [0mGET /api/niveles/leerNiveles [36m304[0m 69.026 ms - -[0m
2023-08-05 00:26:27 info: [0mGET /api/contenido/leerContenidos [36m304[0m 1102.539 ms - -[0m
2023-08-05 00:26:28 info: [0mGET /api/niveles/leerNiveles [36m304[0m 76.694 ms - -[0m
2023-08-05 00:26:46 info: [0mGET /api/contenido/leerContenidos [36m304[0m 553.922 ms - -[0m
2023-08-05 00:26:46 info: [0mGET /api/niveles/leerNiveles [36m304[0m 72.084 ms - -[0m
2023-08-05 00:27:11 info: [0mGET /api/contenido/leerContenidos [36m304[0m 1223.378 ms - -[0m
2023-08-05 00:27:12 info: [0mGET /api/niveles/leerNiveles [36m304[0m 70.654 ms - -[0m
2023-08-05 00:27:31 info: [0mGET /api/contenido/leerContenidos [36m304[0m 972.708 ms - -[0m
2023-08-05 00:27:31 info: [0mGET /api/niveles/leerNiveles [36m304[0m 73.972 ms - -[0m
2023-08-05 00:27:41 info: [0mGET /api/contenido/leerContenidos [36m304[0m 527.453 ms - -[0m
2023-08-05 00:27:42 info: [0mGET /api/niveles/leerNiveles [36m304[0m 72.718 ms - -[0m
2023-08-05 00:29:13 info: [0mGET /api/contenido/leerContenidos [36m304[0m 1032.001 ms - -[0m
2023-08-05 00:29:13 info: [0mGET /api/niveles/leerNiveles [36m304[0m 69.649 ms - -[0m
2023-08-05 00:29:32 info: [0mGET /api/contenido/leerContenidos [36m304[0m 887.388 ms - -[0m
2023-08-05 00:29:33 info: [0mGET /api/niveles/leerNiveles [36m304[0m 71.347 ms - -[0m
2023-08-05 00:29:58 info: [0mGET /api/contenido/leerContenidos [36m304[0m 518.609 ms - -[0m
2023-08-05 00:29:59 info: [0mGET /api/niveles/leerNiveles [36m304[0m 69.998 ms - -[0m
2023-08-05 00:30:08 info: [0mGET /api/contenido/leerContenidos [36m304[0m 894.673 ms - -[0m
2023-08-05 00:30:08 info: [0mGET /api/niveles/leerNiveles [36m304[0m 73.439 ms - -[0m
2023-08-05 00:30:11 info: [0mGET /api/contenido/leerContenidos [36m304[0m 799.683 ms - -[0m
2023-08-05 00:30:11 info: [0mGET /api/niveles/leerNiveles [36m304[0m 72.248 ms - -[0m
2023-08-05 00:30:52 info: [0mGET /api/contenido/leerContenidos [36m304[0m 540.341 ms - -[0m
2023-08-05 00:31:41 info: [0mGET /api/contenido/leerContenidos [36m304[0m 1219.449 ms - -[0m
2023-08-05 00:31:41 info: [0mGET /api/niveles/leerNiveles [36m304[0m 70.829 ms - -[0m
2023-08-05 00:32:05 info: [0mGET /api/contenido/leerContenidos [36m304[0m 528.687 ms - -[0m
2023-08-05 00:32:05 info: [0mGET /api/niveles/leerNiveles [36m304[0m 77.398 ms - -[0m
2023-08-05 00:35:23 info: [0mGET /api/contenido/leerContenidos [36m304[0m 531.629 ms - -[0m
2023-08-05 00:35:23 info: [0mGET /api/niveles/leerNiveles [36m304[0m 82.688 ms - -[0m
2023-08-05 00:35:45 info: [0mGET /api/contenido/leerContenidos [36m304[0m 1036.047 ms - -[0m
2023-08-05 00:35:45 info: [0mGET /api/niveles/leerNiveles [36m304[0m 68.556 ms - -[0m
2023-08-05 00:35:59 info: [0mGET /api/contenido/leerContenidos [36m304[0m 653.670 ms - -[0m
2023-08-05 00:35:59 info: [0mGET /api/niveles/leerNiveles [36m304[0m 79.480 ms - -[0m
2023-08-05 00:36:26 info: [0mGET /api/contenido/leerContenidos [36m304[0m 549.281 ms - -[0m
2023-08-05 00:36:46 info: [0mPOST /api/azure-storage/deleteFileStorage [31m500[0m 779.834 ms - -[0m
2023-08-05 00:36:49 info: [0mPOST /api/azure-storage/deleteFileStorage [31m500[0m 174.968 ms - -[0m
2023-08-05 00:36:56 info: [0mPOST /api/azure-storage/deleteFileStorage [31m500[0m 194.436 ms - -[0m
2023-08-05 00:37:37 info: [0mPOST /api/contenido/editarContenido [32m200[0m 115.359 ms - -[0m
2023-08-05 00:37:44 info: [0mGET /api/contenido/leerContenidos [32m200[0m 945.684 ms - -[0m
2023-08-05 00:37:57 info: [0mPOST /api/azure-storage/deleteFileStorage [31m500[0m 182.183 ms - -[0m
2023-08-05 00:38:01 info: [0mGET /api/contenido/leerContenidos [36m304[0m 882.582 ms - -[0m
2023-08-05 00:38:02 info: [0mGET /api/roles/getRoles [36m304[0m 69.758 ms - -[0m
2023-08-05 00:38:02 info: [0mPOST /api/users/getUserById [32m200[0m 153.631 ms - 526[0m
2023-08-05 00:38:02 info: [0mGET /api/lenguajes/leerLenguajes [36m304[0m 75.263 ms - -[0m
2023-08-05 00:38:02 info: [0mGET /api/roles/getRoles [36m304[0m 72.138 ms - -[0m
2023-08-05 00:38:02 info: [0mPOST /api/users/getUserById [32m200[0m 143.457 ms - 526[0m
2023-08-05 00:38:03 info: [0mGET /api/lenguajes/leerLenguajes [36m304[0m 69.075 ms - -[0m
2023-08-05 00:38:03 info: [0mGET /api/niveles/leerNiveles [36m304[0m 65.892 ms - -[0m
2023-08-05 00:38:03 info: [0mGET /api/contenido/leerContenidosBasicos [32m200[0m 455.264 ms - -[0m
2023-08-05 00:38:03 info: [0mGET /api/niveles/leerNiveles [36m304[0m 67.587 ms - -[0m
2023-08-05 00:38:03 info: [0mGET /api/contenido/leerContenidos [36m304[0m 827.649 ms - -[0m
2023-08-05 00:38:03 info: [0mGET /api/contenido/leerContenidosBasicos [36m304[0m 434.629 ms - -[0m
2023-08-05 00:38:03 info: [0mGET /api/niveles/leerNiveles [36m304[0m 90.350 ms - -[0m
2023-08-05 00:38:04 info: [0mGET /api/contenido/leerContenidos [36m304[0m 786.014 ms - -[0m
2023-08-05 00:38:04 info: [0mGET /api/niveles/leerNiveles [36m304[0m 74.570 ms - -[0m
2023-08-05 00:38:16 info: [0mPOST /api/users/getUserById [32m200[0m 147.776 ms - 526[0m
2023-08-05 00:38:16 info: [0mPOST /api/users/getUserById [32m200[0m 161.763 ms - 526[0m
2023-08-05 00:38:17 info: [0mGET /api/contenido/leerContenidosBasicos [36m304[0m 469.668 ms - -[0m
2023-08-05 00:38:32 info: [0mGET /api/roles/getRoles [32m200[0m 68.787 ms - 444[0m
2023-08-05 00:38:32 info: [0mPOST /api/users/getUserById [32m200[0m 143.605 ms - 526[0m
2023-08-05 00:38:32 info: [0mGET /api/roles/getRoles [32m200[0m 72.684 ms - 444[0m
2023-08-05 00:38:32 info: [0mGET /api/lenguajes/leerLenguajes [32m200[0m 70.941 ms - 178[0m
2023-08-05 00:38:32 info: [0mGET /api/lenguajes/leerLenguajes [32m200[0m 70.217 ms - 178[0m
2023-08-05 00:38:32 info: [0mPOST /api/users/getUserById [32m200[0m 150.388 ms - 526[0m
2023-08-05 00:38:33 info: [0mGET /api/niveles/leerNiveles [32m200[0m 69.447 ms - 291[0m
2023-08-05 00:38:33 info: [0mGET /api/niveles/leerNiveles [32m200[0m 157.014 ms - 291[0m
2023-08-05 00:38:33 info: [0mGET /api/contenido/leerContenidos [32m200[0m 511.077 ms - -[0m
2023-08-05 00:38:33 info: [0mGET /api/contenido/leerContenidosBasicos [32m200[0m 472.557 ms - -[0m
2023-08-05 00:38:33 info: [0mGET /api/contenido/leerContenidos [32m200[0m 701.917 ms - -[0m
2023-08-05 00:38:33 info: [0mGET /api/niveles/leerNiveles [32m200[0m 68.558 ms - 291[0m
2023-08-05 00:38:33 info: [0mGET /api/contenido/leerContenidosBasicos [32m200[0m 505.413 ms - -[0m
2023-08-05 00:38:33 info: [0mGET /api/niveles/leerNiveles [32m200[0m 71.935 ms - 291[0m
2023-08-05 00:40:00 info: [0mGET /api/contenido/leerContenidos [32m200[0m 726.966 ms - -[0m
2023-08-05 00:40:03 info: [0mGET /api/roles/getRoles [32m200[0m 70.885 ms - 444[0m
2023-08-05 00:40:03 info: [0mPOST /api/users/getUserById [32m200[0m 145.529 ms - 526[0m
2023-08-05 00:40:04 info: [0mGET /api/roles/getRoles [32m200[0m 75.249 ms - 444[0m
2023-08-05 00:40:04 info: [0mGET /api/lenguajes/leerLenguajes [32m200[0m 69.215 ms - 178[0m
2023-08-05 00:40:04 info: [0mGET /api/lenguajes/leerLenguajes [32m200[0m 72.826 ms - 178[0m
2023-08-05 00:40:04 info: [0mPOST /api/users/getUserById [32m200[0m 144.674 ms - 526[0m
2023-08-05 00:40:04 info: [0mGET /api/niveles/leerNiveles [32m200[0m 71.604 ms - 291[0m
2023-08-05 00:40:04 info: [0mGET /api/niveles/leerNiveles [32m200[0m 72.249 ms - 291[0m
2023-08-05 00:40:04 info: [0mGET /api/contenido/leerContenidos [32m200[0m 528.404 ms - -[0m
2023-08-05 00:40:04 info: [0mGET /api/contenido/leerContenidosBasicos [32m200[0m 498.673 ms - -[0m
2023-08-05 00:40:04 info: [0mGET /api/contenido/leerContenidos [32m200[0m 801.529 ms - -[0m
2023-08-05 00:40:04 info: [0mGET /api/niveles/leerNiveles [32m200[0m 70.102 ms - 291[0m
2023-08-05 00:40:05 info: [0mGET /api/contenido/leerContenidosBasicos [32m200[0m 492.661 ms - -[0m
2023-08-05 00:40:05 info: [0mGET /api/niveles/leerNiveles [32m200[0m 67.449 ms - 291[0m
2023-08-05 00:40:24 info: [0mPOST /api/azure-storage/uploadAudioStorage [32m200[0m 1780.838 ms - 189[0m
2023-08-05 00:40:32 info: [0mPOST /api/azure-storage/uploadAudioStorage [32m200[0m 2563.959 ms - 199[0m
2023-08-05 00:40:41 info: [0mPOST /api/azure-storage/uploadDocumentStorage [32m200[0m 2560.486 ms - 192[0m
2023-08-05 00:40:52 info: [0mPOST /api/contenido/editarContenido [32m200[0m 115.241 ms - -[0m
2023-08-05 00:41:31 info: [0mGET /api/contenido/leerContenidos [32m200[0m 578.132 ms - -[0m
2023-08-05 00:41:36 info: [0mGET /api/contenido/leerContenidos [36m304[0m 720.355 ms - -[0m
2023-08-05 00:41:53 info: [0mGET /api/lenguajes/leerLenguajes [36m304[0m 72.296 ms - -[0m
2023-08-05 00:41:53 info: [0mGET /api/lenguajes/leerLenguajes [36m304[0m 71.883 ms - -[0m
2023-08-05 00:41:53 info: [0mGET /api/contenido/leerContenidos [36m304[0m 535.286 ms - -[0m
2023-08-05 00:41:53 info: [0mGET /api/lenguajes/leerLenguajes [36m304[0m 150.861 ms - -[0m
2023-08-05 00:41:53 info: [0mGET /api/niveles/leerNiveles [36m304[0m 154.244 ms - -[0m
2023-08-05 00:41:53 info: [0mGET /api/lenguajes/leerLenguajes [36m304[0m 67.985 ms - -[0m
2023-08-05 00:41:54 info: [0mGET /api/niveles/leerNiveles [36m304[0m 73.399 ms - -[0m
2023-08-05 00:41:54 info: [0mGET /api/niveles/leerNiveles [36m304[0m 73.789 ms - -[0m
2023-08-05 00:41:54 info: [0mGET /api/contenido/leerContenidos [36m304[0m 617.463 ms - -[0m
2023-08-05 00:41:54 info: [0mGET /api/niveles/leerNiveles [36m304[0m 68.010 ms - -[0m
2023-08-05 00:41:54 info: [0mGET /api/niveles/leerNiveles [36m304[0m 67.656 ms - -[0m
2023-08-05 00:41:55 info: [0mGET /api/niveles/leerNiveles [36m304[0m 69.724 ms - -[0m
2023-08-05 00:41:56 info: [0mGET /api/contenido/leerContenidos [36m304[0m 1704.079 ms - -[0m
2023-08-05 00:41:56 info: [0mGET /api/niveles/leerNiveles [36m304[0m 79.786 ms - -[0m
2023-08-05 00:41:57 info: [0mGET /api/contenido/leerContenidos [36m304[0m 520.464 ms - -[0m
2023-08-05 00:41:57 info: [0mGET /api/niveles/leerNiveles [36m304[0m 68.919 ms - -[0m
2023-08-05 00:42:13 info: [0mPOST /api/azure-storage/deleteFileStorage [32m200[0m 199.793 ms - 47[0m
2023-08-05 00:42:16 info: [0mPOST /api/contenido/editarContenido [32m200[0m 132.095 ms - -[0m
2023-08-05 00:42:36 info: [0mPOST /api/azure-storage/uploadDocumentStorage [32m200[0m 3573.855 ms - 182[0m
2023-08-05 00:42:50 info: [0mPOST /api/azure-storage/uploadDocumentStorage [32m200[0m 3725.789 ms - 182[0m
2023-08-05 00:44:17 info: [0mGET /api/lenguajes/leerLenguajes [36m304[0m 83.362 ms - -[0m
2023-08-05 00:44:17 info: [0mGET /api/lenguajes/leerLenguajes [36m304[0m 75.656 ms - -[0m
2023-08-05 00:44:17 info: [0mGET /api/niveles/leerNiveles [36m304[0m 71.123 ms - -[0m
2023-08-05 00:44:18 info: [0mGET /api/niveles/leerNiveles [36m304[0m 74.550 ms - -[0m
2023-08-05 00:45:11 info: [0mGET /api/contenido/leerContenidos [32m200[0m 594.226 ms - -[0m
2023-08-05 00:45:31 info: [0mPOST /api/azure-storage/uploadDocumentStorage [32m200[0m 3387.299 ms - 182[0m
2023-08-05 00:45:43 info: [0mPOST /api/azure-storage/uploadDocumentStorage [32m200[0m 3219.347 ms - 182[0m
2023-08-05 00:45:46 info: [0mPOST /api/contenido/editarContenido [32m200[0m 111.523 ms - -[0m
2023-08-05 00:46:15 info: [0mGET /api/contenido/leerContenidos [32m200[0m 847.257 ms - -[0m
2023-08-05 00:46:21 info: [0mGET /api/roles/getRoles [36m304[0m 72.996 ms - -[0m
2023-08-05 00:46:22 info: [0mPOST /api/users/getUserById [32m200[0m 158.834 ms - 526[0m
2023-08-05 00:46:22 info: [0mGET /api/roles/getRoles [36m304[0m 75.945 ms - -[0m
2023-08-05 00:46:22 info: [0mPOST /api/users/getUserById [32m200[0m 149.589 ms - 526[0m
2023-08-05 00:46:22 info: [0mGET /api/contenido/leerContenidosBasicos [32m200[0m 458.075 ms - -[0m
2023-08-05 00:46:23 info: [0mGET /api/contenido/leerContenidosBasicos [36m304[0m 449.219 ms - -[0m
2023-08-05 00:52:05 info: [0mGET /api/users/getUsers [36m304[0m 151.747 ms - -[0m
2023-08-05 00:52:06 info: [0mGET /api/users/getUsers [36m304[0m 149.174 ms - -[0m
2023-08-05 00:52:06 info: [0mGET /api/users/getUsers [36m304[0m 147.001 ms - -[0m
2023-08-05 00:52:06 info: [0mGET /api/users/getUsers [36m304[0m 146.233 ms - -[0m
2023-08-05 00:52:07 info: [0mGET /api/lenguajes/leerLenguajes [36m304[0m 74.032 ms - -[0m
2023-08-05 00:52:07 info: [0mGET /api/lenguajes/leerLenguajes [36m304[0m 70.866 ms - -[0m
2023-08-05 00:52:07 info: [0mGET /api/contenido/leerContenidos [36m304[0m 515.183 ms - -[0m
2023-08-05 00:52:07 info: [0mGET /api/niveles/leerNiveles [36m304[0m 124.282 ms - -[0m
2023-08-05 00:52:07 info: [0mGET /api/lenguajes/leerLenguajes [36m304[0m 124.048 ms - -[0m
2023-08-05 00:52:08 info: [0mGET /api/niveles/leerNiveles [36m304[0m 75.339 ms - -[0m
2023-08-05 00:52:08 info: [0mGET /api/lenguajes/leerLenguajes [36m304[0m 76.610 ms - -[0m
2023-08-05 00:52:08 info: [0mGET /api/niveles/leerNiveles [36m304[0m 71.890 ms - -[0m
2023-08-05 00:52:08 info: [0mGET /api/contenido/leerContenidos [36m304[0m 579.965 ms - -[0m
2023-08-05 00:52:08 info: [0mGET /api/niveles/leerNiveles [36m304[0m 73.088 ms - -[0m
2023-08-05 00:52:08 info: [0mGET /api/niveles/leerNiveles [36m304[0m 70.843 ms - -[0m
2023-08-05 00:52:09 info: [0mGET /api/niveles/leerNiveles [36m304[0m 71.972 ms - -[0m
2023-08-05 00:52:10 info: [0mGET /api/contenido/leerContenidos [36m304[0m 1708.191 ms - -[0m
2023-08-05 00:52:10 info: [0mGET /api/niveles/leerNiveles [36m304[0m 75.161 ms - -[0m
2023-08-05 00:52:12 info: [0mGET /api/contenido/leerContenidos [36m304[0m 1665.905 ms - -[0m
2023-08-05 00:52:12 info: [0mGET /api/niveles/leerNiveles [36m304[0m 69.876 ms - -[0m
2023-08-05 01:19:55 info: =================================
2023-08-05 01:19:55 info: ======= ENV: development =======
2023-08-05 01:19:55 info: 🚀 App listening on the port 5212
2023-08-05 01:19:55 info: =================================
2023-08-05 01:20:15 info: [0mGET /api/roles/getRoles [32m200[0m 93.361 ms - 444[0m
2023-08-05 01:20:16 info: [0mGET /api/roles/getRoles [36m304[0m 79.698 ms - -[0m
2023-08-05 01:20:18 info: [0mGET /api/roles/getRoles [36m304[0m 77.105 ms - -[0m
2023-08-05 01:20:20 info: [0mGET /api/roles/getRoles [36m304[0m 72.248 ms - -[0m
2023-08-05 01:20:20 info: [0mGET /api/roles/getRoles [36m304[0m 87.121 ms - -[0m
2023-08-05 01:21:03 info: [0mGET /api/roles/getRoles [36m304[0m 88.355 ms - -[0m
2023-08-05 01:21:03 info: [0mGET /api/roles/getRoles [36m304[0m 78.528 ms - -[0m
2023-08-05 01:23:56 info: [0mGET /api/roles/getRoles [36m304[0m 75.373 ms - -[0m
2023-08-05 01:23:58 info: [0mGET /api/roles/getRoles [36m304[0m 77.239 ms - -[0m
2023-08-05 01:23:58 info: [0mGET /api/roles/getRoles [36m304[0m 75.195 ms - -[0m
2023-08-05 01:24:02 info: [0mGET /api/roles/getRoles [36m304[0m 83.479 ms - -[0m
2023-08-05 01:24:05 info: [0mGET /api/roles/getRoles [36m304[0m 77.775 ms - -[0m
2023-08-05 01:24:25 info: [0mGET /api/roles/getRoles [36m304[0m 80.615 ms - -[0m
2023-08-05 01:24:25 info: [0mGET /api/roles/getRoles [36m304[0m 77.315 ms - -[0m
2023-08-05 01:24:26 info: [0mGET /api/roles/getRoles [36m304[0m 79.496 ms - -[0m
2023-08-05 01:24:35 info: [0mGET /api/roles/getRoles [36m304[0m 70.698 ms - -[0m
2023-08-05 01:24:36 info: [0mGET /api/roles/getRoles [36m304[0m 74.127 ms - -[0m
2023-08-05 01:24:57 info: [0mGET /api/roles/getRoles [36m304[0m 73.306 ms - -[0m
2023-08-05 01:24:58 info: [0mGET /api/roles/getRoles [36m304[0m 73.850 ms - -[0m
2023-08-05 01:25:14 info: [0mGET /api/roles/getRoles [36m304[0m 74.928 ms - -[0m
2023-08-05 01:25:15 info: [0mGET /api/roles/getRoles [36m304[0m 74.217 ms - -[0m
2023-08-05 01:25:28 info: [0mGET /api/roles/getRoles [36m304[0m 78.033 ms - -[0m
2023-08-05 01:25:29 info: [0mGET /api/roles/getRoles [36m304[0m 76.516 ms - -[0m
2023-08-05 01:25:30 info: [0mGET /api/roles/getRoles [36m304[0m 73.438 ms - -[0m
2023-08-05 01:25:31 info: [0mGET /api/roles/getRoles [36m304[0m 71.375 ms - -[0m
2023-08-05 01:25:32 info: [0mGET /api/roles/getRoles [36m304[0m 85.727 ms - -[0m
2023-08-05 01:25:45 info: [0mGET /api/roles/getRoles [36m304[0m 71.538 ms - -[0m
2023-08-05 01:25:46 info: [0mGET /api/roles/getRoles [36m304[0m 75.804 ms - -[0m
2023-08-05 01:26:09 info: [0mGET /api/roles/getRoles [36m304[0m 74.814 ms - -[0m
2023-08-05 01:26:09 info: [0mGET /api/roles/getRoles [36m304[0m 71.606 ms - -[0m
2023-08-05 01:26:31 info: [0mGET /api/roles/getRoles [36m304[0m 70.995 ms - -[0m
2023-08-05 01:26:32 info: [0mGET /api/roles/getRoles [36m304[0m 78.020 ms - -[0m
2023-08-05 01:27:05 info: [0mGET /api/roles/getRoles [36m304[0m 74.357 ms - -[0m
2023-08-05 01:27:06 info: [0mGET /api/roles/getRoles [36m304[0m 72.956 ms - -[0m
2023-08-05 01:27:18 info: [0mGET /api/roles/getRoles [36m304[0m 72.741 ms - -[0m
2023-08-05 01:27:19 info: [0mGET /api/roles/getRoles [36m304[0m 69.983 ms - -[0m
2023-08-05 01:27:37 info: [0mGET /api/roles/getRoles [36m304[0m 74.170 ms - -[0m
2023-08-05 01:27:38 info: [0mGET /api/roles/getRoles [36m304[0m 78.007 ms - -[0m
2023-08-05 01:27:39 info: [0mGET /api/roles/getRoles [36m304[0m 69.790 ms - -[0m
