2024-09-29 12:04:50 info: =================================
2024-09-29 12:04:50 info: ======= ENV: development =======
2024-09-29 12:04:50 info: 🚀 App listening on the port 5212
2024-09-29 12:04:50 info: =================================
2024-09-29 12:05:44 info: [0mGET /api/roles/getRoles [32m200[0m 111.137 ms - 582[0m
2024-09-29 12:05:44 info: [0mGET /api/niveles/leerNiveles [36m304[0m 88.593 ms - -[0m
2024-09-29 12:05:44 info: [0mGET /api/roles/getRoles [36m304[0m 94.041 ms - -[0m
2024-09-29 12:05:45 info: [0mGET /api/users/getUsers [36m304[0m 686.836 ms - -[0m
2024-09-29 12:05:46 info: [0mGET /api/contenido/leerContenidos [36m304[0m 2015.159 ms - -[0m
2024-09-29 12:05:47 info: [0mGET /api/contenido/leerContenidosV2 [32m200[0m 83.711 ms - 46[0m
2024-09-29 12:16:55 info: =================================
2024-09-29 12:16:55 info: ======= ENV: development =======
2024-09-29 12:16:55 info: 🚀 App listening on the port 5212
2024-09-29 12:16:55 info: =================================
2024-09-29 12:17:48 error: [POST] /api/contenido/crearContenido >> StatusCode:: 500, Message:: Cannot read properties of undefined (reading 'contenido')
2024-09-29 12:17:48 info: [0mPOST /api/contenido/crearContenido [31m500[0m 598.176 ms - 71[0m
2024-09-29 12:18:50 info: =================================
2024-09-29 12:18:50 info: ======= ENV: development =======
2024-09-29 12:18:50 info: 🚀 App listening on the port 5212
2024-09-29 12:18:50 info: =================================
2024-09-29 12:18:55 error: [POST] /api/contenido/crearContenido >> StatusCode:: 500, Message:: Cannot read properties of undefined (reading 'contenido')
2024-09-29 12:18:55 info: [0mPOST /api/contenido/crearContenido [31m500[0m 1299.893 ms - 71[0m
2024-09-29 12:21:09 info: =================================
2024-09-29 12:21:09 info: ======= ENV: development =======
2024-09-29 12:21:09 info: 🚀 App listening on the port 5212
2024-09-29 12:21:09 info: =================================
2024-09-29 12:21:12 error: [POST] /api/contenido/crearContenido >> StatusCode:: 500, Message:: Cannot read properties of undefined (reading 'contenido')
2024-09-29 12:21:12 info: [0mPOST /api/contenido/crearContenido [31m500[0m 439.427 ms - 71[0m
2024-09-29 12:22:12 info: =================================
2024-09-29 12:22:12 info: ======= ENV: development =======
2024-09-29 12:22:12 info: 🚀 App listening on the port 5212
2024-09-29 12:22:12 info: =================================
2024-09-29 12:22:17 info: [0mPOST /api/contenido/crearContenido [32m200[0m 2216.306 ms - 386[0m
2024-09-29 12:23:28 info: =================================
2024-09-29 12:23:28 info: ======= ENV: development =======
2024-09-29 12:23:28 info: 🚀 App listening on the port 5212
2024-09-29 12:23:28 info: =================================
2024-09-29 12:23:35 info: [0mPOST /api/contenido/crearContenido [32m200[0m 5460.641 ms - 386[0m
2024-09-29 12:26:22 info: =================================
2024-09-29 12:26:22 info: ======= ENV: development =======
2024-09-29 12:26:22 info: 🚀 App listening on the port 5212
2024-09-29 12:26:22 info: =================================
2024-09-29 12:26:50 info: =================================
2024-09-29 12:26:50 info: ======= ENV: development =======
2024-09-29 12:26:50 info: 🚀 App listening on the port 5212
2024-09-29 12:26:50 info: =================================
2024-09-29 12:27:16 info: [0mPOST /api/contenido/crearContenido [32m200[0m 4324.182 ms - 439[0m
2024-09-29 12:29:16 info: =================================
2024-09-29 12:29:16 info: ======= ENV: development =======
2024-09-29 12:29:16 info: 🚀 App listening on the port 5212
2024-09-29 12:29:16 info: =================================
2024-09-29 12:29:29 info: [0mPOST /api/contenido/crearContenido [32m200[0m 6731.129 ms - 439[0m
