2024-10-02 07:42:05 info: [0mGET /audios/1727814148915.mp3 [36m304[0m 1.379 ms - -[0m
2024-10-02 07:42:17 info: =================================
2024-10-02 07:42:17 info: ======= ENV: development =======
2024-10-02 07:42:17 info: 🚀 App listening on the port 5212
2024-10-02 07:42:17 info: =================================
2024-10-02 07:48:41 info: [0mGET /audios/1727814148915.mp3 [36m304[0m 5.782 ms - -[0m
2024-10-02 07:49:48 info: [0mGET /audios/1727814148915.mp3 [36m304[0m 2.819 ms - -[0m
2024-10-02 07:54:14 info: [0mGET /audios/1727814164537.mp3 [36m304[0m 1.242 ms - -[0m
2024-10-02 07:54:14 info: [0mGET /audios/1727814164537.mp3 [32m206[0m 3.855 ms - 1436160[0m
2024-10-02 07:55:55 info: [0mGET /audios/1727814164537.mp3 [36m304[0m 1.164 ms - -[0m
2024-10-02 07:57:22 info: [0mGET /audios/1727756939595.mp3 [36m304[0m 0.791 ms - -[0m
2024-10-02 07:58:18 info: [0mGET /audios/1727756939595.mp3 [36m304[0m 0.879 ms - -[0m
2024-10-02 07:58:26 info: [0mGET /audios/1727814164537.mp3 [36m304[0m 0.825 ms - -[0m
2024-10-02 08:12:38 info: [0mGET /audios/1727814164537.mp3 [36m304[0m 1.106 ms - -[0m
2024-10-02 08:14:10 info: [0mGET /audios/1727814164537.mp3 [36m304[0m 3.393 ms - -[0m
2024-10-02 08:14:29 info: [0mGET /api/niveles/leerNiveles [36m304[0m 83.108 ms - -[0m
2024-10-02 08:14:30 info: [0mGET /api/contenido/leerContenidos [36m304[0m 590.462 ms - -[0m
2024-10-02 08:14:30 info: [0mGET /api/contenido/leerContenidosV2 [36m304[0m 147.930 ms - -[0m
2024-10-02 08:14:30 info: [0mGET /api/users/getUsers [32m200[0m 645.363 ms - -[0m
2024-10-02 08:15:55 info: [0mGET /audios/1727814164537.mp3 [36m304[0m 1.071 ms - -[0m
2024-10-02 08:17:26 info: [0mGET /audios/1727814164537.mp3 [36m304[0m 1.242 ms - -[0m
2024-10-02 08:19:04 info: [0mGET /audios/1727814164537.mp3 [36m304[0m 1.461 ms - -[0m
2024-10-02 08:21:00 info: [0mGET /audios/1727814164537.mp3 [36m304[0m 0.946 ms - -[0m
2024-10-02 08:21:19 info: [0mGET /api/niveles/leerNiveles [36m304[0m 72.624 ms - -[0m
2024-10-02 08:21:19 info: [0mGET /api/contenido/leerContenidos [36m304[0m 576.946 ms - -[0m
2024-10-02 08:21:19 info: [0mGET /api/users/getUsers [36m304[0m 581.578 ms - -[0m
2024-10-02 08:21:19 info: [0mGET /api/contenido/leerContenidosV2 [36m304[0m 141.765 ms - -[0m
2024-10-02 08:22:41 info: [0mGET /audios/1727814164537.mp3 [36m304[0m 0.995 ms - -[0m
2024-10-02 08:24:32 info: [0mGET /audios/1727814164537.mp3 [36m304[0m 2.263 ms - -[0m
2024-10-02 08:25:27 info: [0mGET /audios/1727756939595.mp3 [36m304[0m 0.758 ms - -[0m
2024-10-02 08:26:38 info: [0mGET /audios/1727756939595.mp3 [36m304[0m 2.738 ms - -[0m
2024-10-02 08:28:51 info: [0mGET /audios/1727756939595.mp3 [36m304[0m 0.943 ms - -[0m
2024-10-02 08:29:28 info: [0mGET /audios/1727814164537.mp3 [36m304[0m 1.843 ms - -[0m
2024-10-02 08:31:21 info: [0mGET /audios/1727814164537.mp3 [36m304[0m 1.622 ms - -[0m
2024-10-02 08:32:21 info: [0mGET /audios/1727814164537.mp3 [36m304[0m 1.742 ms - -[0m
2024-10-02 08:34:21 info: [0mGET /audios/1727814164537.mp3 [36m304[0m 0.691 ms - -[0m
2024-10-02 08:35:28 info: [0mGET /audios/1727814164537.mp3 [36m304[0m 0.659 ms - -[0m
2024-10-02 08:38:12 info: [0mGET /audios/1727814164537.mp3 [36m304[0m 0.843 ms - -[0m
2024-10-02 08:39:17 info: [0mGET /audios/1727814164537.mp3 [36m304[0m 0.925 ms - -[0m
2024-10-02 08:50:56 info: [0mGET /audios/1727814164537.mp3 [36m304[0m 0.910 ms - -[0m
2024-10-02 08:51:43 info: [0mGET /audios/1727814164537.mp3 [36m304[0m 1.854 ms - -[0m
2024-10-02 08:58:24 info: [0mGET /audios/1727814164537.mp3 [36m304[0m 0.902 ms - -[0m
2024-10-02 08:59:36 info: [0mGET /audios/1727814164537.mp3 [36m304[0m 0.651 ms - -[0m
2024-10-02 09:02:02 info: [0mGET /audios/1727814164537.mp3 [36m304[0m 1.691 ms - -[0m
2024-10-02 09:03:11 info: [0mGET /audios/1727814148915.mp3 [36m304[0m 1.488 ms - -[0m
2024-10-02 09:05:17 info: [0mGET /audios/1727756929852.mp3 [36m304[0m 1.857 ms - -[0m
2024-10-02 09:07:24 info: [0mGET /audios/1727756939595.mp3 [36m304[0m 3.213 ms - -[0m
2024-10-02 09:09:55 info: [0mGET /audios/1727756939595.mp3 [36m304[0m 0.882 ms - -[0m
2024-10-02 09:10:15 info: [0mGET /api/niveles/leerNiveles [36m304[0m 71.171 ms - -[0m
2024-10-02 09:10:15 info: [0mGET /api/contenido/leerContenidos [36m304[0m 563.923 ms - -[0m
2024-10-02 09:10:16 info: [0mGET /api/contenido/leerContenidosV2 [36m304[0m 140.935 ms - -[0m
2024-10-02 09:10:16 info: [0mGET /api/users/getUsers [36m304[0m 559.272 ms - -[0m
2024-10-02 09:11:34 info: [0mGET /api/niveles/leerNiveles [36m304[0m 73.672 ms - -[0m
2024-10-02 09:11:35 info: [0mGET /api/contenido/leerContenidos [36m304[0m 527.855 ms - -[0m
2024-10-02 09:11:35 info: [0mGET /api/contenido/leerContenidosV2 [36m304[0m 144.818 ms - -[0m
2024-10-02 09:11:35 info: [0mGET /api/users/getUsers [36m304[0m 533.013 ms - -[0m
2024-10-02 09:11:40 info: [0mGET /audios/1727814164537.mp3 [36m304[0m 1.288 ms - -[0m
2024-10-02 09:11:40 info: [0mGET /audios/1727814164537.mp3 [36m304[0m 1.556 ms - -[0m
2024-10-02 09:21:31 info: [0mGET /audios/1727814164537.mp3 [36m304[0m 0.768 ms - -[0m
2024-10-02 09:38:03 info: [0mGET /audios/1727756939595.mp3 [36m304[0m 1.092 ms - -[0m
2024-10-02 09:55:04 info: =================================
2024-10-02 09:55:04 info: ======= ENV: development =======
2024-10-02 09:55:04 info: 🚀 App listening on the port 5212
2024-10-02 09:55:04 info: =================================
2024-10-02 10:32:13 info: [0mGET /api/niveles/leerNiveles [32m200[0m 80.030 ms - 291[0m
2024-10-02 10:32:13 info: [0mGET /api/contenido/leerContenidos [32m200[0m 599.368 ms - -[0m
2024-10-02 10:32:13 info: [0mGET /api/contenido/leerContenidosV2 [36m304[0m 138.028 ms - -[0m
2024-10-02 10:32:35 info: [0mPOST /api/contenido/editarContenidoV2 [32m200[0m 357.949 ms - -[0m
2024-10-02 10:32:35 info: [0mGET /api/contenido/leerContenidosV2 [32m200[0m 144.254 ms - -[0m
2024-10-02 10:32:51 info: [0mGET /api/niveles/leerNiveles [36m304[0m 70.345 ms - -[0m
2024-10-02 10:32:52 info: [0mGET /api/contenido/leerContenidos [36m304[0m 529.005 ms - -[0m
2024-10-02 10:32:52 info: [0mGET /api/users/getUsers [36m304[0m 669.512 ms - -[0m
2024-10-02 10:32:52 info: [0mGET /api/contenido/leerContenidosV2 [36m304[0m 151.742 ms - -[0m
2024-10-02 10:33:14 info: [0mPOST /api/contenido/editarContenidoV2 [32m200[0m 150.333 ms - -[0m
2024-10-02 10:33:14 info: [0mGET /api/contenido/leerContenidosV2 [32m200[0m 144.265 ms - -[0m
2024-10-02 10:34:09 info: [0mPOST /api/contenido/editarContenidoV2 [32m200[0m 137.569 ms - -[0m
2024-10-02 10:34:10 info: [0mGET /api/contenido/leerContenidosV2 [32m200[0m 141.101 ms - -[0m
2024-10-02 10:44:09 info: [0mPOST /api/contenido/editarContenidoV2 [32m200[0m 150.867 ms - -[0m
2024-10-02 10:44:10 info: [0mGET /api/contenido/leerContenidosV2 [32m200[0m 142.074 ms - -[0m
2024-10-02 10:45:26 info: [0mPOST /api/contenido/editarContenidoV2 [32m200[0m 133.354 ms - -[0m
2024-10-02 10:45:27 info: [0mGET /api/contenido/leerContenidosV2 [32m200[0m 140.858 ms - -[0m
2024-10-02 10:47:24 info: [0mGET /audios/1727756939595.mp3 [36m304[0m 3.414 ms - -[0m
2024-10-02 11:22:28 info: [0mGET /api/roles/getRoles [36m304[0m 82.648 ms - -[0m
2024-10-02 11:22:28 info: [0mGET /api/niveles/leerNiveles [36m304[0m 82.849 ms - -[0m
2024-10-02 11:22:28 info: [0mGET /api/roles/getRoles [36m304[0m 75.589 ms - -[0m
2024-10-02 11:22:28 info: [0mGET /api/contenido/leerContenidos [36m304[0m 604.502 ms - -[0m
2024-10-02 11:22:28 info: [0mGET /api/contenido/leerContenidosV2 [36m304[0m 138.614 ms - -[0m
2024-10-02 11:22:28 info: [0mGET /api/users/getUsers [36m304[0m 635.383 ms - -[0m
