2024-08-20 11:02:56 info: =================================
2024-08-20 11:02:56 info: ======= ENV: development =======
2024-08-20 11:02:56 info: 🚀 App listening on the port 5212
2024-08-20 11:02:56 info: =================================
2024-08-20 11:03:10 info: [0mGET /api/roles/getRoles [32m200[0m 68.481 ms - 444[0m
2024-08-20 11:03:10 info: [0mGET /api/roles/getRoles [36m304[0m 60.489 ms - -[0m
2024-08-20 11:03:10 info: [0mGET /api/roles/getRoles [36m304[0m 71.450 ms - -[0m
2024-08-20 11:03:11 info: [0mGET /api/roles/getRoles [36m304[0m 60.089 ms - -[0m
2024-08-20 11:03:41 info: [0mGET /api/roles/getRoles [36m304[0m 61.097 ms - -[0m
2024-08-20 11:03:41 info: [0mGET /api/roles/getRoles [36m304[0m 63.265 ms - -[0m
2024-08-20 11:03:42 info: [0mGET /api/roles/getRoles [36m304[0m 59.409 ms - -[0m
2024-08-20 11:03:42 info: [0mGET /api/roles/getRoles [36m304[0m 59.174 ms - -[0m
2024-08-20 11:04:07 info: [0mGET /api/roles/getRoles [36m304[0m 60.110 ms - -[0m
2024-08-20 11:04:11 info: [0mGET /api/roles/getRoles [36m304[0m 60.684 ms - -[0m
2024-08-20 11:04:25 error: [POST] /api/login >> StatusCode:: 409, Message:: Contraseña incorrecta
2024-08-20 11:04:25 info: [0mPOST /api/login [33m409[0m 367.233 ms - 36[0m
2024-08-20 11:04:30 info: [0mPOST /api/login [32m200[0m 180.203 ms - 782[0m
2024-08-20 11:04:32 info: [0mGET /api/contenido/leerContenidosBasicos [32m200[0m 429.409 ms - -[0m
2024-08-20 11:28:41 info: [0mGET /api/roles/getRoles [36m304[0m 62.453 ms - -[0m
2024-08-20 11:28:41 info: [0mPOST /api/users/getUserById [32m200[0m 127.824 ms - 527[0m
2024-08-20 11:28:42 info: [0mPOST /api/users/getUserById [32m200[0m 117.868 ms - 527[0m
2024-08-20 11:28:42 info: [0mGET /api/roles/getRoles [36m304[0m 63.479 ms - -[0m
2024-08-20 11:28:42 info: [0mGET /api/roles/getRoles [36m304[0m 58.315 ms - -[0m
2024-08-20 11:28:42 info: [0mGET /api/contenido/leerContenidosBasicos [36m304[0m 425.426 ms - -[0m
2024-08-20 11:28:42 info: [0mGET /api/roles/getRoles [36m304[0m 60.078 ms - -[0m
2024-08-20 11:28:43 info: [0mGET /api/contenido/leerContenidosBasicos [36m304[0m 400.450 ms - -[0m
2024-08-20 11:30:39 info: [0mGET /api/roles/getRoles [36m304[0m 59.210 ms - -[0m
2024-08-20 11:30:39 info: [0mPOST /api/users/getUserById [32m200[0m 118.359 ms - 527[0m
2024-08-20 11:30:39 info: [0mPOST /api/users/getUserById [32m200[0m 118.225 ms - 527[0m
2024-08-20 11:30:40 info: [0mGET /api/roles/getRoles [36m304[0m 60.509 ms - -[0m
2024-08-20 11:30:40 info: [0mGET /api/roles/getRoles [36m304[0m 59.641 ms - -[0m
2024-08-20 11:30:40 info: [0mGET /api/contenido/leerContenidosBasicos [36m304[0m 372.700 ms - -[0m
2024-08-20 11:30:40 info: [0mGET /api/roles/getRoles [36m304[0m 62.971 ms - -[0m
2024-08-20 11:30:40 info: [0mGET /api/contenido/leerContenidosBasicos [36m304[0m 368.026 ms - -[0m
2024-08-20 11:30:57 info: [0mGET /api/roles/getRoles [36m304[0m 59.076 ms - -[0m
2024-08-20 11:30:57 info: [0mPOST /api/users/getUserById [32m200[0m 120.405 ms - 527[0m
2024-08-20 11:30:57 info: [0mPOST /api/users/getUserById [32m200[0m 118.921 ms - 527[0m
2024-08-20 11:30:57 info: [0mGET /api/roles/getRoles [36m304[0m 57.274 ms - -[0m
2024-08-20 11:30:57 info: [0mGET /api/roles/getRoles [36m304[0m 60.498 ms - -[0m
2024-08-20 11:30:57 info: [0mGET /api/contenido/leerContenidosBasicos [36m304[0m 381.738 ms - -[0m
2024-08-20 11:30:57 info: [0mGET /api/roles/getRoles [36m304[0m 57.423 ms - -[0m
2024-08-20 11:30:58 info: [0mGET /api/contenido/leerContenidosBasicos [36m304[0m 371.620 ms - -[0m
2024-08-20 11:34:03 info: [0mGET /api/roles/getRoles [36m304[0m 71.054 ms - -[0m
2024-08-20 11:34:03 info: [0mPOST /api/users/getUserById [32m200[0m 129.841 ms - 527[0m
2024-08-20 11:34:03 info: [0mPOST /api/users/getUserById [32m200[0m 119.862 ms - 527[0m
2024-08-20 11:34:03 info: [0mGET /api/roles/getRoles [36m304[0m 58.805 ms - -[0m
2024-08-20 11:34:03 info: [0mGET /api/roles/getRoles [36m304[0m 57.365 ms - -[0m
2024-08-20 11:34:03 info: [0mGET /api/contenido/leerContenidosBasicos [36m304[0m 374.055 ms - -[0m
2024-08-20 11:34:04 info: [0mGET /api/roles/getRoles [36m304[0m 59.542 ms - -[0m
2024-08-20 11:34:04 info: [0mGET /api/contenido/leerContenidosBasicos [36m304[0m 385.397 ms - -[0m
2024-08-20 11:34:15 info: [0mGET /api/roles/getRoles [36m304[0m 58.095 ms - -[0m
2024-08-20 11:34:15 info: [0mPOST /api/users/getUserById [32m200[0m 124.096 ms - 527[0m
2024-08-20 11:34:15 info: [0mPOST /api/users/getUserById [32m200[0m 420.212 ms - 527[0m
2024-08-20 11:34:15 info: [0mGET /api/roles/getRoles [36m304[0m 183.355 ms - -[0m
2024-08-20 11:34:15 info: [0mGET /api/roles/getRoles [36m304[0m 58.804 ms - -[0m
2024-08-20 11:34:15 info: [0mGET /api/contenido/leerContenidosBasicos [36m304[0m 529.020 ms - -[0m
2024-08-20 11:34:16 info: [0mGET /api/roles/getRoles [36m304[0m 59.589 ms - -[0m
2024-08-20 11:34:16 info: [0mGET /api/contenido/leerContenidosBasicos [36m304[0m 385.063 ms - -[0m
2024-08-20 12:09:27 info: =================================
2024-08-20 12:09:27 info: ======= ENV: development =======
2024-08-20 12:09:27 info: 🚀 App listening on the port 5212
2024-08-20 12:09:27 info: =================================
2024-08-20 12:10:43 info: [0mGET /api/roles/getRoles [36m304[0m 75.765 ms - -[0m
2024-08-20 12:10:44 info: [0mGET /api/roles/getRoles [36m304[0m 73.990 ms - -[0m
2024-08-20 12:10:44 info: [0mPOST /api/users/getUserById [32m200[0m 187.002 ms - 527[0m
2024-08-20 12:10:44 info: [0mPOST /api/users/getUserById [32m200[0m 131.334 ms - 527[0m
2024-08-20 12:10:44 info: [0mGET /api/roles/getRoles [36m304[0m 63.578 ms - -[0m
2024-08-20 12:10:44 info: [0mGET /api/roles/getRoles [36m304[0m 63.159 ms - -[0m
2024-08-20 12:10:44 info: [0mGET /api/contenido/leerContenidosBasicos [36m304[0m 425.160 ms - -[0m
2024-08-20 12:10:44 info: [0mGET /api/contenido/leerContenidosBasicos [36m304[0m 389.389 ms - -[0m
2024-08-20 12:17:25 info: [0mGET /api/roles/getRoles [36m304[0m 64.257 ms - -[0m
2024-08-20 12:17:25 info: [0mPOST /api/users/getUserById [32m200[0m 120.969 ms - 527[0m
2024-08-20 12:17:25 info: [0mPOST /api/users/getUserById [32m200[0m 118.356 ms - 527[0m
2024-08-20 12:17:25 info: [0mGET /api/roles/getRoles [36m304[0m 57.877 ms - -[0m
2024-08-20 12:17:26 info: [0mGET /api/contenido/leerContenidosBasicos [36m304[0m 377.965 ms - -[0m
2024-08-20 12:17:26 info: [0mGET /api/roles/getRoles [36m304[0m 72.486 ms - -[0m
2024-08-20 12:17:26 info: [0mGET /api/roles/getRoles [36m304[0m 57.884 ms - -[0m
2024-08-20 12:17:27 info: [0mGET /api/contenido/leerContenidosBasicos [36m304[0m 380.476 ms - -[0m
2024-08-20 12:20:38 info: [0mGET /api/roles/getRoles [36m304[0m 60.610 ms - -[0m
2024-08-20 12:20:38 info: [0mPOST /api/users/getUserById [32m200[0m 122.163 ms - 527[0m
2024-08-20 12:20:38 info: [0mPOST /api/users/getUserById [32m200[0m 126.620 ms - 527[0m
2024-08-20 12:20:38 info: [0mGET /api/roles/getRoles [36m304[0m 61.061 ms - -[0m
2024-08-20 12:20:39 info: [0mGET /api/roles/getRoles [36m304[0m 59.681 ms - -[0m
2024-08-20 12:20:39 info: [0mGET /api/roles/getRoles [36m304[0m 58.061 ms - -[0m
2024-08-20 12:20:39 info: [0mGET /api/contenido/leerContenidosBasicos [36m304[0m 374.302 ms - -[0m
2024-08-20 12:20:39 info: [0mGET /api/contenido/leerContenidosBasicos [36m304[0m 378.460 ms - -[0m
2024-08-20 12:39:31 info: [0mGET /api/roles/getRoles [36m304[0m 59.750 ms - -[0m
2024-08-20 12:39:31 info: [0mPOST /api/users/getUserById [32m200[0m 119.744 ms - 527[0m
2024-08-20 12:39:32 info: [0mPOST /api/users/getUserById [32m200[0m 118.447 ms - 527[0m
2024-08-20 12:39:32 info: [0mGET /api/roles/getRoles [36m304[0m 59.151 ms - -[0m
2024-08-20 12:39:32 info: [0mGET /api/roles/getRoles [36m304[0m 58.150 ms - -[0m
2024-08-20 12:39:32 info: [0mGET /api/contenido/leerContenidosBasicos [36m304[0m 378.559 ms - -[0m
2024-08-20 12:39:32 info: [0mGET /api/roles/getRoles [36m304[0m 58.687 ms - -[0m
2024-08-20 12:39:32 info: [0mGET /api/contenido/leerContenidosBasicos [36m304[0m 369.156 ms - -[0m
2024-08-20 12:43:19 info: [0mGET /api/roles/getRoles [36m304[0m 63.364 ms - -[0m
2024-08-20 12:43:19 info: [0mPOST /api/users/getUserById [32m200[0m 122.148 ms - 527[0m
2024-08-20 12:43:20 info: [0mGET /api/roles/getRoles [36m304[0m 58.811 ms - -[0m
2024-08-20 12:43:20 info: [0mPOST /api/users/getUserById [32m200[0m 124.254 ms - 527[0m
2024-08-20 12:43:20 info: [0mGET /api/roles/getRoles [36m304[0m 60.211 ms - -[0m
2024-08-20 12:43:20 info: [0mGET /api/contenido/leerContenidosBasicos [36m304[0m 392.365 ms - -[0m
2024-08-20 12:43:20 info: [0mGET /api/roles/getRoles [36m304[0m 89.441 ms - -[0m
2024-08-20 12:43:21 info: [0mGET /api/contenido/leerContenidosBasicos [36m304[0m 389.033 ms - -[0m
2024-08-20 12:47:34 info: [0mGET /api/roles/getRoles [36m304[0m 59.381 ms - -[0m
2024-08-20 12:47:34 info: [0mPOST /api/users/getUserById [32m200[0m 122.541 ms - 527[0m
2024-08-20 12:47:34 info: [0mPOST /api/users/getUserById [32m200[0m 124.989 ms - 527[0m
2024-08-20 12:47:35 info: [0mGET /api/roles/getRoles [36m304[0m 59.253 ms - -[0m
2024-08-20 12:47:35 info: [0mGET /api/roles/getRoles [36m304[0m 59.853 ms - -[0m
2024-08-20 12:47:35 info: [0mGET /api/contenido/leerContenidosBasicos [36m304[0m 381.148 ms - -[0m
2024-08-20 12:47:35 info: [0mGET /api/roles/getRoles [36m304[0m 58.224 ms - -[0m
2024-08-20 12:47:35 info: [0mGET /api/contenido/leerContenidosBasicos [36m304[0m 370.419 ms - -[0m
2024-08-20 14:27:43 info: [0mGET /api/roles/getRoles [36m304[0m 64.478 ms - -[0m
2024-08-20 14:27:43 info: [0mPOST /api/users/getUserById [32m200[0m 132.932 ms - 527[0m
2024-08-20 14:27:43 info: [0mPOST /api/users/getUserById [32m200[0m 131.383 ms - 527[0m
2024-08-20 14:27:43 info: [0mGET /api/roles/getRoles [36m304[0m 71.786 ms - -[0m
2024-08-20 14:27:43 info: [0mGET /api/roles/getRoles [36m304[0m 60.582 ms - -[0m
2024-08-20 14:27:44 info: [0mGET /api/roles/getRoles [36m304[0m 60.008 ms - -[0m
2024-08-20 14:27:44 info: [0mGET /api/contenido/leerContenidosBasicos [36m304[0m 468.792 ms - -[0m
2024-08-20 14:27:44 info: [0mGET /api/contenido/leerContenidosBasicos [36m304[0m 397.218 ms - -[0m
2024-08-20 14:27:47 info: [0mGET /api/roles/getRoles [36m304[0m 71.300 ms - -[0m
2024-08-20 14:27:48 info: [0mPOST /api/users/getUserById [32m200[0m 139.326 ms - 527[0m
2024-08-20 14:27:48 info: [0mPOST /api/users/getUserById [32m200[0m 132.620 ms - 527[0m
2024-08-20 14:27:48 info: [0mGET /api/roles/getRoles [36m304[0m 63.716 ms - -[0m
2024-08-20 14:27:48 info: [0mGET /api/roles/getRoles [36m304[0m 59.493 ms - -[0m
2024-08-20 14:27:48 info: [0mGET /api/roles/getRoles [36m304[0m 63.133 ms - -[0m
2024-08-20 14:27:48 info: [0mGET /api/contenido/leerContenidosBasicos [36m304[0m 376.192 ms - -[0m
2024-08-20 14:27:49 info: [0mGET /api/contenido/leerContenidosBasicos [36m304[0m 395.921 ms - -[0m
2024-08-20 14:30:30 info: [0mGET /api/roles/getRoles [36m304[0m 58.113 ms - -[0m
2024-08-20 14:30:30 info: [0mPOST /api/users/getUserById [32m200[0m 129.828 ms - 527[0m
2024-08-20 14:30:30 info: [0mGET /api/roles/getRoles [36m304[0m 68.582 ms - -[0m
2024-08-20 14:30:30 info: [0mPOST /api/users/getUserById [32m200[0m 124.310 ms - 527[0m
2024-08-20 14:30:30 info: [0mGET /api/roles/getRoles [36m304[0m 61.343 ms - -[0m
2024-08-20 14:30:31 info: [0mGET /api/roles/getRoles [36m304[0m 59.473 ms - -[0m
2024-08-20 14:31:54 info: [0mGET /api/roles/getRoles [36m304[0m 62.480 ms - -[0m
2024-08-20 14:31:54 info: [0mPOST /api/users/getUserById [32m200[0m 119.916 ms - 527[0m
2024-08-20 14:31:54 info: [0mGET /api/roles/getRoles [36m304[0m 61.648 ms - -[0m
2024-08-20 14:31:54 info: [0mPOST /api/users/getUserById [32m200[0m 119.883 ms - 527[0m
2024-08-20 14:31:54 info: [0mGET /api/roles/getRoles [36m304[0m 59.208 ms - -[0m
2024-08-20 14:31:54 info: [0mGET /api/roles/getRoles [36m304[0m 59.528 ms - -[0m
2024-08-20 14:32:05 info: [0mGET /api/roles/getRoles [36m304[0m 67.028 ms - -[0m
2024-08-20 14:32:05 info: [0mPOST /api/users/getUserById [32m200[0m 144.302 ms - 527[0m
2024-08-20 14:32:06 info: [0mGET /api/roles/getRoles [36m304[0m 63.135 ms - -[0m
2024-08-20 14:32:06 info: [0mPOST /api/users/getUserById [32m200[0m 124.071 ms - 527[0m
2024-08-20 14:32:06 info: [0mGET /api/roles/getRoles [36m304[0m 64.176 ms - -[0m
2024-08-20 14:32:06 info: [0mGET /api/roles/getRoles [36m304[0m 68.217 ms - -[0m
2024-08-20 14:32:42 info: [0mGET /api/roles/getRoles [36m304[0m 59.642 ms - -[0m
2024-08-20 14:32:42 info: [0mPOST /api/users/getUserById [32m200[0m 130.678 ms - 527[0m
2024-08-20 14:32:42 info: [0mPOST /api/users/getUserById [32m200[0m 126.292 ms - 527[0m
2024-08-20 14:32:42 info: [0mGET /api/roles/getRoles [36m304[0m 58.511 ms - -[0m
2024-08-20 14:32:42 info: [0mGET /api/roles/getRoles [36m304[0m 60.125 ms - -[0m
2024-08-20 14:32:42 info: [0mGET /api/roles/getRoles [36m304[0m 58.481 ms - -[0m
2024-08-20 14:32:47 info: [0mGET /api/roles/getRoles [36m304[0m 69.145 ms - -[0m
2024-08-20 14:32:47 info: [0mGET /api/roles/getRoles [36m304[0m 61.464 ms - -[0m
2024-08-20 14:32:47 info: [0mPOST /api/users/getUserById [32m200[0m 124.243 ms - 527[0m
2024-08-20 14:32:47 info: [0mPOST /api/users/getUserById [32m200[0m 129.406 ms - 527[0m
2024-08-20 14:32:47 info: [0mGET /api/roles/getRoles [36m304[0m 60.167 ms - -[0m
2024-08-20 14:32:47 info: [0mGET /api/roles/getRoles [36m304[0m 68.848 ms - -[0m
2024-08-20 14:33:12 info: [0mGET /api/roles/getRoles [36m304[0m 68.745 ms - -[0m
2024-08-20 14:33:12 info: [0mPOST /api/users/getUserById [32m200[0m 127.363 ms - 527[0m
2024-08-20 14:33:12 info: [0mPOST /api/users/getUserById [32m200[0m 128.592 ms - 527[0m
2024-08-20 14:33:12 info: [0mGET /api/roles/getRoles [36m304[0m 86.791 ms - -[0m
2024-08-20 14:33:13 info: [0mGET /api/contenido/leerContenidosBasicos [36m304[0m 424.796 ms - -[0m
2024-08-20 14:33:13 info: [0mGET /api/roles/getRoles [36m304[0m 93.858 ms - -[0m
2024-08-20 14:33:13 info: [0mGET /api/roles/getRoles [36m304[0m 57.696 ms - -[0m
2024-08-20 14:33:13 info: [0mGET /api/contenido/leerContenidosBasicos [36m304[0m 366.431 ms - -[0m
2024-08-20 14:33:23 info: [0mGET /api/roles/getRoles [36m304[0m 59.996 ms - -[0m
2024-08-20 14:33:23 info: [0mPOST /api/users/getUserById [32m200[0m 131.728 ms - 527[0m
2024-08-20 14:33:23 info: [0mGET /api/roles/getRoles [36m304[0m 64.278 ms - -[0m
2024-08-20 14:33:23 info: [0mPOST /api/users/getUserById [32m200[0m 132.779 ms - 527[0m
2024-08-20 14:33:23 info: [0mGET /api/roles/getRoles [36m304[0m 70.197 ms - -[0m
2024-08-20 14:33:24 info: [0mGET /api/roles/getRoles [36m304[0m 63.950 ms - -[0m
2024-08-20 14:33:24 info: [0mGET /api/contenido/leerContenidosBasicos [36m304[0m 464.339 ms - -[0m
2024-08-20 14:33:24 info: [0mGET /api/contenido/leerContenidosBasicos [36m304[0m 389.835 ms - -[0m
2024-08-20 14:36:32 info: =================================
2024-08-20 14:36:32 info: ======= ENV: development =======
2024-08-20 14:36:32 info: 🚀 App listening on the port 5212
2024-08-20 14:36:32 info: =================================
2024-08-20 14:38:03 info: [0mGET /main.43b77e0d80fa88567799.hot-update.json [32m200[0m 47.248 ms - 919[0m
2024-08-20 14:38:05 info: [0mGET /api/roles/getRoles [32m200[0m 90.094 ms - 444[0m
2024-08-20 14:38:05 info: [0mGET /api/roles/getRoles [36m304[0m 69.042 ms - -[0m
2024-08-20 14:38:05 info: [0mGET /api/roles/getRoles [36m304[0m 72.498 ms - -[0m
2024-08-20 14:38:05 info: [0mGET /api/roles/getRoles [36m304[0m 68.845 ms - -[0m
2024-08-20 14:38:06 info: [0mGET /api/roles/getRoles [36m304[0m 118.717 ms - -[0m
2024-08-20 14:38:06 info: [0mPOST /api/users/getUserById [32m200[0m 269.380 ms - 527[0m
2024-08-20 14:38:06 info: [0mPOST /api/users/getUserById [32m200[0m 127.359 ms - 527[0m
2024-08-20 14:38:06 info: [0mGET /api/roles/getRoles [36m304[0m 73.638 ms - -[0m
2024-08-20 14:38:06 info: [0mGET /api/roles/getRoles [36m304[0m 63.833 ms - -[0m
2024-08-20 14:38:06 info: [0mGET /api/roles/getRoles [36m304[0m 71.973 ms - -[0m
2024-08-20 14:38:06 info: [0mGET /api/contenido/leerContenidosBasicos [36m304[0m 478.289 ms - -[0m
2024-08-20 14:38:07 info: [0mGET /api/contenido/leerContenidosBasicos [36m304[0m 432.574 ms - -[0m
2024-08-20 14:38:21 info: [0mGET /api/roles/getRoles [36m304[0m 81.748 ms - -[0m
2024-08-20 14:38:22 info: [0mGET /api/roles/getRoles [36m304[0m 60.892 ms - -[0m
2024-08-20 14:38:22 info: [0mGET /api/roles/getRoles [36m304[0m 59.662 ms - -[0m
2024-08-20 14:38:22 info: [0mGET /api/roles/getRoles [36m304[0m 58.609 ms - -[0m
2024-08-20 14:38:33 info: [0mGET / [32m200[0m 2.716 ms - 919[0m
2024-08-20 14:38:34 info: [0mGET /static/css/main.050d2dee.css [32m200[0m 35.901 ms - -[0m
2024-08-20 14:38:34 info: [0mGET /static/js/main.e4c50bab.js [32m200[0m 168.618 ms - -[0m
2024-08-20 14:38:34 info: [0mGET /static/js/22.7358c59f.chunk.js [32m200[0m 13.679 ms - 831[0m
2024-08-20 14:38:34 info: [0mGET /assets/icon/uread/uread_logo_transparente.png [32m200[0m 8.928 ms - 148295[0m
2024-08-20 14:38:34 info: [0mGET /api/roles/getRoles [32m200[0m 82.814 ms - 444[0m
2024-08-20 14:38:34 info: [0mGET /assets/images/einstein.svg [32m200[0m 16.690 ms - -[0m
2024-08-20 14:38:34 info: [0mGET /static/media/uread-bg.3641732f25b237933187.jpg [32m200[0m 11.020 ms - 27265[0m
2024-08-20 14:38:34 info: [0mGET /static/media/arcoiris_.48d4c4af2cb79297c22b.jpg [32m200[0m 14.674 ms - 29472[0m
2024-08-20 14:38:34 info: [0mGET /assets/icon/uread/uread_logo_violet.png [32m200[0m 16.603 ms - 47403[0m
2024-08-20 14:38:34 info: [0mGET /static/js/272.8c717504.chunk.js [32m200[0m 20.400 ms - -[0m
2024-08-20 14:38:34 info: [0mGET /static/js/186.89271e25.chunk.js [32m200[0m 19.666 ms - -[0m
2024-08-20 14:38:34 info: [0mGET /api/roles/getRoles [36m304[0m 59.793 ms - -[0m
2024-08-20 14:44:48 info: [0mGET /api/roles/getRoles [36m304[0m 59.218 ms - -[0m
2024-08-20 14:44:48 info: [0mGET /api/roles/getRoles [36m304[0m 60.307 ms - -[0m
2024-08-20 14:44:48 info: [0mGET /api/roles/getRoles [36m304[0m 59.427 ms - -[0m
2024-08-20 14:44:48 info: [0mGET /api/roles/getRoles [36m304[0m 60.808 ms - -[0m
2024-08-20 15:00:26 info: [0mGET / [32m200[0m 2.024 ms - 919[0m
2024-08-20 15:00:26 info: [0mGET /static/css/main.08849448.css [32m200[0m 1.457 ms - -[0m
2024-08-20 15:00:26 info: [0mGET /static/js/main.0f103826.js [32m200[0m 2.623 ms - -[0m
2024-08-20 15:00:26 info: [0mGET /static/js/22.7358c59f.chunk.js [32m200[0m 1.778 ms - 830[0m
2024-08-20 15:00:26 info: [0mGET /assets/icon/uread/uread_logo_transparente.png [32m200[0m 9.647 ms - 148295[0m
2024-08-20 15:00:26 info: [0mGET /static/js/272.8c717504.chunk.js [32m200[0m 1.599 ms - -[0m
2024-08-20 15:00:26 info: [0mGET /static/js/186.89271e25.chunk.js [32m200[0m 1.171 ms - -[0m
2024-08-20 15:00:26 info: [0mGET /api/roles/getRoles [36m304[0m 66.099 ms - -[0m
2024-08-20 15:00:26 info: [0mGET /api/roles/getRoles [36m304[0m 62.399 ms - -[0m
2024-08-20 15:00:46 info: [0mGET /api/roles/getRoles [36m304[0m 61.731 ms - -[0m
2024-08-20 15:00:46 info: [0mPOST /api/users/getUserById [32m200[0m 137.048 ms - 527[0m
2024-08-20 15:00:47 info: [0mGET /api/roles/getRoles [36m304[0m 69.411 ms - -[0m
2024-08-20 15:00:47 info: [0mPOST /api/users/getUserById [32m200[0m 134.864 ms - 527[0m
2024-08-20 15:00:47 info: [0mGET /api/roles/getRoles [36m304[0m 75.383 ms - -[0m
2024-08-20 15:00:47 info: [0mGET /api/roles/getRoles [36m304[0m 71.881 ms - -[0m
2024-08-20 15:00:47 info: [0mGET /api/contenido/leerContenidosBasicos [36m304[0m 558.129 ms - -[0m
2024-08-20 15:00:48 info: [0mGET /api/contenido/leerContenidosBasicos [36m304[0m 409.597 ms - -[0m
2024-08-20 15:00:50 info: [0mGET /api/roles/getRoles [36m304[0m 69.591 ms - -[0m
2024-08-20 15:00:50 info: [0mPOST /api/users/getUserById [32m200[0m 126.107 ms - 527[0m
2024-08-20 15:00:50 info: [0mPOST /api/users/getUserById [32m200[0m 134.858 ms - 527[0m
2024-08-20 15:00:50 info: [0mGET /api/roles/getRoles [36m304[0m 70.150 ms - -[0m
2024-08-20 15:00:50 info: [0mGET /api/roles/getRoles [36m304[0m 73.397 ms - -[0m
2024-08-20 15:00:50 info: [0mGET /api/roles/getRoles [36m304[0m 62.521 ms - -[0m
2024-08-20 15:00:51 info: [0mGET /api/contenido/leerContenidosBasicos [36m304[0m 405.067 ms - -[0m
2024-08-20 15:00:51 info: [0mGET /api/contenido/leerContenidosBasicos [36m304[0m 387.086 ms - -[0m
2024-08-20 15:00:56 info: [0mGET /api/roles/getRoles [36m304[0m 66.207 ms - -[0m
2024-08-20 15:00:56 info: [0mPOST /api/users/getUserById [32m200[0m 131.853 ms - 527[0m
2024-08-20 15:00:56 info: [0mPOST /api/users/getUserById [32m200[0m 124.126 ms - 527[0m
2024-08-20 15:00:56 info: [0mGET /api/roles/getRoles [36m304[0m 61.263 ms - -[0m
2024-08-20 15:00:56 info: [0mGET /api/roles/getRoles [36m304[0m 63.071 ms - -[0m
2024-08-20 15:00:56 info: [0mGET /api/roles/getRoles [36m304[0m 63.913 ms - -[0m
2024-08-20 15:00:56 info: [0mGET /api/contenido/leerContenidosBasicos [36m304[0m 383.155 ms - -[0m
2024-08-20 15:00:57 info: [0mGET /api/contenido/leerContenidosBasicos [36m304[0m 366.012 ms - -[0m
2024-08-20 15:01:21 info: [0mGET /api/roles/getRoles [36m304[0m 62.222 ms - -[0m
2024-08-20 15:01:21 info: [0mPOST /api/users/getUserById [32m200[0m 132.510 ms - 527[0m
2024-08-20 15:01:21 info: [0mPOST /api/users/getUserById [32m200[0m 130.212 ms - 527[0m
2024-08-20 15:01:21 info: [0mGET /api/roles/getRoles [36m304[0m 66.354 ms - -[0m
2024-08-20 15:01:21 info: [0mGET /api/roles/getRoles [36m304[0m 66.026 ms - -[0m
2024-08-20 15:01:21 info: [0mGET /api/roles/getRoles [36m304[0m 64.630 ms - -[0m
2024-08-20 15:01:22 info: [0mGET /api/contenido/leerContenidosBasicos [36m304[0m 422.908 ms - -[0m
2024-08-20 16:25:26 info: [0mGET /api/roles/getRoles [32m200[0m 81.470 ms - 444[0m
2024-08-20 16:25:26 info: [0mGET /api/roles/getRoles [36m304[0m 59.408 ms - -[0m
2024-08-20 16:25:26 info: [0mGET /api/roles/getRoles [36m304[0m 58.283 ms - -[0m
2024-08-20 16:25:27 info: [0mGET /api/roles/getRoles [36m304[0m 79.907 ms - -[0m
2024-08-20 16:55:57 info: [0mGET /api/roles/getRoles [36m304[0m 63.002 ms - -[0m
2024-08-20 16:55:57 info: [0mGET /api/roles/getRoles [36m304[0m 59.081 ms - -[0m
2024-08-20 16:55:57 info: [0mGET /api/roles/getRoles [36m304[0m 59.814 ms - -[0m
2024-08-20 16:55:57 info: [0mGET /api/roles/getRoles [36m304[0m 60.184 ms - -[0m
2024-08-20 16:55:59 info: [0mGET /api/roles/getRoles [36m304[0m 60.641 ms - -[0m
2024-08-20 16:55:59 info: [0mGET /api/roles/getRoles [36m304[0m 59.633 ms - -[0m
2024-08-20 16:56:00 info: [0mGET /api/roles/getRoles [36m304[0m 71.582 ms - -[0m
2024-08-20 16:56:00 info: [0mGET /api/roles/getRoles [36m304[0m 57.715 ms - -[0m
2024-08-20 17:01:10 info: [0mGET /api/roles/getRoles [36m304[0m 59.258 ms - -[0m
2024-08-20 17:01:12 info: [0mGET /api/roles/getRoles [36m304[0m 58.073 ms - -[0m
2024-08-20 17:01:25 error: [POST] /api/login >> StatusCode:: 409, Message:: Contraseña incorrecta
2024-08-20 17:01:25 info: [0mPOST /api/login [33m409[0m 249.824 ms - 36[0m
2024-08-20 17:01:31 info: [0mPOST /api/login [32m200[0m 194.785 ms - 782[0m
2024-08-20 17:01:33 info: [0mGET /api/contenido/leerContenidosBasicos [32m200[0m 400.000 ms - -[0m
2024-08-20 17:13:49 info: [0mGET /api/roles/getRoles [36m304[0m 61.174 ms - -[0m
2024-08-20 17:13:49 info: [0mPOST /api/users/getUserById [32m200[0m 117.154 ms - 527[0m
2024-08-20 17:13:49 info: [0mGET /api/roles/getRoles [36m304[0m 57.234 ms - -[0m
2024-08-20 17:13:49 info: [0mPOST /api/users/getUserById [32m200[0m 118.547 ms - 527[0m
2024-08-20 17:13:49 info: [0mGET /api/roles/getRoles [36m304[0m 58.272 ms - -[0m
2024-08-20 17:13:49 info: [0mGET /api/contenido/leerContenidosBasicos [36m304[0m 371.012 ms - -[0m
2024-08-20 17:13:49 info: [0mGET /api/roles/getRoles [36m304[0m 59.380 ms - -[0m
2024-08-20 17:13:50 info: [0mGET /api/contenido/leerContenidosBasicos [36m304[0m 369.696 ms - -[0m
2024-08-20 17:18:48 info: [0mGET /api/roles/getRoles [36m304[0m 62.285 ms - -[0m
2024-08-20 17:18:48 info: [0mPOST /api/users/getUserById [32m200[0m 125.630 ms - 527[0m
2024-08-20 17:18:48 info: [0mGET /api/roles/getRoles [36m304[0m 57.735 ms - -[0m
2024-08-20 17:18:48 info: [0mPOST /api/users/getUserById [32m200[0m 121.636 ms - 527[0m
2024-08-20 17:18:49 info: [0mGET /api/contenido/leerContenidosBasicos [36m304[0m 371.632 ms - -[0m
2024-08-20 17:18:49 info: [0mGET /api/roles/getRoles [36m304[0m 68.666 ms - -[0m
2024-08-20 17:18:49 info: [0mGET /api/roles/getRoles [36m304[0m 58.624 ms - -[0m
2024-08-20 17:18:50 info: [0mGET /api/contenido/leerContenidosBasicos [36m304[0m 369.560 ms - -[0m
2024-08-20 17:20:47 info: [0mGET /api/roles/getRoles [36m304[0m 60.569 ms - -[0m
2024-08-20 17:20:47 info: [0mPOST /api/users/getUserById [32m200[0m 120.349 ms - 527[0m
2024-08-20 17:20:47 info: [0mGET /api/roles/getRoles [36m304[0m 61.782 ms - -[0m
2024-08-20 17:20:47 info: [0mPOST /api/users/getUserById [32m200[0m 129.346 ms - 527[0m
2024-08-20 17:20:48 info: [0mGET /api/roles/getRoles [36m304[0m 92.125 ms - -[0m
2024-08-20 17:20:48 info: [0mGET /api/contenido/leerContenidosBasicos [36m304[0m 411.317 ms - -[0m
2024-08-20 17:20:48 info: [0mGET /api/roles/getRoles [36m304[0m 58.811 ms - -[0m
2024-08-20 17:20:49 info: [0mGET /api/contenido/leerContenidosBasicos [36m304[0m 374.199 ms - -[0m
2024-08-20 17:20:52 info: [0mGET /api/roles/getRoles [36m304[0m 61.930 ms - -[0m
2024-08-20 17:20:52 info: [0mPOST /api/users/getUserById [32m200[0m 125.493 ms - 527[0m
2024-08-20 17:20:52 info: [0mPOST /api/users/getUserById [32m200[0m 123.595 ms - 527[0m
2024-08-20 17:20:52 info: [0mGET /api/roles/getRoles [36m304[0m 59.715 ms - -[0m
2024-08-20 17:20:52 info: [0mGET /api/roles/getRoles [36m304[0m 60.213 ms - -[0m
2024-08-20 17:20:52 info: [0mGET /api/roles/getRoles [36m304[0m 59.368 ms - -[0m
2024-08-20 17:20:53 info: [0mGET /api/contenido/leerContenidosBasicos [36m304[0m 367.406 ms - -[0m
2024-08-20 17:20:53 info: [0mGET /api/contenido/leerContenidosBasicos [36m304[0m 383.172 ms - -[0m
2024-08-20 17:21:19 info: [0mGET /api/roles/getRoles [36m304[0m 58.905 ms - -[0m
2024-08-20 17:21:19 info: [0mPOST /api/users/getUserById [32m200[0m 124.495 ms - 527[0m
2024-08-20 17:21:19 info: [0mGET /api/roles/getRoles [36m304[0m 57.084 ms - -[0m
2024-08-20 17:21:19 info: [0mPOST /api/users/getUserById [32m200[0m 118.053 ms - 527[0m
2024-08-20 17:21:20 info: [0mGET /api/roles/getRoles [36m304[0m 58.151 ms - -[0m
2024-08-20 17:21:20 info: [0mGET /api/contenido/leerContenidosBasicos [36m304[0m 381.914 ms - -[0m
2024-08-20 17:21:20 info: [0mGET /api/roles/getRoles [36m304[0m 59.689 ms - -[0m
2024-08-20 17:21:21 info: [0mGET /api/contenido/leerContenidosBasicos [36m304[0m 368.743 ms - -[0m
2024-08-20 17:21:42 info: [0mGET /api/roles/getRoles [36m304[0m 68.500 ms - -[0m
2024-08-20 17:21:42 info: [0mPOST /api/users/getUserById [32m200[0m 121.860 ms - 527[0m
2024-08-20 17:21:42 info: [0mPOST /api/users/getUserById [32m200[0m 118.128 ms - 527[0m
2024-08-20 17:21:42 info: [0mGET /api/roles/getRoles [36m304[0m 57.990 ms - -[0m
2024-08-20 17:21:43 info: [0mGET /api/contenido/leerContenidosBasicos [36m304[0m 370.975 ms - -[0m
2024-08-20 17:21:43 info: [0mGET /api/roles/getRoles [36m304[0m 64.562 ms - -[0m
2024-08-20 17:21:43 info: [0mGET /api/roles/getRoles [36m304[0m 58.379 ms - -[0m
2024-08-20 17:21:43 info: [0mGET /api/contenido/leerContenidosBasicos [36m304[0m 377.535 ms - -[0m
2024-08-20 17:26:30 info: [0mGET /api/roles/getRoles [36m304[0m 70.010 ms - -[0m
2024-08-20 17:26:30 info: [0mPOST /api/users/getUserById [32m200[0m 132.483 ms - 527[0m
2024-08-20 17:26:30 info: [0mPOST /api/users/getUserById [32m200[0m 127.206 ms - 527[0m
2024-08-20 17:26:30 info: [0mGET /api/roles/getRoles [36m304[0m 67.758 ms - -[0m
2024-08-20 17:26:30 info: [0mGET /api/roles/getRoles [36m304[0m 59.227 ms - -[0m
2024-08-20 17:26:30 info: [0mGET /api/roles/getRoles [36m304[0m 60.179 ms - -[0m
2024-08-20 17:26:30 info: [0mGET /api/contenido/leerContenidosBasicos [36m304[0m 378.303 ms - -[0m
2024-08-20 17:28:24 info: [0mGET /api/roles/getRoles [36m304[0m 68.893 ms - -[0m
2024-08-20 17:28:24 info: [0mPOST /api/users/getUserById [32m200[0m 129.876 ms - 527[0m
2024-08-20 17:28:24 info: [0mGET /api/roles/getRoles [36m304[0m 64.447 ms - -[0m
2024-08-20 17:28:24 info: [0mPOST /api/users/getUserById [32m200[0m 121.792 ms - 527[0m
2024-08-20 17:28:25 info: [0mGET /api/contenido/leerContenidosBasicos [36m304[0m 385.060 ms - -[0m
2024-08-20 17:28:25 info: [0mGET /api/roles/getRoles [36m304[0m 79.072 ms - -[0m
2024-08-20 17:28:25 info: [0mGET /api/roles/getRoles [36m304[0m 58.911 ms - -[0m
2024-08-20 17:28:26 info: [0mGET /api/contenido/leerContenidosBasicos [36m304[0m 360.913 ms - -[0m
2024-08-20 17:28:34 info: [0mGET /api/roles/getRoles [36m304[0m 61.877 ms - -[0m
2024-08-20 17:28:34 info: [0mPOST /api/users/getUserById [32m200[0m 119.200 ms - 527[0m
2024-08-20 17:28:34 info: [0mPOST /api/users/getUserById [32m200[0m 120.331 ms - 527[0m
2024-08-20 17:28:34 info: [0mGET /api/roles/getRoles [36m304[0m 60.955 ms - -[0m
2024-08-20 17:28:34 info: [0mGET /api/roles/getRoles [36m304[0m 59.828 ms - -[0m
2024-08-20 17:28:34 info: [0mGET /api/roles/getRoles [36m304[0m 61.550 ms - -[0m
2024-08-20 17:28:34 info: [0mGET /api/contenido/leerContenidosBasicos [36m304[0m 388.087 ms - -[0m
2024-08-20 17:28:35 info: [0mGET /api/contenido/leerContenidosBasicos [36m304[0m 381.263 ms - -[0m
