2024-08-27 21:51:40 info: =================================
2024-08-27 21:51:40 info: ======= ENV: development =======
2024-08-27 21:51:40 info: 🚀 App listening on the port 5212
2024-08-27 21:51:40 info: =================================
2024-08-27 21:52:27 info: [0mGET /api/contenido/leerContenidosBasicos [36m304[0m 631.726 ms - -[0m
2024-08-27 21:53:31 info: =================================
2024-08-27 21:53:31 info: ======= ENV: development =======
2024-08-27 21:53:31 info: 🚀 App listening on the port 5212
2024-08-27 21:53:31 info: =================================
2024-08-27 21:54:55 info: [0mGET /api/contenido/leerContenidosBasicos [36m304[0m 588.282 ms - -[0m
2024-08-27 21:55:01 info: [0mGET /api/contenido/leerContenidosBasicos [36m304[0m 545.772 ms - -[0m
2024-08-27 21:57:46 info: [0mGET /api/roles/getRoles [32m200[0m 74.926 ms - 444[0m
2024-08-27 21:57:46 info: [0mGET /api/roles/getRoles [36m304[0m 72.029 ms - -[0m
2024-08-27 21:59:16 info: [0mGET /api/roles/getRoles [36m304[0m 86.175 ms - -[0m
2024-08-27 22:04:08 info: [0mGET /api/roles/getRoles [36m304[0m 75.766 ms - -[0m
2024-08-27 22:05:13 info: [0mPOST /api/signup [32m201[0m 779.716 ms - 582[0m
2024-08-27 22:05:15 error: undefined
2024-08-27 22:05:17 info: [0mGET /api/roles/getRoles [36m304[0m 96.025 ms - -[0m
2024-08-27 22:05:29 info: [0mPOST /api/login [32m200[0m 328.113 ms - 738[0m
2024-08-27 22:05:29 info: [0mGET /api/contenido/leerContenidosBasicos [36m304[0m 558.425 ms - -[0m
2024-08-27 22:05:38 info: [0mGET /api/users/getUsers [32m200[0m 554.915 ms - -[0m
2024-08-27 22:05:38 info: [0mGET /api/users/getUsers [36m304[0m 507.520 ms - -[0m
2024-08-27 22:05:39 info: [0mGET /api/users/getUsers [36m304[0m 471.302 ms - -[0m
2024-08-27 22:05:40 info: [0mGET /api/users/getUsers [36m304[0m 464.311 ms - -[0m
2024-08-27 22:05:55 info: [0mGET /api/roles/getRoles [36m304[0m 72.774 ms - -[0m
2024-08-27 22:05:55 info: [0mGET /api/roles/getRoles [36m304[0m 72.890 ms - -[0m
2024-08-27 22:06:07 info: [0mPOST /api/login [32m200[0m 310.988 ms - 738[0m
2024-08-27 22:06:08 info: [0mGET /api/contenido/leerContenidosBasicos [36m304[0m 497.565 ms - -[0m
