2024-09-30 13:26:38 info: =================================
2024-09-30 13:26:38 info: ======= ENV: development =======
2024-09-30 13:26:38 info: 🚀 App listening on the port 5212
2024-09-30 13:26:38 info: =================================
2024-09-30 13:26:47 info: [0mPOST /api/contenido/crearContenido [32m200[0m 4121.033 ms - 439[0m
2024-09-30 13:27:54 info: =================================
2024-09-30 13:27:54 info: ======= ENV: development =======
2024-09-30 13:27:54 info: 🚀 App listening on the port 5212
2024-09-30 13:27:54 info: =================================
2024-09-30 13:27:58 info: [0mPOST /api/contenido/crearContenido [32m200[0m 3399.133 ms - 439[0m
2024-09-30 22:58:34 info: =================================
2024-09-30 22:58:34 info: ======= ENV: development =======
2024-09-30 22:58:34 info: 🚀 App listening on the port 5212
2024-09-30 22:58:34 info: =================================
2024-09-30 22:58:51 info: [0mPOST /api/contenido/crearContenido [32m200[0m 3625.979 ms - 33[0m
2024-09-30 22:59:52 info: =================================
2024-09-30 22:59:52 info: ======= ENV: development =======
2024-09-30 22:59:52 info: 🚀 App listening on the port 5212
2024-09-30 22:59:52 info: =================================
2024-09-30 23:00:11 info: [0mPOST /api/contenido/crearContenido [32m200[0m 3848.349 ms - 33[0m
2024-09-30 23:03:25 info: =================================
2024-09-30 23:03:25 info: ======= ENV: development =======
2024-09-30 23:03:25 info: 🚀 App listening on the port 5212
2024-09-30 23:03:25 info: =================================
2024-09-30 23:04:23 info: [0mPOST /api/contenido/crearContenido [32m200[0m 3751.742 ms - 33[0m
2024-09-30 23:04:26 info: [0mGET /api/roles/getRoles [32m200[0m 89.430 ms - 582[0m
2024-09-30 23:04:26 info: [0mGET /api/niveles/leerNiveles [32m200[0m 88.872 ms - 291[0m
2024-09-30 23:04:26 info: [0mGET /api/roles/getRoles [36m304[0m 81.152 ms - -[0m
2024-09-30 23:04:27 info: [0mGET /api/contenido/leerContenidos [32m200[0m 801.256 ms - -[0m
2024-09-30 23:04:27 info: [0mGET /api/contenido/leerContenidosV2 [32m200[0m 73.535 ms - 46[0m
2024-09-30 23:04:27 info: [0mGET /api/users/getUsers [32m200[0m 930.881 ms - -[0m
2024-09-30 23:04:55 info: [0mPOST /api/contenido/crearContenido [32m200[0m 2531.824 ms - 33[0m
2024-09-30 23:05:58 info: =================================
2024-09-30 23:05:58 info: ======= ENV: development =======
2024-09-30 23:05:58 info: 🚀 App listening on the port 5212
2024-09-30 23:05:58 info: =================================
2024-09-30 23:06:11 info: [0mPOST /api/contenido/crearContenido [32m200[0m 2903.311 ms - 33[0m
2024-09-30 23:08:09 info: =================================
2024-09-30 23:08:09 info: ======= ENV: development =======
2024-09-30 23:08:09 info: 🚀 App listening on the port 5212
2024-09-30 23:08:09 info: =================================
2024-09-30 23:08:21 info: [0mPOST /api/contenido/crearContenido [32m200[0m 3034.548 ms - 439[0m
2024-09-30 23:33:34 info: =================================
2024-09-30 23:33:34 info: ======= ENV: development =======
2024-09-30 23:33:34 info: 🚀 App listening on the port 5212
2024-09-30 23:33:34 info: =================================
2024-09-30 23:33:58 info: [0mPOST /api/contenido/crearContenido [32m200[0m 5434.158 ms - 439[0m
2024-09-30 23:36:01 info: =================================
2024-09-30 23:36:01 info: ======= ENV: development =======
2024-09-30 23:36:01 info: 🚀 App listening on the port 5212
2024-09-30 23:36:01 info: =================================
2024-09-30 23:36:49 info: [0mPOST /api/contenido/crearContenido [32m200[0m 3521.566 ms - 439[0m
2024-09-30 23:37:42 info: =================================
2024-09-30 23:37:42 info: ======= ENV: development =======
2024-09-30 23:37:42 info: 🚀 App listening on the port 5212
2024-09-30 23:37:42 info: =================================
2024-09-30 23:37:52 info: [0mPOST /api/contenido/crearContenido [32m200[0m 3204.303 ms - 439[0m
2024-09-30 23:38:15 info: =================================
2024-09-30 23:38:15 info: ======= ENV: development =======
2024-09-30 23:38:15 info: 🚀 App listening on the port 5212
2024-09-30 23:38:15 info: =================================
2024-09-30 23:51:36 info: =================================
2024-09-30 23:51:36 info: ======= ENV: development =======
2024-09-30 23:51:36 info: 🚀 App listening on the port 5212
2024-09-30 23:51:36 info: =================================
2024-09-30 23:53:18 info: [0mPOST /api/contenido/crearContenido [32m200[0m 7017.475 ms - 813[0m
2024-09-30 23:59:04 info: =================================
2024-09-30 23:59:04 info: ======= ENV: development =======
2024-09-30 23:59:04 info: 🚀 App listening on the port 5212
2024-09-30 23:59:04 info: =================================
2024-09-30 23:59:21 info: [0mPOST /api/contenido/crearContenido [32m200[0m 6547.887 ms - 797[0m
