2024-08-27 17:03:58 error: [POST] /api/login >> StatusCode:: 409, Message:: Contraseña incorrecta
2024-08-27 17:04:13 error: getaddrinfo ENOTFOUND mail.tesso.cl
2024-08-27 17:07:14 error: getaddrinfo ENOTFOUND mail.tesso.cl
2024-08-27 17:43:55 error: [POST] /api/login >> StatusCode:: 409, Message:: Email claudiasarithns@yahoo.es no encontrado
2024-08-27 18:52:29 error: getaddrinfo ENOTFOUND mail.tesso.cl
2024-08-27 18:52:36 error: [POST] /api/login >> StatusCode:: 409, Message:: Contraseña incorrecta
2024-08-27 18:53:34 error: getaddrinfo ENOTFOUND mail.tesso.cl
2024-08-27 18:54:26 error: [POST] /api/login >> StatusCode:: 409, Message:: Contraseña incorrecta
2024-08-27 18:54:33 error: getaddrinfo ENOTFOUND mail.tesso.cl
2024-08-27 18:54:46 error: [POST] /api/login >> StatusCode:: 409, Message:: Contraseña incorrecta
2024-08-27 18:55:42 error: getaddrinfo ENOTFOUND mail.tesso.cl
2024-08-27 18:57:14 error: [POST] /api/login >> StatusCode:: 409, Message:: Contraseña incorrecta
2024-08-27 18:57:17 error: [POST] /api/login >> StatusCode:: 409, Message:: Contraseña incorrecta
2024-08-27 18:57:24 error: getaddrinfo ENOTFOUND mail.tesso.cl
2024-08-27 18:59:45 error: getaddrinfo ENOTFOUND mail.tesso.cl
2024-08-27 19:21:06 error: getaddrinfo ENOTFOUND mail.tesso.cl
2024-08-27 19:30:09 error: [POST] /api/login >> StatusCode:: 409, Message:: Contraseña incorrecta
2024-08-27 19:31:37 error: [POST] /api/forgot-password >> StatusCode:: 409, Message:: Email maxito.2do@gmail.com no encontrado
2024-08-27 19:31:42 error: [POST] /api/forgot-password >> StatusCode:: 409, Message:: Email maxito.2do@gmail.com no encontrado
2024-08-27 19:31:43 error: [POST] /api/forgot-password >> StatusCode:: 409, Message:: Email maxito.2do@gmail.com no encontrado
2024-08-27 19:31:53 error: [POST] /api/forgot-password >> StatusCode:: 409, Message:: Email maxito.2do@gmail.com no encontrado
2024-08-27 19:31:54 error: [POST] /api/forgot-password >> StatusCode:: 409, Message:: Email maxito.2do@gmail.com no encontrado
2024-08-27 19:31:54 error: [POST] /api/forgot-password >> StatusCode:: 409, Message:: Email maxito.2do@gmail.com no encontrado
2024-08-27 19:31:54 error: [POST] /api/forgot-password >> StatusCode:: 409, Message:: Email maxito.2do@gmail.com no encontrado
2024-08-27 19:31:55 error: [POST] /api/forgot-password >> StatusCode:: 409, Message:: Email maxito.2do@gmail.com no encontrado
2024-08-27 19:31:55 error: [POST] /api/forgot-password >> StatusCode:: 409, Message:: Email maxito.2do@gmail.com no encontrado
2024-08-27 19:31:55 error: [POST] /api/forgot-password >> StatusCode:: 409, Message:: Email maxito.2do@gmail.com no encontrado
2024-08-27 19:34:59 error: [POST] /api/login >> StatusCode:: 409, Message:: Contraseña incorrecta
2024-08-27 19:37:11 error: [POST] /api/login >> StatusCode:: 409, Message:: Contraseña incorrecta
2024-08-27 19:37:33 error: getaddrinfo ENOTFOUND mail.tesso.cl
2024-08-27 19:38:33 error: [POST] /api/login >> StatusCode:: 409, Message:: Contraseña incorrecta
2024-08-27 19:38:58 error: getaddrinfo ENOTFOUND mail.tesso.cl
2024-08-27 19:41:13 error: [POST] /api/login >> StatusCode:: 409, Message:: Contraseña incorrecta
2024-08-27 19:41:28 error: [POST] /api/login >> StatusCode:: 409, Message:: Contraseña incorrecta
2024-08-27 19:41:41 error: [POST] /api/login >> StatusCode:: 409, Message:: Contraseña incorrecta
2024-08-27 19:41:55 error: [POST] /api/login >> StatusCode:: 409, Message:: Contraseña incorrecta
2024-08-27 19:42:12 error: getaddrinfo ENOTFOUND mail.tesso.cl
2024-08-27 19:42:57 error: [POST] /api/login >> StatusCode:: 409, Message:: Email cecicompartiendo@gmail.com no encontrado
2024-08-27 19:43:07 error: [POST] /api/login >> StatusCode:: 409, Message:: Email cecicompartien2@gmail.com no encontrado
2024-08-27 19:45:32 error: [POST] /api/login >> StatusCode:: 409, Message:: Contraseña incorrecta
2024-08-27 19:45:51 error: [POST] /api/login >> StatusCode:: 409, Message:: Contraseña incorrecta
2024-08-27 19:46:15 error: getaddrinfo ENOTFOUND mail.tesso.cl
2024-08-27 19:48:25 error: [POST] /api/login >> StatusCode:: 409, Message:: Email maxito2do@gmail.com no encontrado
2024-08-27 19:50:08 error: [POST] /api/login >> StatusCode:: 409, Message:: Contraseña incorrecta
2024-08-27 19:50:49 error: getaddrinfo ENOTFOUND mail.tesso.cl
2024-08-27 19:50:57 error: [POST] /api/login >> StatusCode:: 409, Message:: Contraseña incorrecta
2024-08-27 20:03:18 error: [POST] /api/login >> StatusCode:: 409, Message:: Email maxito.2do@gmail.com no encontrado
2024-08-27 20:12:41 error: getaddrinfo ENOTFOUND mail.tesso.cl
