2024-08-26 00:07:19 info: [0mGET / [32m200[0m 3.684 ms - 919[0m
2024-08-26 00:07:20 info: [0mGET /assets/icon/uread/uread_logo_violet.png [32m200[0m 2.691 ms - 47403[0m
2024-08-26 01:38:47 info: [0mGET / [32m200[0m 3.871 ms - 919[0m
2024-08-26 02:01:15 info: [0mGET / [32m200[0m 3.191 ms - 919[0m
2024-08-26 02:01:23 info: [0mGET /assets/icon/uread/uread_logo_violet.png [32m200[0m 2.877 ms - 47403[0m
2024-08-26 04:00:36 info: [0mGET / [32m200[0m 4.100 ms - 919[0m
2024-08-26 04:37:00 info: [0mGET / [32m200[0m 2.894 ms - 919[0m
2024-08-26 04:37:00 info: [0mGET //wp-includes/wlwmanifest.xml [32m200[0m 4.715 ms - 919[0m
2024-08-26 04:37:01 info: [0mGET //xmlrpc.php?rsd [32m200[0m 3.468 ms - 919[0m
2024-08-26 04:37:01 info: [0mGET / [32m200[0m 4.996 ms - 919[0m
2024-08-26 04:37:01 info: [0mGET //blog/wp-includes/wlwmanifest.xml [32m200[0m 3.272 ms - 919[0m
2024-08-26 04:37:02 info: [0mGET //web/wp-includes/wlwmanifest.xml [32m200[0m 7.227 ms - 919[0m
2024-08-26 04:37:02 info: [0mGET //wordpress/wp-includes/wlwmanifest.xml [32m200[0m 2.919 ms - 919[0m
2024-08-26 04:37:02 info: [0mGET //website/wp-includes/wlwmanifest.xml [32m200[0m 3.377 ms - 919[0m
2024-08-26 04:37:03 info: [0mGET //wp/wp-includes/wlwmanifest.xml [32m200[0m 3.953 ms - 919[0m
2024-08-26 04:37:03 info: [0mGET //news/wp-includes/wlwmanifest.xml [32m200[0m 3.079 ms - 919[0m
2024-08-26 04:37:03 info: [0mGET //2018/wp-includes/wlwmanifest.xml [32m200[0m 2.871 ms - 919[0m
2024-08-26 04:37:04 info: [0mGET //2019/wp-includes/wlwmanifest.xml [32m200[0m 2.889 ms - 919[0m
2024-08-26 04:37:04 info: [0mGET //shop/wp-includes/wlwmanifest.xml [32m200[0m 4.316 ms - 919[0m
2024-08-26 04:37:04 info: [0mGET //wp1/wp-includes/wlwmanifest.xml [32m200[0m 3.588 ms - 919[0m
2024-08-26 04:37:05 info: [0mGET //test/wp-includes/wlwmanifest.xml [32m200[0m 3.993 ms - 919[0m
2024-08-26 04:37:05 info: [0mGET //media/wp-includes/wlwmanifest.xml [32m200[0m 3.737 ms - 919[0m
2024-08-26 04:37:05 info: [0mGET //wp2/wp-includes/wlwmanifest.xml [32m200[0m 3.155 ms - 919[0m
2024-08-26 04:37:06 info: [0mGET //site/wp-includes/wlwmanifest.xml [32m200[0m 4.423 ms - 919[0m
2024-08-26 04:37:06 info: [0mGET //cms/wp-includes/wlwmanifest.xml [32m200[0m 4.420 ms - 919[0m
2024-08-26 04:37:06 info: [0mGET //sito/wp-includes/wlwmanifest.xml [32m200[0m 4.116 ms - 919[0m
2024-08-26 05:59:54 info: [0mGET / [32m200[0m 4.198 ms - 919[0m
2024-08-26 05:59:55 info: [0mGET / [32m200[0m 2.662 ms - 919[0m
2024-08-26 05:59:55 info: [0mGET /static/js/main.e4c50bab.js [32m200[0m 3.176 ms - -[0m
2024-08-26 05:59:55 info: [0mGET /static/css/main.050d2dee.css [32m200[0m 6.111 ms - -[0m
2024-08-26 05:59:57 info: [0mGET /static/js/22.7358c59f.chunk.js [32m200[0m 3.153 ms - 830[0m
2024-08-26 05:59:57 info: [0mGET /api/roles/getRoles [32m200[0m 83.271 ms - 444[0m
2024-08-26 05:59:57 info: [0mGET /static/media/uread-bg.3641732f25b237933187.jpg [32m200[0m 3.358 ms - 27265[0m
2024-08-26 05:59:57 info: [0mGET /api/roles/getRoles [36m304[0m 76.420 ms - -[0m
2024-08-26 05:59:57 info: [0mGET /assets/icon/uread/uread_logo_transparente.png [32m200[0m 3.289 ms - 148295[0m
2024-08-26 05:59:57 info: [0mGET /static/media/arcoiris_.48d4c4af2cb79297c22b.jpg [32m200[0m 7.855 ms - 29472[0m
2024-08-26 05:59:57 info: [0mGET /assets/images/einstein.svg [32m200[0m 6.282 ms - -[0m
2024-08-26 05:59:57 info: [0mGET /static/js/272.8c717504.chunk.js [32m200[0m 3.362 ms - -[0m
2024-08-26 06:28:40 info: [0mGET / [32m200[0m 2.964 ms - 919[0m
2024-08-26 06:54:06 info: [0mGET / [32m200[0m 3.334 ms - 919[0m
2024-08-26 06:54:07 info: [0mGET / [32m200[0m 2.903 ms - 919[0m
2024-08-26 06:54:07 info: [0mGET /static/js/main.e4c50bab.js [32m200[0m 4.581 ms - -[0m
2024-08-26 06:54:07 info: [0mGET /static/css/main.050d2dee.css [32m200[0m 3.870 ms - -[0m
2024-08-26 06:54:08 info: [0mGET /static/js/22.7358c59f.chunk.js [32m200[0m 2.850 ms - 830[0m
2024-08-26 06:54:08 info: [0mGET /api/roles/getRoles [32m200[0m 76.285 ms - 444[0m
2024-08-26 06:54:09 info: [0mGET /static/media/uread-bg.3641732f25b237933187.jpg [32m200[0m 3.161 ms - 27265[0m
2024-08-26 06:54:09 info: [0mGET /api/roles/getRoles [36m304[0m 83.783 ms - -[0m
2024-08-26 06:54:09 info: [0mGET /assets/icon/uread/uread_logo_transparente.png [32m200[0m 9.495 ms - 148295[0m
2024-08-26 06:54:09 info: [0mGET /assets/images/einstein.svg [32m200[0m 11.753 ms - -[0m
2024-08-26 06:54:09 info: [0mGET /static/media/arcoiris_.48d4c4af2cb79297c22b.jpg [32m200[0m 2.987 ms - 29472[0m
2024-08-26 06:54:09 info: [0mGET /static/js/272.8c717504.chunk.js [32m200[0m 3.167 ms - -[0m
2024-08-26 07:37:43 info: [0mGET / [32m200[0m 3.757 ms - 919[0m
2024-08-26 07:37:48 info: [0mGET /assets/icon/uread/uread_logo_violet.png [32m200[0m 2.715 ms - 47403[0m
2024-08-26 08:11:16 info: [0mGET / [32m200[0m 4.533 ms - 919[0m
2024-08-26 08:30:02 info: [0mGET /sftp.json [32m200[0m 5.802 ms - 919[0m
2024-08-26 08:30:02 info: [0mGET /.config/sftp.json [32m200[0m 3.959 ms - 919[0m
2024-08-26 08:30:03 info: [0mGET /.vscode/sftp.json [32m200[0m 4.478 ms - 919[0m
2024-08-26 13:15:54 info: [0mGET /.well-known/traffic-advice [32m200[0m 4.666 ms - 919[0m
2024-08-26 13:15:54 info: [0mGET / [32m200[0m 3.606 ms - 919[0m
2024-08-26 13:34:25 info: [0mGET / [32m200[0m 2.508 ms - 919[0m
2024-08-26 13:34:26 info: [0mGET / [32m200[0m 5.278 ms - 919[0m
2024-08-26 13:34:26 info: [0mGET /static/js/main.e4c50bab.js [32m200[0m 3.720 ms - -[0m
2024-08-26 13:34:26 info: [0mGET /static/css/main.050d2dee.css [32m200[0m 3.960 ms - -[0m
2024-08-26 13:34:27 info: [0mGET /static/js/22.7358c59f.chunk.js [32m200[0m 3.612 ms - 830[0m
2024-08-26 13:34:27 info: [0mGET /api/roles/getRoles [32m200[0m 86.464 ms - 444[0m
2024-08-26 13:34:27 info: [0mGET /static/media/uread-bg.3641732f25b237933187.jpg [32m200[0m 3.581 ms - 27265[0m
2024-08-26 13:34:28 info: [0mGET /api/roles/getRoles [36m304[0m 82.030 ms - -[0m
2024-08-26 13:34:28 info: [0mGET /assets/icon/uread/uread_logo_transparente.png [32m200[0m 3.286 ms - 148295[0m
2024-08-26 13:34:28 info: [0mGET /static/media/arcoiris_.48d4c4af2cb79297c22b.jpg [32m200[0m 6.600 ms - 29472[0m
2024-08-26 13:34:28 info: [0mGET /assets/images/einstein.svg [32m200[0m 8.849 ms - -[0m
2024-08-26 13:34:28 info: [0mGET /static/js/272.8c717504.chunk.js [32m200[0m 3.467 ms - -[0m
2024-08-26 13:50:19 info: [0mGET / [32m200[0m 2.897 ms - 919[0m
2024-08-26 13:50:19 info: [0mGET /static/css/main.050d2dee.css [32m200[0m 20.132 ms - -[0m
2024-08-26 13:50:19 info: [0mGET /static/js/main.e4c50bab.js [32m200[0m 3.890 ms - -[0m
2024-08-26 13:50:21 info: [0mGET /static/js/22.7358c59f.chunk.js [32m200[0m 2.710 ms - 830[0m
2024-08-26 13:50:21 info: [0mGET /api/roles/getRoles [32m200[0m 76.946 ms - 444[0m
2024-08-26 13:50:21 info: [0mGET /static/media/arcoiris_.48d4c4af2cb79297c22b.jpg [32m200[0m 2.666 ms - 29472[0m
2024-08-26 13:50:21 info: [0mPOST /api/users/getUserById [32m200[0m 172.683 ms - 503[0m
2024-08-26 13:50:21 info: [0mGET /static/media/uread-bg.3641732f25b237933187.jpg [32m200[0m 11.498 ms - 27265[0m
2024-08-26 13:50:21 info: [0mGET /assets/icon/uread/uread_logo_transparente.png [32m200[0m 2.876 ms - 148295[0m
2024-08-26 13:50:21 info: [0mGET /assets/images/einstein.svg [32m200[0m 2.910 ms - -[0m
2024-08-26 13:50:21 info: [0mGET /api/roles/getRoles [36m304[0m 73.949 ms - -[0m
2024-08-26 13:50:21 info: [0mGET /static/js/272.8c717504.chunk.js [32m200[0m 2.953 ms - -[0m
2024-08-26 13:50:22 info: [0mGET /api/contenido/leerContenidosBasicos [32m200[0m 537.505 ms - -[0m
2024-08-26 13:50:22 info: [0mGET /manifest.json [32m200[0m 2.772 ms - 438[0m
2024-08-26 13:50:24 info: [0mGET /static/js/856.7f3de634.chunk.js [32m200[0m 3.374 ms - -[0m
2024-08-26 13:50:27 info: [0mGET /assets/images/languages/en.png [32m200[0m 7.154 ms - 9921[0m
2024-08-26 13:50:27 info: [0mGET /assets/images/languages/es.png [32m200[0m 7.589 ms - 21059[0m
2024-08-26 13:50:27 info: [0mGET /assets/icon/pdf-icon.png [32m200[0m 9.241 ms - 13978[0m
